2015-10-25 15:14:57.481  INFO 1 --- [main] ationConfigEmbeddedWebApplicationContext : Refreshing org.springframework.boot.context.embedded.AnnotationConfigEmbeddedWebApplicationContext@531c311e: startup date [Sun Oct 25 15:14:57 UTC 2015]; parent: org.springframework.context.annotation.AnnotationConfigApplicationContext@5276d6ee
2015-10-25 15:15:06.552  INFO 1 --- [main] o.s.b.f.s.DefaultListableBeanFactory     : Overriding bean definition for bean 'beanNameViewResolver': replacing [Root bean: class [null]; scope=; abstract=false; lazyInit=false; autowireMode=3; dependencyCheck=0; autowireCandidate=true; primary=false; factoryBeanName=org.springframework.boot.autoconfigure.web.ErrorMvcAutoConfiguration$WhitelabelErrorViewConfiguration; factoryMethodName=beanNameViewResolver; initMethodName=null; destroyMethodName=(inferred); defined in class path resource [org/springframework/boot/autoconfigure/web/ErrorMvcAutoConfiguration$WhitelabelErrorViewConfiguration.class]] with [Root bean: class [null]; scope=; abstract=false; lazyInit=false; autowireMode=3; dependencyCheck=0; autowireCandidate=true; primary=false; factoryBeanName=org.springframework.boot.autoconfigure.web.WebMvcAutoConfiguration$WebMvcAutoConfigurationAdapter; factoryMethodName=beanNameViewResolver; initMethodName=null; destroyMethodName=(inferred); defined in class path resource [org/springframework/boot/autoconfigure/web/WebMvcAutoConfiguration$WebMvcAutoConfigurationAdapter.class]]
2015-10-25 15:15:07.510  INFO 1 --- [main] o.s.b.f.config.PropertiesFactoryBean     : Loading properties file from URL [jar:file:/catalog-service/lib/spring-integration-core-4.1.2.RELEASE.jar!/META-INF/spring.integration.default.properties]
2015-10-25 15:15:07.589  INFO 1 --- [main] o.s.i.config.IntegrationRegistrar        : No bean named 'integrationHeaderChannelRegistry' has been explicitly defined. Therefore, a default DefaultHeaderChannelRegistry will be created.
2015-10-25 15:15:07.806  INFO 1 --- [main] o.s.b.f.s.DefaultListableBeanFactory     : Overriding bean definition for bean 'infoEndpoint': replacing [Root bean: class [null]; scope=; abstract=false; lazyInit=false; autowireMode=3; dependencyCheck=0; autowireCandidate=true; primary=false; factoryBeanName=org.springframework.boot.actuate.autoconfigure.EndpointAutoConfiguration; factoryMethodName=infoEndpoint; initMethodName=null; destroyMethodName=(inferred); defined in class path resource [org/springframework/boot/actuate/autoconfigure/EndpointAutoConfiguration.class]] with [Root bean: class [null]; scope=; abstract=false; lazyInit=false; autowireMode=3; dependencyCheck=0; autowireCandidate=true; primary=false; factoryBeanName=org.springframework.cloud.autoconfigure.RefreshAutoConfiguration$InfoEndpointRebinderConfiguration; factoryMethodName=infoEndpoint; initMethodName=null; destroyMethodName=(inferred); defined in class path resource [org/springframework/cloud/autoconfigure/RefreshAutoConfiguration$InfoEndpointRebinderConfiguration.class]]
2015-10-25 15:15:08.403  INFO 1 --- [main] o.s.b.f.s.DefaultListableBeanFactory     : Overriding bean definition for bean 'default.null.RibbonClientSpecification': replacing [Generic bean: class [org.springframework.cloud.netflix.ribbon.RibbonClientSpecification]; scope=; abstract=false; lazyInit=false; autowireMode=0; dependencyCheck=0; autowireCandidate=true; primary=false; factoryBeanName=null; factoryMethodName=null; initMethodName=null; destroyMethodName=null] with [Generic bean: class [org.springframework.cloud.netflix.ribbon.RibbonClientSpecification]; scope=; abstract=false; lazyInit=false; autowireMode=0; dependencyCheck=0; autowireCandidate=true; primary=false; factoryBeanName=null; factoryMethodName=null; initMethodName=null; destroyMethodName=null]
2015-10-25 15:15:11.794  INFO 1 --- [main] faultConfiguringBeanFactoryPostProcessor : No bean named 'errorChannel' has been explicitly defined. Therefore, a default PublishSubscribeChannel will be created.
2015-10-25 15:15:11.815  INFO 1 --- [main] faultConfiguringBeanFactoryPostProcessor : No bean named 'taskScheduler' has been explicitly defined. Therefore, a default ThreadPoolTaskScheduler will be created.
2015-10-25 15:15:11.987  INFO 1 --- [main] o.s.cloud.context.scope.GenericScope     : BeanFactory id=476da8ab-366b-3c90-a639-7ca5c5764072
2015-10-25 15:15:12.014  INFO 1 --- [main] f.a.AutowiredAnnotationBeanPostProcessor : JSR-330 'javax.inject.Inject' annotation found and supported for autowiring
2015-10-25 15:15:12.294  INFO 1 --- [main] trationDelegate$BeanPostProcessorChecker : Bean 'org.springframework.amqp.rabbit.annotation.RabbitBootstrapConfiguration' of type [class org.springframework.amqp.rabbit.annotation.RabbitBootstrapConfiguration$$EnhancerBySpringCGLIB$$5af812ab] is not eligible for getting processed by all BeanPostProcessors (for example: not eligible for auto-proxying)
2015-10-25 15:15:13.005  INFO 1 --- [main] trationDelegate$BeanPostProcessorChecker : Bean 'org.springframework.scheduling.annotation.SchedulingConfiguration' of type [class org.springframework.scheduling.annotation.SchedulingConfiguration$$EnhancerBySpringCGLIB$$c1e60558] is not eligible for getting processed by all BeanPostProcessors (for example: not eligible for auto-proxying)
2015-10-25 15:15:15.894  INFO 1 --- [main] o.s.b.f.config.PropertiesFactoryBean     : Loading properties file from URL [jar:file:/catalog-service/lib/spring-integration-core-4.1.2.RELEASE.jar!/META-INF/spring.integration.default.properties]
2015-10-25 15:15:15.899  INFO 1 --- [main] trationDelegate$BeanPostProcessorChecker : Bean 'integrationGlobalProperties' of type [class org.springframework.beans.factory.config.PropertiesFactoryBean] is not eligible for getting processed by all BeanPostProcessors (for example: not eligible for auto-proxying)
2015-10-25 15:15:15.913  INFO 1 --- [main] trationDelegate$BeanPostProcessorChecker : Bean 'integrationGlobalProperties' of type [class java.util.Properties] is not eligible for getting processed by all BeanPostProcessors (for example: not eligible for auto-proxying)
2015-10-25 15:15:16.325  INFO 1 --- [main] trationDelegate$BeanPostProcessorChecker : Bean 'messageBuilderFactory' of type [class org.springframework.integration.support.DefaultMessageBuilderFactory] is not eligible for getting processed by all BeanPostProcessors (for example: not eligible for auto-proxying)
2015-10-25 15:15:16.879  INFO 1 --- [main] trationDelegate$BeanPostProcessorChecker : Bean '(inner bean)#7342e05d' of type [class org.springframework.integration.channel.MessagePublishingErrorHandler] is not eligible for getting processed by all BeanPostProcessors (for example: not eligible for auto-proxying)
2015-10-25 15:15:16.901  INFO 1 --- [main] o.s.s.c.ThreadPoolTaskScheduler          : Initializing ExecutorService  'taskScheduler'
2015-10-25 15:15:16.910  INFO 1 --- [main] trationDelegate$BeanPostProcessorChecker : Bean 'taskScheduler' of type [class org.springframework.scheduling.concurrent.ThreadPoolTaskScheduler] is not eligible for getting processed by all BeanPostProcessors (for example: not eligible for auto-proxying)
2015-10-25 15:15:17.082  INFO 1 --- [main] trationDelegate$BeanPostProcessorChecker : Bean 'integrationHeaderChannelRegistry' of type [class org.springframework.integration.channel.DefaultHeaderChannelRegistry] is not eligible for getting processed by all BeanPostProcessors (for example: not eligible for auto-proxying)
2015-10-25 15:15:17.507  INFO 1 --- [main] trationDelegate$BeanPostProcessorChecker : Bean 'org.springframework.cloud.autoconfigure.RefreshAutoConfiguration$ConfigurationPropertiesRebinderConfiguration' of type [class org.springframework.cloud.autoconfigure.RefreshAutoConfiguration$ConfigurationPropertiesRebinderConfiguration$$EnhancerBySpringCGLIB$$42936f53] is not eligible for getting processed by all BeanPostProcessors (for example: not eligible for auto-proxying)
2015-10-25 15:15:21.495  INFO 1 --- [main] s.b.c.e.t.TomcatEmbeddedServletContainer : Tomcat initialized with port(s): 8090 (http)
2015-10-25 15:15:23.670  INFO 1 --- [main] o.apache.catalina.core.StandardService   : Starting service Tomcat
2015-10-25 15:15:23.750  INFO 1 --- [main] org.apache.catalina.core.StandardEngine  : Starting Servlet Engine: Apache Tomcat/8.0.23
2015-10-25 15:15:25.292  INFO 1 --- [localhost-startStop-1] o.a.c.c.C.[Tomcat].[localhost].[/]       : Initializing Spring embedded WebApplicationContext
2015-10-25 15:15:25.302  INFO 1 --- [localhost-startStop-1] o.s.web.context.ContextLoader            : Root WebApplicationContext: initialization completed in 27821 ms
2015-10-25 15:15:27.876  INFO 1 --- [localhost-startStop-1] o.s.s.concurrent.ThreadPoolTaskExecutor  : Initializing ExecutorService  'metricsExecutor'
2015-10-25 15:15:36.378  INFO 1 --- [localhost-startStop-1] o.s.b.c.e.ServletRegistrationBean        : Mapping servlet: 'dispatcherServlet' to [/]
2015-10-25 15:15:36.496  INFO 1 --- [localhost-startStop-1] o.s.b.c.embedded.FilterRegistrationBean  : Mapping filter: 'metricFilter' to: [/*]
2015-10-25 15:15:36.564  INFO 1 --- [localhost-startStop-1] o.s.b.c.embedded.FilterRegistrationBean  : Mapping filter: 'characterEncodingFilter' to: [/*]
2015-10-25 15:15:36.593  INFO 1 --- [localhost-startStop-1] o.s.b.c.embedded.FilterRegistrationBean  : Mapping filter: 'hiddenHttpMethodFilter' to: [/*]
2015-10-25 15:15:36.624  INFO 1 --- [localhost-startStop-1] o.s.b.c.embedded.FilterRegistrationBean  : Mapping filter: 'webRequestLoggingFilter' to: [/*]
2015-10-25 15:15:36.640  INFO 1 --- [localhost-startStop-1] o.s.b.c.embedded.FilterRegistrationBean  : Mapping filter: 'applicationContextIdFilter' to: [/*]
2015-10-25 15:15:39.090  WARN 1 --- [main] c.n.c.sources.URLConfigurationSource     : No URLs will be polled as dynamic configuration sources.
2015-10-25 15:15:39.151  INFO 1 --- [main] c.n.c.sources.URLConfigurationSource     : To enable URLs as dynamic configuration sources, define System property archaius.configurationSource.additionalUrls or make config.properties available on classpath.
2015-10-25 15:15:39.190  INFO 1 --- [main] c.netflix.config.DynamicPropertyFactory  : DynamicPropertyFactory is initialized with configuration sources: com.netflix.config.ConcurrentCompositeConfiguration@b46e103
2015-10-25 15:15:44.174  INFO 1 --- [main] s.w.s.m.m.a.RequestMappingHandlerAdapter : Looking for @ControllerAdvice: org.springframework.boot.context.embedded.AnnotationConfigEmbeddedWebApplicationContext@531c311e: startup date [Sun Oct 25 15:14:57 UTC 2015]; parent: org.springframework.context.annotation.AnnotationConfigApplicationContext@5276d6ee
2015-10-25 15:15:44.747  INFO 1 --- [main] s.w.s.m.m.a.RequestMappingHandlerMapping : Mapped "{[/catalog/{productId}],methods=[],params=[],headers=[],consumes=[],produces=[application/json],custom=[]}" onto public com.nklmish.cs.catalogs.model.Catalog com.nklmish.cs.catalogs.boundary.CatalogService.findCatalog(java.lang.Integer)
2015-10-25 15:15:44.757  INFO 1 --- [main] s.w.s.m.m.a.RequestMappingHandlerMapping : Mapped "{[/error],methods=[],params=[],headers=[],consumes=[],produces=[text/html],custom=[]}" onto public org.springframework.web.servlet.ModelAndView org.springframework.boot.autoconfigure.web.BasicErrorController.errorHtml(javax.servlet.http.HttpServletRequest)
2015-10-25 15:15:44.758  INFO 1 --- [main] s.w.s.m.m.a.RequestMappingHandlerMapping : Mapped "{[/error],methods=[],params=[],headers=[],consumes=[],produces=[],custom=[]}" onto public org.springframework.http.ResponseEntity<java.util.Map<java.lang.String, java.lang.Object>> org.springframework.boot.autoconfigure.web.BasicErrorController.error(javax.servlet.http.HttpServletRequest)
2015-10-25 15:15:45.088  INFO 1 --- [main] o.s.w.s.handler.SimpleUrlHandlerMapping  : Mapped URL path [/webjars/**] onto handler of type [class org.springframework.web.servlet.resource.ResourceHttpRequestHandler]
2015-10-25 15:15:45.166  INFO 1 --- [main] o.s.w.s.handler.SimpleUrlHandlerMapping  : Mapped URL path [/**] onto handler of type [class org.springframework.web.servlet.resource.ResourceHttpRequestHandler]
2015-10-25 15:15:45.490  INFO 1 --- [main] o.s.w.s.handler.SimpleUrlHandlerMapping  : Mapped URL path [/**/favicon.ico] onto handler of type [class org.springframework.web.servlet.resource.ResourceHttpRequestHandler]
2015-10-25 15:15:49.301  INFO 1 --- [main] o.s.b.a.e.mvc.EndpointHandlerMapping     : Mapped "{[/hystrix.stream/**],methods=[],params=[],headers=[],consumes=[],produces=[],custom=[]}" onto public org.springframework.web.servlet.ModelAndView org.springframework.cloud.netflix.endpoint.ServletWrappingEndpoint.handle(javax.servlet.http.HttpServletRequest,javax.servlet.http.HttpServletResponse) throws java.lang.Exception
2015-10-25 15:15:49.314  INFO 1 --- [main] o.s.b.a.e.mvc.EndpointHandlerMapping     : Mapped "{[/resume],methods=[POST],params=[],headers=[],consumes=[],produces=[],custom=[]}" onto public java.lang.Object org.springframework.cloud.endpoint.GenericPostableMvcEndpoint.invoke()
2015-10-25 15:15:49.339  INFO 1 --- [main] o.s.b.a.e.mvc.EndpointHandlerMapping     : Mapped "{[/bus/env],methods=[POST],params=[],headers=[],consumes=[],produces=[],custom=[]}" onto public void org.springframework.cloud.bus.endpoint.EnvironmentBusEndpoint.env(java.util.Map<java.lang.String, java.lang.String>,java.lang.String)
2015-10-25 15:15:49.342  INFO 1 --- [main] o.s.b.a.e.mvc.EndpointHandlerMapping     : Mapped "{[/env/{name:.*}],methods=[GET],params=[],headers=[],consumes=[],produces=[],custom=[]}" onto public java.lang.Object org.springframework.boot.actuate.endpoint.mvc.EnvironmentMvcEndpoint.value(java.lang.String)
2015-10-25 15:15:49.343  INFO 1 --- [main] o.s.b.a.e.mvc.EndpointHandlerMapping     : Mapped "{[/env],methods=[GET],params=[],headers=[],consumes=[],produces=[],custom=[]}" onto public java.lang.Object org.springframework.boot.actuate.endpoint.mvc.EndpointMvcAdapter.invoke()
2015-10-25 15:15:49.359  INFO 1 --- [main] o.s.b.a.e.mvc.EndpointHandlerMapping     : Mapped "{[/health],methods=[],params=[],headers=[],consumes=[],produces=[],custom=[]}" onto public java.lang.Object org.springframework.boot.actuate.endpoint.mvc.HealthMvcEndpoint.invoke(java.security.Principal)
2015-10-25 15:15:49.359  INFO 1 --- [main] o.s.b.a.e.mvc.EndpointHandlerMapping     : Mapped "{[/mappings],methods=[GET],params=[],headers=[],consumes=[],produces=[],custom=[]}" onto public java.lang.Object org.springframework.boot.actuate.endpoint.mvc.EndpointMvcAdapter.invoke()
2015-10-25 15:15:49.361  INFO 1 --- [main] o.s.b.a.e.mvc.EndpointHandlerMapping     : Mapped "{[/beans],methods=[GET],params=[],headers=[],consumes=[],produces=[],custom=[]}" onto public java.lang.Object org.springframework.boot.actuate.endpoint.mvc.EndpointMvcAdapter.invoke()
2015-10-25 15:15:49.388  INFO 1 --- [main] o.s.b.a.e.mvc.EndpointHandlerMapping     : Mapped "{[/refresh],methods=[POST],params=[],headers=[],consumes=[],produces=[],custom=[]}" onto public java.lang.Object org.springframework.cloud.endpoint.GenericPostableMvcEndpoint.invoke()
2015-10-25 15:15:49.389  INFO 1 --- [main] o.s.b.a.e.mvc.EndpointHandlerMapping     : Mapped "{[/configprops],methods=[GET],params=[],headers=[],consumes=[],produces=[],custom=[]}" onto public java.lang.Object org.springframework.boot.actuate.endpoint.mvc.EndpointMvcAdapter.invoke()
2015-10-25 15:15:49.389  INFO 1 --- [main] o.s.b.a.e.mvc.EndpointHandlerMapping     : Mapped "{[/trace],methods=[GET],params=[],headers=[],consumes=[],produces=[],custom=[]}" onto public java.lang.Object org.springframework.boot.actuate.endpoint.mvc.EndpointMvcAdapter.invoke()
2015-10-25 15:15:49.389  INFO 1 --- [main] o.s.b.a.e.mvc.EndpointHandlerMapping     : Mapped "{[/metrics/{name:.*}],methods=[GET],params=[],headers=[],consumes=[],produces=[],custom=[]}" onto public java.lang.Object org.springframework.boot.actuate.endpoint.mvc.MetricsMvcEndpoint.value(java.lang.String)
2015-10-25 15:15:49.390  INFO 1 --- [main] o.s.b.a.e.mvc.EndpointHandlerMapping     : Mapped "{[/metrics],methods=[GET],params=[],headers=[],consumes=[],produces=[],custom=[]}" onto public java.lang.Object org.springframework.boot.actuate.endpoint.mvc.EndpointMvcAdapter.invoke()
2015-10-25 15:15:49.419  INFO 1 --- [main] o.s.b.a.e.mvc.EndpointHandlerMapping     : Mapped "{[/restart],methods=[POST],params=[],headers=[],consumes=[],produces=[],custom=[]}" onto public java.lang.Object org.springframework.cloud.context.restart.RestartMvcEndpoint.invoke()
2015-10-25 15:15:49.438  INFO 1 --- [main] o.s.b.a.e.mvc.EndpointHandlerMapping     : Mapped "{[/archaius],methods=[GET],params=[],headers=[],consumes=[],produces=[],custom=[]}" onto public java.lang.Object org.springframework.boot.actuate.endpoint.mvc.EndpointMvcAdapter.invoke()
2015-10-25 15:15:49.445  INFO 1 --- [main] o.s.b.a.e.mvc.EndpointHandlerMapping     : Mapped "{[/bus/refresh],methods=[POST],params=[],headers=[],consumes=[],produces=[],custom=[]}" onto public void org.springframework.cloud.bus.endpoint.RefreshBusEndpoint.refresh(java.lang.String)
2015-10-25 15:15:49.448  INFO 1 --- [main] o.s.b.a.e.mvc.EndpointHandlerMapping     : Mapped "{[/dump],methods=[GET],params=[],headers=[],consumes=[],produces=[],custom=[]}" onto public java.lang.Object org.springframework.boot.actuate.endpoint.mvc.EndpointMvcAdapter.invoke()
2015-10-25 15:15:49.449  INFO 1 --- [main] o.s.b.a.e.mvc.EndpointHandlerMapping     : Mapped "{[/info],methods=[GET],params=[],headers=[],consumes=[],produces=[],custom=[]}" onto public java.lang.Object org.springframework.boot.actuate.endpoint.mvc.EndpointMvcAdapter.invoke()
2015-10-25 15:15:49.449  INFO 1 --- [main] o.s.b.a.e.mvc.EndpointHandlerMapping     : Mapped "{[/env],methods=[POST],params=[],headers=[],consumes=[],produces=[],custom=[]}" onto public java.lang.Object org.springframework.cloud.context.environment.EnvironmentManagerMvcEndpoint.value(java.util.Map<java.lang.String, java.lang.String>)
2015-10-25 15:15:49.476  INFO 1 --- [main] o.s.b.a.e.mvc.EndpointHandlerMapping     : Mapped "{[/env/reset],methods=[POST],params=[],headers=[],consumes=[],produces=[],custom=[]}" onto public java.util.Map<java.lang.String, java.lang.Object> org.springframework.cloud.context.environment.EnvironmentManagerMvcEndpoint.reset()
2015-10-25 15:15:49.477  INFO 1 --- [main] o.s.b.a.e.mvc.EndpointHandlerMapping     : Mapped "{[/autoconfig],methods=[GET],params=[],headers=[],consumes=[],produces=[],custom=[]}" onto public java.lang.Object org.springframework.boot.actuate.endpoint.mvc.EndpointMvcAdapter.invoke()
2015-10-25 15:15:49.496  INFO 1 --- [main] o.s.b.a.e.mvc.EndpointHandlerMapping     : Mapped "{[/pause],methods=[POST],params=[],headers=[],consumes=[],produces=[],custom=[]}" onto public java.lang.Object org.springframework.cloud.endpoint.GenericPostableMvcEndpoint.invoke()
2015-10-25 15:15:51.465  WARN 1 --- [main] c.n.c.sources.URLConfigurationSource     : No URLs will be polled as dynamic configuration sources.
2015-10-25 15:15:51.465  INFO 1 --- [main] c.n.c.sources.URLConfigurationSource     : To enable URLs as dynamic configuration sources, define System property archaius.configurationSource.additionalUrls or make config.properties available on classpath.
2015-10-25 15:15:51.543  INFO 1 --- [main] ProxyFactoryBean$MethodInvocationGateway : started hystrixStreamChannel
2015-10-25 15:15:51.546  INFO 1 --- [main] o.s.i.gateway.GatewayProxyFactoryBean    : started hystrixStreamChannel
2015-10-25 15:15:51.706  INFO 1 --- [main] o.s.j.e.a.AnnotationMBeanExporter        : Registering beans for JMX exposure on startup
2015-10-25 15:15:51.730  INFO 1 --- [main] o.s.j.e.a.AnnotationMBeanExporter        : Bean with name 'refreshEndpoint' has been autodetected for JMX exposure
2015-10-25 15:15:51.737  INFO 1 --- [main] o.s.j.e.a.AnnotationMBeanExporter        : Bean with name 'restartEndpoint' has been autodetected for JMX exposure
2015-10-25 15:15:51.737  INFO 1 --- [main] o.s.j.e.a.AnnotationMBeanExporter        : Bean with name 'configurationPropertiesRebinder' has been autodetected for JMX exposure
2015-10-25 15:15:51.738  INFO 1 --- [main] o.s.j.e.a.AnnotationMBeanExporter        : Bean with name 'refreshScope' has been autodetected for JMX exposure
2015-10-25 15:15:51.739  INFO 1 --- [main] o.s.j.e.a.AnnotationMBeanExporter        : Bean with name 'environmentManager' has been autodetected for JMX exposure
2015-10-25 15:15:51.740  INFO 1 --- [main] o.s.j.e.a.AnnotationMBeanExporter        : Bean with name 'wireTap' has been autodetected for JMX exposure
2015-10-25 15:15:51.742  INFO 1 --- [main] o.s.j.e.a.AnnotationMBeanExporter        : Located managed bean 'environmentManager': registering with JMX server as MBean [org.springframework.cloud.context.environment:name=environmentManager,type=EnvironmentManager]
2015-10-25 15:15:51.754  INFO 1 --- [main] o.s.j.e.a.AnnotationMBeanExporter        : Located managed bean 'restartEndpoint': registering with JMX server as MBean [org.springframework.cloud.context.restart:name=restartEndpoint,type=RestartEndpoint]
2015-10-25 15:15:51.773  INFO 1 --- [main] o.s.j.e.a.AnnotationMBeanExporter        : Located managed bean 'wireTap': registering with JMX server as MBean [org.springframework.integration.channel.interceptor:name=wireTap,type=WireTap]
2015-10-25 15:15:51.787  INFO 1 --- [main] o.s.j.e.a.AnnotationMBeanExporter        : Located managed bean 'refreshScope': registering with JMX server as MBean [org.springframework.cloud.context.scope.refresh:name=refreshScope,type=RefreshScope]
2015-10-25 15:15:51.811  INFO 1 --- [main] o.s.j.e.a.AnnotationMBeanExporter        : Located managed bean 'configurationPropertiesRebinder': registering with JMX server as MBean [org.springframework.cloud.context.properties:name=configurationPropertiesRebinder,type=ConfigurationPropertiesRebinder]
2015-10-25 15:15:51.816  INFO 1 --- [main] o.s.j.e.a.AnnotationMBeanExporter        : Located managed bean 'refreshEndpoint': registering with JMX server as MBean [org.springframework.cloud.bootstrap.config:name=refreshEndpoint,type=RefreshEndpoint]
2015-10-25 15:15:51.828  INFO 1 --- [main] o.s.c.support.DefaultLifecycleProcessor  : Starting beans in phase -2147483648
2015-10-25 15:15:51.835  INFO 1 --- [main] o.s.c.support.DefaultLifecycleProcessor  : Starting beans in phase 0
2015-10-25 15:15:51.840  INFO 1 --- [main] .p.EurekaConfigBasedInstanceInfoProvider : Setting initial instance status as: STARTING
2015-10-25 15:15:52.493  INFO 1 --- [main] com.netflix.discovery.DiscoveryClient    : Disable delta property : false
2015-10-25 15:15:52.497  INFO 1 --- [main] com.netflix.discovery.DiscoveryClient    : Single vip registry refresh property : null
2015-10-25 15:15:52.497  INFO 1 --- [main] com.netflix.discovery.DiscoveryClient    : Force full registry fetch : false
2015-10-25 15:15:52.497  INFO 1 --- [main] com.netflix.discovery.DiscoveryClient    : Application is null : false
2015-10-25 15:15:52.497  INFO 1 --- [main] com.netflix.discovery.DiscoveryClient    : Registered Applications size is zero : true
2015-10-25 15:15:52.497  INFO 1 --- [main] com.netflix.discovery.DiscoveryClient    : Application version is -1: true
2015-10-25 15:15:52.617  INFO 1 --- [main] com.netflix.discovery.DiscoveryClient    : Getting all instance registry info from the eureka server
2015-10-25 15:15:52.661  INFO 1 --- [main] com.netflix.discovery.DiscoveryClient    : The response status is 200
2015-10-25 15:15:52.678  INFO 1 --- [main] com.netflix.discovery.DiscoveryClient    : Starting heartbeat executor: renew interval is: 10
2015-10-25 15:15:52.682  INFO 1 --- [main] c.n.e.EurekaDiscoveryClientConfiguration : Registering application catalog-service with eureka with status UP
2015-10-25 15:15:52.746  INFO 1 --- [main] o.s.i.endpoint.EventDrivenConsumer       : Adding {logging-channel-adapter:_org.springframework.integration.errorLogger} as a subscriber to the 'errorChannel' channel
2015-10-25 15:15:52.751  INFO 1 --- [main] o.s.i.channel.PublishSubscribeChannel    : Channel 'catalog-service:docker:8090.errorChannel' has 1 subscriber(s).
2015-10-25 15:15:52.751  INFO 1 --- [main] o.s.i.endpoint.EventDrivenConsumer       : started _org.springframework.integration.errorLogger
2015-10-25 15:15:52.751  INFO 1 --- [main] o.s.i.endpoint.EventDrivenConsumer       : Adding {filter} as a subscriber to the 'cloudBusOutboundFlow.channel#0' channel
2015-10-25 15:15:52.751  INFO 1 --- [main] o.s.integration.channel.DirectChannel    : Channel 'catalog-service:docker:8090.cloudBusOutboundFlow.channel#0' has 1 subscriber(s).
2015-10-25 15:15:52.752  INFO 1 --- [main] o.s.i.endpoint.EventDrivenConsumer       : started org.springframework.integration.config.ConsumerEndpointFactoryBean#0
2015-10-25 15:15:52.752  INFO 1 --- [main] o.s.i.endpoint.EventDrivenConsumer       : Adding {filter} as a subscriber to the 'cloudBusInboundChannel' channel
2015-10-25 15:15:52.752  INFO 1 --- [main] o.s.integration.channel.DirectChannel    : Channel 'catalog-service:docker:8090.cloudBusInboundChannel' has 1 subscriber(s).
2015-10-25 15:15:52.752  INFO 1 --- [main] o.s.i.endpoint.EventDrivenConsumer       : started org.springframework.integration.config.ConsumerEndpointFactoryBean#1
2015-10-25 15:15:52.753  INFO 1 --- [main] o.s.i.endpoint.EventDrivenConsumer       : Adding {message-handler} as a subscriber to the 'cloudBusInboundFlow.channel#0' channel
2015-10-25 15:15:52.754  INFO 1 --- [main] o.s.integration.channel.DirectChannel    : Channel 'catalog-service:docker:8090.cloudBusInboundFlow.channel#0' has 1 subscriber(s).
2015-10-25 15:15:52.754  INFO 1 --- [main] o.s.i.endpoint.EventDrivenConsumer       : started org.springframework.integration.config.ConsumerEndpointFactoryBean#2
2015-10-25 15:15:52.754  INFO 1 --- [main] o.s.i.endpoint.EventDrivenConsumer       : Adding {logging-channel-adapter} as a subscriber to the 'cloudBusWiretapChannel' channel
2015-10-25 15:15:52.754  INFO 1 --- [main] o.s.integration.channel.DirectChannel    : Channel 'catalog-service:docker:8090.cloudBusWiretapChannel' has 1 subscriber(s).
2015-10-25 15:15:52.754  INFO 1 --- [main] o.s.i.endpoint.EventDrivenConsumer       : started org.springframework.integration.config.ConsumerEndpointFactoryBean#3
2015-10-25 15:15:52.755  INFO 1 --- [main] o.s.i.endpoint.EventDrivenConsumer       : Adding {amqp:outbound-channel-adapter} as a subscriber to the 'cloudBusOutboundChannel' channel
2015-10-25 15:15:52.755  INFO 1 --- [main] o.s.integration.channel.DirectChannel    : Channel 'catalog-service:docker:8090.cloudBusOutboundChannel' has 1 subscriber(s).
2015-10-25 15:15:52.756  INFO 1 --- [main] o.s.i.endpoint.EventDrivenConsumer       : started org.springframework.integration.config.ConsumerEndpointFactoryBean#4
2015-10-25 15:15:52.757  INFO 1 --- [main] o.s.i.endpoint.EventDrivenConsumer       : Adding {bridge} as a subscriber to the 'cloudBusAmqpInboundFlow.channel#0' channel
2015-10-25 15:15:52.757  INFO 1 --- [main] o.s.integration.channel.DirectChannel    : Channel 'catalog-service:docker:8090.cloudBusAmqpInboundFlow.channel#0' has 1 subscriber(s).
2015-10-25 15:15:52.757  INFO 1 --- [main] o.s.i.endpoint.EventDrivenConsumer       : started org.springframework.integration.config.ConsumerEndpointFactoryBean#5
2015-10-25 15:15:52.757  INFO 1 --- [main] o.s.i.endpoint.EventDrivenConsumer       : Adding {amqp:outbound-channel-adapter} as a subscriber to the 'hystrixStream' channel
2015-10-25 15:15:52.757  INFO 1 --- [main] o.s.integration.channel.DirectChannel    : Channel 'catalog-service:docker:8090.hystrixStream' has 1 subscriber(s).
2015-10-25 15:15:52.758  INFO 1 --- [main] o.s.i.endpoint.EventDrivenConsumer       : started org.springframework.integration.config.ConsumerEndpointFactoryBean#6
2015-10-25 15:15:52.759  INFO 1 --- [main] o.s.c.support.DefaultLifecycleProcessor  : Starting beans in phase 1073741823
2015-10-25 15:15:52.759  INFO 1 --- [main] ApplicationEventListeningMessageProducer : started org.springframework.integration.event.inbound.ApplicationEventListeningMessageProducer#0
2015-10-25 15:15:52.854  INFO 1 --- [SimpleAsyncTaskExecutor-1] o.s.amqp.rabbit.core.RabbitAdmin         : Auto-declaring a non-durable, auto-delete, or exclusive Queue (a48689c9-7362-4cd0-82e3-10ec5ca995e2) durable:false, auto-delete:true, exclusive:true. It will be redeclared if the broker stops and is restarted while the connection factory is alive, but all messages will be lost.
2015-10-25 15:15:52.863  INFO 1 --- [main] o.s.i.a.i.AmqpInboundChannelAdapter      : started org.springframework.integration.amqp.inbound.AmqpInboundChannelAdapter#0
2015-10-25 15:15:52.863  INFO 1 --- [main] o.s.c.support.DefaultLifecycleProcessor  : Starting beans in phase 2147483647
2015-10-25 15:15:52.867  INFO 1 --- [main] c.n.h.c.m.e.HystrixMetricsPoller         : Starting HystrixMetricsPoller
2015-10-25 15:15:52.897  INFO 1 --- [main] ration$HystrixMetricsPollerConfiguration : Starting poller
2015-10-25 15:15:52.981  INFO 1 --- [main] s.b.c.e.t.TomcatEmbeddedServletContainer : Tomcat started on port(s): 8090 (http)
2015-10-25 15:15:52.983  INFO 1 --- [main] com.nklmish.cs.catalogs.Application      : Started Application in 64.841 seconds (JVM running for 73.962)
2015-10-25 15:16:02.715  INFO 1 --- [pool-6-thread-1] com.netflix.discovery.DiscoveryClient    : DiscoveryClient_CATALOG-SERVICE/172.17.0.37:catalog-service:19876769cf567de87197feac65ffc626 - Re-registering apps/CATALOG-SERVICE
2015-10-25 15:16:02.719  INFO 1 --- [pool-6-thread-1] com.netflix.discovery.DiscoveryClient    : DiscoveryClient_CATALOG-SERVICE/172.17.0.37:catalog-service:19876769cf567de87197feac65ffc626: registering service...
2015-10-25 15:16:02.736  INFO 1 --- [pool-6-thread-1] com.netflix.discovery.DiscoveryClient    : DiscoveryClient_CATALOG-SERVICE/172.17.0.37:catalog-service:19876769cf567de87197feac65ffc626 - registration status: 204
2015-10-25 15:16:32.682  INFO 1 --- [DiscoveryClient-3] com.netflix.discovery.DiscoveryClient    : DiscoveryClient_CATALOG-SERVICE/172.17.0.37:catalog-service:19876769cf567de87197feac65ffc626 - retransmit instance info with status UP
2015-10-25 15:16:32.683  INFO 1 --- [DiscoveryClient-3] com.netflix.discovery.DiscoveryClient    : DiscoveryClient_CATALOG-SERVICE/172.17.0.37:catalog-service:19876769cf567de87197feac65ffc626: registering service...
2015-10-25 15:16:32.713  INFO 1 --- [DiscoveryClient-3] com.netflix.discovery.DiscoveryClient    : DiscoveryClient_CATALOG-SERVICE/172.17.0.37:catalog-service:19876769cf567de87197feac65ffc626 - registration status: 204
2015-10-25 15:16:32.774  INFO 1 --- [pool-6-thread-1] com.netflix.discovery.DiscoveryClient    : DiscoveryClient_CATALOG-SERVICE/172.17.0.37:catalog-service:19876769cf567de87197feac65ffc626 - Re-registering apps/CATALOG-SERVICE
2015-10-25 15:16:32.775  INFO 1 --- [pool-6-thread-1] com.netflix.discovery.DiscoveryClient    : DiscoveryClient_CATALOG-SERVICE/172.17.0.37:catalog-service:19876769cf567de87197feac65ffc626: registering service...
2015-10-25 15:16:32.787  INFO 1 --- [pool-6-thread-1] com.netflix.discovery.DiscoveryClient    : DiscoveryClient_CATALOG-SERVICE/172.17.0.37:catalog-service:19876769cf567de87197feac65ffc626 - registration status: 204
2015-10-25 15:20:43.956  INFO 1 --- [http-nio-8090-exec-1] o.a.c.c.C.[Tomcat].[localhost].[/]       : Initializing Spring FrameworkServlet 'dispatcherServlet'
2015-10-25 15:20:43.957  INFO 1 --- [http-nio-8090-exec-1] o.s.web.servlet.DispatcherServlet        : FrameworkServlet 'dispatcherServlet': initialization started
2015-10-25 15:20:44.047  INFO 1 --- [http-nio-8090-exec-1] o.s.web.servlet.DispatcherServlet        : FrameworkServlet 'dispatcherServlet': initialization completed in 90 ms
2015-10-25 15:20:44.229 DEBUG 1 --- [http-nio-8090-exec-1] c.n.cs.catalogs.boundary.CatalogService  : retrieving catalog for productId 800
2015-10-25 15:20:44.629  INFO 1 --- [hystrix-ProductBuilder-1] s.c.a.AnnotationConfigApplicationContext : Refreshing org.springframework.context.annotation.AnnotationConfigApplicationContext@7a0e63a1: startup date [Sun Oct 25 15:20:44 UTC 2015]; parent: org.springframework.boot.context.embedded.AnnotationConfigEmbeddedWebApplicationContext@531c311e
2015-10-25 15:20:44.674  INFO 1 --- [hystrix-ProductBuilder-1] f.a.AutowiredAnnotationBeanPostProcessor : JSR-330 'javax.inject.Inject' annotation found and supported for autowiring
2015-10-25 15:20:44.869  INFO 1 --- [hystrix-ProductBuilder-1] c.netflix.config.ChainedDynamicProperty  : Flipping property: product-service.ribbon.ActiveConnectionsLimit to use NEXT property: niws.loadbalancer.availabilityFilteringRule.activeConnectionsLimit = 2147483647
2015-10-25 15:20:44.971  INFO 1 --- [hystrix-ProductBuilder-1] c.netflix.loadbalancer.BaseLoadBalancer  : Client:product-service instantiated a LoadBalancer:DynamicServerListLoadBalancer:{NFLoadBalancer:name=product-service,current list of Servers=[],Load balancer stats=Zone stats: {},Server stats: []}ServerList:null
2015-10-25 15:20:45.034  INFO 1 --- [hystrix-ProductBuilder-1] c.netflix.config.ChainedDynamicProperty  : Flipping property: product-service.ribbon.ActiveConnectionsLimit to use NEXT property: niws.loadbalancer.availabilityFilteringRule.activeConnectionsLimit = 2147483647
2015-10-25 15:20:45.037  INFO 1 --- [hystrix-ProductBuilder-1] c.n.l.DynamicServerListLoadBalancer      : DynamicServerListLoadBalancer for client product-service initialized: DynamicServerListLoadBalancer:{NFLoadBalancer:name=product-service,current list of Servers=[product-service:92f59fc32cf0c9d6979f9211627bba4c],Load balancer stats=Zone stats: {defaultzone=[Zone:defaultzone;	Instance count:1;	Active connections count: 0;	Circuit breaker tripped count: 0;	Active connections per server: 0.0;]
},Server stats: [[Server:product-service:92f59fc32cf0c9d6979f9211627bba4c;	Zone:defaultZone;	Total Requests:0;	Successive connection failure:0;	Total blackout seconds:0;	Last connection made:Thu Jan 01 00:00:00 UTC 1970;	First connection made: Thu Jan 01 00:00:00 UTC 1970;	Active Connections:0;	total failure count in last (1000) msecs:0;	average resp time:0.0;	90 percentile resp time:0.0;	95 percentile resp time:0.0;	min resp time:0.0;	max resp time:0.0;	stddev resp time:0.0]
]}ServerList:org.springframework.cloud.netflix.ribbon.eureka.DomainExtractingServerList@76cc2bc6
2015-10-25 15:20:45.173  INFO 1 --- [hystrix-ProductBuilder-1] com.netflix.http4.ConnectionPoolCleaner  : Initializing ConnectionPoolCleaner for NFHttpClient:product-service
2015-10-25 15:20:45.314  INFO 1 --- [hystrix-ProductBuilder-1] com.netflix.http4.ConnectionPoolCleaner  : Initializing ConnectionPoolCleaner for NFHttpClient:product-service
2015-10-25 15:20:45.633 ERROR 1 --- [HystrixTimer-1] c.n.c.c.integration.ProductBuilder       : fallback method invoked, hystrix command failed to retrieve product via product service
2015-10-25 15:20:45.635 DEBUG 1 --- [hystrix-ProductBuilder-1] c.n.c.c.integration.ProductBuilder       : fetching product 800 from http://172.17.0.35:8090/product/800 
2015-10-25 15:20:45.721  INFO 1 --- [hystrix-ProductBuilder-2] s.c.a.AnnotationConfigApplicationContext : Refreshing org.springframework.context.annotation.AnnotationConfigApplicationContext@62896731: startup date [Sun Oct 25 15:20:45 UTC 2015]; parent: org.springframework.boot.context.embedded.AnnotationConfigEmbeddedWebApplicationContext@531c311e
2015-10-25 15:20:45.783  INFO 1 --- [hystrix-ProductBuilder-2] f.a.AutowiredAnnotationBeanPostProcessor : JSR-330 'javax.inject.Inject' annotation found and supported for autowiring
2015-10-25 15:20:45.826  INFO 1 --- [hystrix-ProductBuilder-2] c.netflix.config.ChainedDynamicProperty  : Flipping property: comment-service.ribbon.ActiveConnectionsLimit to use NEXT property: niws.loadbalancer.availabilityFilteringRule.activeConnectionsLimit = 2147483647
2015-10-25 15:20:45.836  INFO 1 --- [hystrix-ProductBuilder-2] c.netflix.loadbalancer.BaseLoadBalancer  : Client:comment-service instantiated a LoadBalancer:DynamicServerListLoadBalancer:{NFLoadBalancer:name=comment-service,current list of Servers=[],Load balancer stats=Zone stats: {},Server stats: []}ServerList:null
2015-10-25 15:20:45.859  INFO 1 --- [hystrix-ProductBuilder-2] c.netflix.config.ChainedDynamicProperty  : Flipping property: comment-service.ribbon.ActiveConnectionsLimit to use NEXT property: niws.loadbalancer.availabilityFilteringRule.activeConnectionsLimit = 2147483647
2015-10-25 15:20:45.860  INFO 1 --- [hystrix-ProductBuilder-2] c.n.l.DynamicServerListLoadBalancer      : DynamicServerListLoadBalancer for client comment-service initialized: DynamicServerListLoadBalancer:{NFLoadBalancer:name=comment-service,current list of Servers=[comment-service:5803d6ec65b3eee44a5b79fa448da72a],Load balancer stats=Zone stats: {defaultzone=[Zone:defaultzone;	Instance count:1;	Active connections count: 0;	Circuit breaker tripped count: 0;	Active connections per server: 0.0;]
},Server stats: [[Server:comment-service:5803d6ec65b3eee44a5b79fa448da72a;	Zone:defaultZone;	Total Requests:0;	Successive connection failure:0;	Total blackout seconds:0;	Last connection made:Thu Jan 01 00:00:00 UTC 1970;	First connection made: Thu Jan 01 00:00:00 UTC 1970;	Active Connections:0;	total failure count in last (1000) msecs:0;	average resp time:0.0;	90 percentile resp time:0.0;	95 percentile resp time:0.0;	min resp time:0.0;	max resp time:0.0;	stddev resp time:0.0]
]}ServerList:org.springframework.cloud.netflix.ribbon.eureka.DomainExtractingServerList@3e2530a9
2015-10-25 15:20:45.904  INFO 1 --- [hystrix-ProductBuilder-2] com.netflix.http4.ConnectionPoolCleaner  : Initializing ConnectionPoolCleaner for NFHttpClient:comment-service
2015-10-25 15:20:45.994  INFO 1 --- [pool-10-thread-1] c.netflix.config.ChainedDynamicProperty  : Flipping property: product-service.ribbon.ActiveConnectionsLimit to use NEXT property: niws.loadbalancer.availabilityFilteringRule.activeConnectionsLimit = 2147483647
2015-10-25 15:20:46.187  INFO 1 --- [hystrix-ProductBuilder-2] com.netflix.http4.ConnectionPoolCleaner  : Initializing ConnectionPoolCleaner for NFHttpClient:comment-service
2015-10-25 15:20:46.395 DEBUG 1 --- [hystrix-ProductBuilder-2] c.n.c.c.integration.ProductBuilder       : fetching comments for product 800 from http://172.17.0.36:8090/comment/800 
2015-10-25 15:20:46.706 ERROR 1 --- [HystrixTimer-1] c.n.c.c.integration.ProductBuilder       : fallback method invoked, hystrix command failed to retrieve comments via comment service
2015-10-25 15:20:46.765  INFO 1 --- [hystrix-ProductBuilder-3] s.c.a.AnnotationConfigApplicationContext : Refreshing org.springframework.context.annotation.AnnotationConfigApplicationContext@10146c55: startup date [Sun Oct 25 15:20:46 UTC 2015]; parent: org.springframework.boot.context.embedded.AnnotationConfigEmbeddedWebApplicationContext@531c311e
2015-10-25 15:20:46.800  INFO 1 --- [hystrix-ProductBuilder-3] f.a.AutowiredAnnotationBeanPostProcessor : JSR-330 'javax.inject.Inject' annotation found and supported for autowiring
2015-10-25 15:20:46.859  INFO 1 --- [pool-10-thread-2] c.netflix.config.ChainedDynamicProperty  : Flipping property: comment-service.ribbon.ActiveConnectionsLimit to use NEXT property: niws.loadbalancer.availabilityFilteringRule.activeConnectionsLimit = 2147483647
2015-10-25 15:20:46.850  INFO 1 --- [hystrix-ProductBuilder-3] c.netflix.config.ChainedDynamicProperty  : Flipping property: price-service.ribbon.ActiveConnectionsLimit to use NEXT property: niws.loadbalancer.availabilityFilteringRule.activeConnectionsLimit = 2147483647
2015-10-25 15:20:46.978  INFO 1 --- [hystrix-ProductBuilder-3] c.netflix.loadbalancer.BaseLoadBalancer  : Client:price-service instantiated a LoadBalancer:DynamicServerListLoadBalancer:{NFLoadBalancer:name=price-service,current list of Servers=[],Load balancer stats=Zone stats: {},Server stats: []}ServerList:null
2015-10-25 15:20:47.034  INFO 1 --- [hystrix-ProductBuilder-3] c.netflix.config.ChainedDynamicProperty  : Flipping property: price-service.ribbon.ActiveConnectionsLimit to use NEXT property: niws.loadbalancer.availabilityFilteringRule.activeConnectionsLimit = 2147483647
2015-10-25 15:20:47.053  INFO 1 --- [hystrix-ProductBuilder-3] c.n.l.DynamicServerListLoadBalancer      : DynamicServerListLoadBalancer for client price-service initialized: DynamicServerListLoadBalancer:{NFLoadBalancer:name=price-service,current list of Servers=[price-service:8b8975f61c58b1d8e9cc3f69960f631b],Load balancer stats=Zone stats: {defaultzone=[Zone:defaultzone;	Instance count:1;	Active connections count: 0;	Circuit breaker tripped count: 0;	Active connections per server: 0.0;]
},Server stats: [[Server:price-service:8b8975f61c58b1d8e9cc3f69960f631b;	Zone:defaultZone;	Total Requests:0;	Successive connection failure:0;	Total blackout seconds:0;	Last connection made:Thu Jan 01 00:00:00 UTC 1970;	First connection made: Thu Jan 01 00:00:00 UTC 1970;	Active Connections:0;	total failure count in last (1000) msecs:0;	average resp time:0.0;	90 percentile resp time:0.0;	95 percentile resp time:0.0;	min resp time:0.0;	max resp time:0.0;	stddev resp time:0.0]
]}ServerList:org.springframework.cloud.netflix.ribbon.eureka.DomainExtractingServerList@3f0809be
2015-10-25 15:20:47.146  INFO 1 --- [hystrix-ProductBuilder-3] com.netflix.http4.ConnectionPoolCleaner  : Initializing ConnectionPoolCleaner for NFHttpClient:price-service
2015-10-25 15:20:47.555  INFO 1 --- [hystrix-ProductBuilder-3] com.netflix.http4.ConnectionPoolCleaner  : Initializing ConnectionPoolCleaner for NFHttpClient:price-service
2015-10-25 15:20:47.720 ERROR 1 --- [HystrixTimer-1] c.n.c.c.integration.ProductBuilder       : fallback method invoked, hystrix command failed to retrieve price via price service
2015-10-25 15:20:47.726 DEBUG 1 --- [hystrix-ProductBuilder-3] c.n.c.c.integration.ProductBuilder       : fetching price for product 800 from http://172.17.0.32:8090/price/800 
2015-10-25 15:20:48.046  INFO 1 --- [pool-10-thread-1] c.netflix.config.ChainedDynamicProperty  : Flipping property: price-service.ribbon.ActiveConnectionsLimit to use NEXT property: niws.loadbalancer.availabilityFilteringRule.activeConnectionsLimit = 2147483647
2015-10-25 15:20:48.230 DEBUG 1 --- [http-nio-8090-exec-2] c.n.cs.catalogs.boundary.CatalogService  : retrieving catalog for productId 800
2015-10-25 15:20:48.290 DEBUG 1 --- [hystrix-ProductBuilder-4] c.n.c.c.integration.ProductBuilder       : fetching product 800 from http://172.17.0.35:8090/product/800 
2015-10-25 15:20:48.471 DEBUG 1 --- [hystrix-ProductBuilder-5] c.n.c.c.integration.ProductBuilder       : fetching comments for product 800 from http://172.17.0.36:8090/comment/800 
2015-10-25 15:20:48.610 DEBUG 1 --- [hystrix-ProductBuilder-6] c.n.c.c.integration.ProductBuilder       : fetching price for product 800 from http://172.17.0.32:8090/price/800 
2015-10-25 15:20:49.594 ERROR 1 --- [HystrixTimer-1] c.n.c.c.integration.ProductBuilder       : fallback method invoked, hystrix command failed to retrieve price via price service
2015-10-25 15:20:49.702 DEBUG 1 --- [http-nio-8090-exec-3] c.n.cs.catalogs.boundary.CatalogService  : retrieving catalog for productId 800
2015-10-25 15:20:49.722 DEBUG 1 --- [hystrix-ProductBuilder-7] c.n.c.c.integration.ProductBuilder       : fetching product 800 from http://172.17.0.35:8090/product/800 
2015-10-25 15:20:49.843 DEBUG 1 --- [hystrix-ProductBuilder-8] c.n.c.c.integration.ProductBuilder       : fetching comments for product 800 from http://172.17.0.36:8090/comment/800 
2015-10-25 15:20:49.972 DEBUG 1 --- [hystrix-ProductBuilder-9] c.n.c.c.integration.ProductBuilder       : fetching price for product 800 from http://172.17.0.32:8090/price/800 
2015-10-25 15:20:50.167 DEBUG 1 --- [http-nio-8090-exec-4] c.n.cs.catalogs.boundary.CatalogService  : retrieving catalog for productId 800
2015-10-25 15:20:50.175 DEBUG 1 --- [hystrix-ProductBuilder-10] c.n.c.c.integration.ProductBuilder       : fetching product 800 from http://172.17.0.35:8090/product/800 
2015-10-25 15:20:50.221 DEBUG 1 --- [hystrix-ProductBuilder-9] c.n.c.c.integration.ProductBuilder       : fetching comments for product 800 from http://172.17.0.36:8090/comment/800 
2015-10-25 15:20:50.246 DEBUG 1 --- [hystrix-ProductBuilder-10] c.n.c.c.integration.ProductBuilder       : fetching price for product 800 from http://172.17.0.32:8090/price/800 
2015-10-25 15:20:50.359 DEBUG 1 --- [http-nio-8090-exec-5] c.n.cs.catalogs.boundary.CatalogService  : retrieving catalog for productId 800
2015-10-25 15:20:50.378 DEBUG 1 --- [hystrix-ProductBuilder-10] c.n.c.c.integration.ProductBuilder       : fetching product 800 from http://172.17.0.35:8090/product/800 
2015-10-25 15:20:50.437 DEBUG 1 --- [hystrix-ProductBuilder-9] c.n.c.c.integration.ProductBuilder       : fetching comments for product 800 from http://172.17.0.36:8090/comment/800 
2015-10-25 15:20:50.532 DEBUG 1 --- [hystrix-ProductBuilder-10] c.n.c.c.integration.ProductBuilder       : fetching price for product 800 from http://172.17.0.32:8090/price/800 
2015-10-25 15:20:50.625 DEBUG 1 --- [http-nio-8090-exec-6] c.n.cs.catalogs.boundary.CatalogService  : retrieving catalog for productId 800
2015-10-25 15:20:50.631 DEBUG 1 --- [hystrix-ProductBuilder-10] c.n.c.c.integration.ProductBuilder       : fetching product 800 from http://172.17.0.35:8090/product/800 
2015-10-25 15:20:50.650 DEBUG 1 --- [hystrix-ProductBuilder-10] c.n.c.c.integration.ProductBuilder       : fetching comments for product 800 from http://172.17.0.36:8090/comment/800 
2015-10-25 15:20:50.698 DEBUG 1 --- [hystrix-ProductBuilder-10] c.n.c.c.integration.ProductBuilder       : fetching price for product 800 from http://172.17.0.32:8090/price/800 
2015-10-25 15:20:50.775 DEBUG 1 --- [http-nio-8090-exec-7] c.n.cs.catalogs.boundary.CatalogService  : retrieving catalog for productId 800
2015-10-25 15:20:50.781 DEBUG 1 --- [hystrix-ProductBuilder-10] c.n.c.c.integration.ProductBuilder       : fetching product 800 from http://172.17.0.35:8090/product/800 
2015-10-25 15:20:50.822 DEBUG 1 --- [hystrix-ProductBuilder-10] c.n.c.c.integration.ProductBuilder       : fetching comments for product 800 from http://172.17.0.36:8090/comment/800 
2015-10-25 15:20:50.867 DEBUG 1 --- [hystrix-ProductBuilder-10] c.n.c.c.integration.ProductBuilder       : fetching price for product 800 from http://172.17.0.32:8090/price/800 
2015-10-25 15:20:50.976 DEBUG 1 --- [http-nio-8090-exec-8] c.n.cs.catalogs.boundary.CatalogService  : retrieving catalog for productId 800
2015-10-25 15:20:50.991 DEBUG 1 --- [hystrix-ProductBuilder-10] c.n.c.c.integration.ProductBuilder       : fetching product 800 from http://172.17.0.35:8090/product/800 
2015-10-25 15:20:51.018 DEBUG 1 --- [hystrix-ProductBuilder-10] c.n.c.c.integration.ProductBuilder       : fetching comments for product 800 from http://172.17.0.36:8090/comment/800 
2015-10-25 15:20:51.107 DEBUG 1 --- [hystrix-ProductBuilder-10] c.n.c.c.integration.ProductBuilder       : fetching price for product 800 from http://172.17.0.32:8090/price/800 
2015-10-25 15:20:51.189 DEBUG 1 --- [http-nio-8090-exec-9] c.n.cs.catalogs.boundary.CatalogService  : retrieving catalog for productId 800
2015-10-25 15:20:51.201 DEBUG 1 --- [hystrix-ProductBuilder-10] c.n.c.c.integration.ProductBuilder       : fetching product 800 from http://172.17.0.35:8090/product/800 
2015-10-25 15:20:51.219 DEBUG 1 --- [hystrix-ProductBuilder-10] c.n.c.c.integration.ProductBuilder       : fetching comments for product 800 from http://172.17.0.36:8090/comment/800 
2015-10-25 15:20:51.249 DEBUG 1 --- [hystrix-ProductBuilder-9] c.n.c.c.integration.ProductBuilder       : fetching price for product 800 from http://172.17.0.32:8090/price/800 
2015-10-25 15:20:51.298 DEBUG 1 --- [http-nio-8090-exec-10] c.n.cs.catalogs.boundary.CatalogService  : retrieving catalog for productId 800
2015-10-25 15:20:51.304 DEBUG 1 --- [hystrix-ProductBuilder-9] c.n.c.c.integration.ProductBuilder       : fetching product 800 from http://172.17.0.35:8090/product/800 
2015-10-25 15:20:51.336 DEBUG 1 --- [hystrix-ProductBuilder-9] c.n.c.c.integration.ProductBuilder       : fetching comments for product 800 from http://172.17.0.36:8090/comment/800 
2015-10-25 15:20:51.358 DEBUG 1 --- [hystrix-ProductBuilder-9] c.n.c.c.integration.ProductBuilder       : fetching price for product 800 from http://172.17.0.32:8090/price/800 
