2015-10-25 15:14:53.793  INFO 1 --- [main] ationConfigEmbeddedWebApplicationContext : Refreshing org.springframework.boot.context.embedded.AnnotationConfigEmbeddedWebApplicationContext@37e4d7bb: startup date [Sun Oct 25 15:14:53 UTC 2015]; parent: org.springframework.context.annotation.AnnotationConfigApplicationContext@36902638
2015-10-25 15:15:01.522  INFO 1 --- [main] o.s.b.f.s.DefaultListableBeanFactory     : Overriding bean definition for bean 'beanNameViewResolver': replacing [Root bean: class [null]; scope=; abstract=false; lazyInit=false; autowireMode=3; dependencyCheck=0; autowireCandidate=true; primary=false; factoryBeanName=org.springframework.boot.autoconfigure.web.ErrorMvcAutoConfiguration$WhitelabelErrorViewConfiguration; factoryMethodName=beanNameViewResolver; initMethodName=null; destroyMethodName=(inferred); defined in class path resource [org/springframework/boot/autoconfigure/web/ErrorMvcAutoConfiguration$WhitelabelErrorViewConfiguration.class]] with [Root bean: class [null]; scope=; abstract=false; lazyInit=false; autowireMode=3; dependencyCheck=0; autowireCandidate=true; primary=false; factoryBeanName=org.springframework.boot.autoconfigure.web.WebMvcAutoConfiguration$WebMvcAutoConfigurationAdapter; factoryMethodName=beanNameViewResolver; initMethodName=null; destroyMethodName=(inferred); defined in class path resource [org/springframework/boot/autoconfigure/web/WebMvcAutoConfiguration$WebMvcAutoConfigurationAdapter.class]]
2015-10-25 15:15:02.726  INFO 1 --- [main] o.s.b.f.s.DefaultListableBeanFactory     : Overriding bean definition for bean 'infoEndpoint': replacing [Root bean: class [null]; scope=; abstract=false; lazyInit=false; autowireMode=3; dependencyCheck=0; autowireCandidate=true; primary=false; factoryBeanName=org.springframework.boot.actuate.autoconfigure.EndpointAutoConfiguration; factoryMethodName=infoEndpoint; initMethodName=null; destroyMethodName=(inferred); defined in class path resource [org/springframework/boot/actuate/autoconfigure/EndpointAutoConfiguration.class]] with [Root bean: class [null]; scope=; abstract=false; lazyInit=false; autowireMode=3; dependencyCheck=0; autowireCandidate=true; primary=false; factoryBeanName=org.springframework.cloud.autoconfigure.RefreshAutoConfiguration$InfoEndpointRebinderConfiguration; factoryMethodName=infoEndpoint; initMethodName=null; destroyMethodName=(inferred); defined in class path resource [org/springframework/cloud/autoconfigure/RefreshAutoConfiguration$InfoEndpointRebinderConfiguration.class]]
2015-10-25 15:15:03.029  INFO 1 --- [main] o.s.b.f.s.DefaultListableBeanFactory     : Overriding bean definition for bean 'default.null.RibbonClientSpecification': replacing [Generic bean: class [org.springframework.cloud.netflix.ribbon.RibbonClientSpecification]; scope=; abstract=false; lazyInit=false; autowireMode=0; dependencyCheck=0; autowireCandidate=true; primary=false; factoryBeanName=null; factoryMethodName=null; initMethodName=null; destroyMethodName=null] with [Generic bean: class [org.springframework.cloud.netflix.ribbon.RibbonClientSpecification]; scope=; abstract=false; lazyInit=false; autowireMode=0; dependencyCheck=0; autowireCandidate=true; primary=false; factoryBeanName=null; factoryMethodName=null; initMethodName=null; destroyMethodName=null]
2015-10-25 15:15:05.313  INFO 1 --- [main] o.s.cloud.context.scope.GenericScope     : BeanFactory id=7841909e-5eba-3a9a-b781-e39fa7514386
2015-10-25 15:15:05.477  INFO 1 --- [main] f.a.AutowiredAnnotationBeanPostProcessor : JSR-330 'javax.inject.Inject' annotation found and supported for autowiring
2015-10-25 15:15:06.546  INFO 1 --- [main] trationDelegate$BeanPostProcessorChecker : Bean 'org.springframework.cloud.autoconfigure.RefreshAutoConfiguration$ConfigurationPropertiesRebinderConfiguration' of type [class org.springframework.cloud.autoconfigure.RefreshAutoConfiguration$ConfigurationPropertiesRebinderConfiguration$$EnhancerBySpringCGLIB$$ec4d7139] is not eligible for getting processed by all BeanPostProcessors (for example: not eligible for auto-proxying)
2015-10-25 15:15:09.348  INFO 1 --- [main] s.b.c.e.t.TomcatEmbeddedServletContainer : Tomcat initialized with port(s): 8090 (http)
2015-10-25 15:15:11.449  INFO 1 --- [main] o.apache.catalina.core.StandardService   : Starting service Tomcat
2015-10-25 15:15:11.653  INFO 1 --- [main] org.apache.catalina.core.StandardEngine  : Starting Servlet Engine: Apache Tomcat/8.0.23
2015-10-25 15:15:12.981  INFO 1 --- [localhost-startStop-1] o.a.c.c.C.[Tomcat].[localhost].[/]       : Initializing Spring embedded WebApplicationContext
2015-10-25 15:15:12.983  INFO 1 --- [localhost-startStop-1] o.s.web.context.ContextLoader            : Root WebApplicationContext: initialization completed in 19190 ms
2015-10-25 15:15:19.485  INFO 1 --- [localhost-startStop-1] o.s.b.c.e.ServletRegistrationBean        : Mapping servlet: 'dispatcherServlet' to [/]
2015-10-25 15:15:19.525  INFO 1 --- [localhost-startStop-1] o.s.b.c.embedded.FilterRegistrationBean  : Mapping filter: 'metricFilter' to: [/*]
2015-10-25 15:15:19.534  INFO 1 --- [localhost-startStop-1] o.s.b.c.embedded.FilterRegistrationBean  : Mapping filter: 'characterEncodingFilter' to: [/*]
2015-10-25 15:15:19.595  INFO 1 --- [localhost-startStop-1] o.s.b.c.embedded.FilterRegistrationBean  : Mapping filter: 'hiddenHttpMethodFilter' to: [/*]
2015-10-25 15:15:19.604  INFO 1 --- [localhost-startStop-1] o.s.b.c.embedded.FilterRegistrationBean  : Mapping filter: 'webRequestLoggingFilter' to: [/*]
2015-10-25 15:15:19.611  INFO 1 --- [localhost-startStop-1] o.s.b.c.embedded.FilterRegistrationBean  : Mapping filter: 'applicationContextIdFilter' to: [/*]
2015-10-25 15:15:23.495  WARN 1 --- [main] c.n.c.sources.URLConfigurationSource     : No URLs will be polled as dynamic configuration sources.
2015-10-25 15:15:23.499  INFO 1 --- [main] c.n.c.sources.URLConfigurationSource     : To enable URLs as dynamic configuration sources, define System property archaius.configurationSource.additionalUrls or make config.properties available on classpath.
2015-10-25 15:15:23.590  INFO 1 --- [main] c.netflix.config.DynamicPropertyFactory  : DynamicPropertyFactory is initialized with configuration sources: com.netflix.config.ConcurrentCompositeConfiguration@5b84f14
2015-10-25 15:15:26.303  INFO 1 --- [main] s.w.s.m.m.a.RequestMappingHandlerAdapter : Looking for @ControllerAdvice: org.springframework.boot.context.embedded.AnnotationConfigEmbeddedWebApplicationContext@37e4d7bb: startup date [Sun Oct 25 15:14:53 UTC 2015]; parent: org.springframework.context.annotation.AnnotationConfigApplicationContext@36902638
2015-10-25 15:15:26.877  INFO 1 --- [main] s.w.s.m.m.a.RequestMappingHandlerMapping : Mapped "{[/comment/{productId}],methods=[],params=[],headers=[],consumes=[],produces=[application/json],custom=[]}" onto java.util.List<com.nklmish.cs.comments.model.Comment> com.nklmish.cs.comments.boundary.CommentService.findComments(java.lang.Integer)
2015-10-25 15:15:26.897  INFO 1 --- [main] s.w.s.m.m.a.RequestMappingHandlerMapping : Mapped "{[/error],methods=[],params=[],headers=[],consumes=[],produces=[text/html],custom=[]}" onto public org.springframework.web.servlet.ModelAndView org.springframework.boot.autoconfigure.web.BasicErrorController.errorHtml(javax.servlet.http.HttpServletRequest)
2015-10-25 15:15:26.933  INFO 1 --- [main] s.w.s.m.m.a.RequestMappingHandlerMapping : Mapped "{[/error],methods=[],params=[],headers=[],consumes=[],produces=[],custom=[]}" onto public org.springframework.http.ResponseEntity<java.util.Map<java.lang.String, java.lang.Object>> org.springframework.boot.autoconfigure.web.BasicErrorController.error(javax.servlet.http.HttpServletRequest)
2015-10-25 15:15:27.266  INFO 1 --- [main] o.s.w.s.handler.SimpleUrlHandlerMapping  : Mapped URL path [/webjars/**] onto handler of type [class org.springframework.web.servlet.resource.ResourceHttpRequestHandler]
2015-10-25 15:15:27.284  INFO 1 --- [main] o.s.w.s.handler.SimpleUrlHandlerMapping  : Mapped URL path [/**] onto handler of type [class org.springframework.web.servlet.resource.ResourceHttpRequestHandler]
2015-10-25 15:15:27.648  INFO 1 --- [main] o.s.w.s.handler.SimpleUrlHandlerMapping  : Mapped URL path [/**/favicon.ico] onto handler of type [class org.springframework.web.servlet.resource.ResourceHttpRequestHandler]
2015-10-25 15:15:32.490  INFO 1 --- [main] o.s.b.a.e.mvc.EndpointHandlerMapping     : Mapped "{[/resume],methods=[POST],params=[],headers=[],consumes=[],produces=[],custom=[]}" onto public java.lang.Object org.springframework.cloud.endpoint.GenericPostableMvcEndpoint.invoke()
2015-10-25 15:15:32.539  INFO 1 --- [main] o.s.b.a.e.mvc.EndpointHandlerMapping     : Mapped "{[/refresh],methods=[POST],params=[],headers=[],consumes=[],produces=[],custom=[]}" onto public java.lang.Object org.springframework.cloud.endpoint.GenericPostableMvcEndpoint.invoke()
2015-10-25 15:15:32.576  INFO 1 --- [main] o.s.b.a.e.mvc.EndpointHandlerMapping     : Mapped "{[/restart],methods=[POST],params=[],headers=[],consumes=[],produces=[],custom=[]}" onto public java.lang.Object org.springframework.cloud.context.restart.RestartMvcEndpoint.invoke()
2015-10-25 15:15:32.594  INFO 1 --- [main] o.s.b.a.e.mvc.EndpointHandlerMapping     : Mapped "{[/mappings],methods=[GET],params=[],headers=[],consumes=[],produces=[],custom=[]}" onto public java.lang.Object org.springframework.boot.actuate.endpoint.mvc.EndpointMvcAdapter.invoke()
2015-10-25 15:15:32.596  INFO 1 --- [main] o.s.b.a.e.mvc.EndpointHandlerMapping     : Mapped "{[/env/{name:.*}],methods=[GET],params=[],headers=[],consumes=[],produces=[],custom=[]}" onto public java.lang.Object org.springframework.boot.actuate.endpoint.mvc.EnvironmentMvcEndpoint.value(java.lang.String)
2015-10-25 15:15:32.614  INFO 1 --- [main] o.s.b.a.e.mvc.EndpointHandlerMapping     : Mapped "{[/env],methods=[GET],params=[],headers=[],consumes=[],produces=[],custom=[]}" onto public java.lang.Object org.springframework.boot.actuate.endpoint.mvc.EndpointMvcAdapter.invoke()
2015-10-25 15:15:32.617  INFO 1 --- [main] o.s.b.a.e.mvc.EndpointHandlerMapping     : Mapped "{[/pause],methods=[POST],params=[],headers=[],consumes=[],produces=[],custom=[]}" onto public java.lang.Object org.springframework.cloud.endpoint.GenericPostableMvcEndpoint.invoke()
2015-10-25 15:15:32.626  INFO 1 --- [main] o.s.b.a.e.mvc.EndpointHandlerMapping     : Mapped "{[/dump],methods=[GET],params=[],headers=[],consumes=[],produces=[],custom=[]}" onto public java.lang.Object org.springframework.boot.actuate.endpoint.mvc.EndpointMvcAdapter.invoke()
2015-10-25 15:15:32.629  INFO 1 --- [main] o.s.b.a.e.mvc.EndpointHandlerMapping     : Mapped "{[/info],methods=[GET],params=[],headers=[],consumes=[],produces=[],custom=[]}" onto public java.lang.Object org.springframework.boot.actuate.endpoint.mvc.EndpointMvcAdapter.invoke()
2015-10-25 15:15:32.630  INFO 1 --- [main] o.s.b.a.e.mvc.EndpointHandlerMapping     : Mapped "{[/health],methods=[],params=[],headers=[],consumes=[],produces=[],custom=[]}" onto public java.lang.Object org.springframework.boot.actuate.endpoint.mvc.HealthMvcEndpoint.invoke(java.security.Principal)
2015-10-25 15:15:32.642  INFO 1 --- [main] o.s.b.a.e.mvc.EndpointHandlerMapping     : Mapped "{[/env],methods=[POST],params=[],headers=[],consumes=[],produces=[],custom=[]}" onto public java.lang.Object org.springframework.cloud.context.environment.EnvironmentManagerMvcEndpoint.value(java.util.Map<java.lang.String, java.lang.String>)
2015-10-25 15:15:32.684  INFO 1 --- [main] o.s.b.a.e.mvc.EndpointHandlerMapping     : Mapped "{[/env/reset],methods=[POST],params=[],headers=[],consumes=[],produces=[],custom=[]}" onto public java.util.Map<java.lang.String, java.lang.Object> org.springframework.cloud.context.environment.EnvironmentManagerMvcEndpoint.reset()
2015-10-25 15:15:32.696  INFO 1 --- [main] o.s.b.a.e.mvc.EndpointHandlerMapping     : Mapped "{[/archaius],methods=[GET],params=[],headers=[],consumes=[],produces=[],custom=[]}" onto public java.lang.Object org.springframework.boot.actuate.endpoint.mvc.EndpointMvcAdapter.invoke()
2015-10-25 15:15:32.711  INFO 1 --- [main] o.s.b.a.e.mvc.EndpointHandlerMapping     : Mapped "{[/trace],methods=[GET],params=[],headers=[],consumes=[],produces=[],custom=[]}" onto public java.lang.Object org.springframework.boot.actuate.endpoint.mvc.EndpointMvcAdapter.invoke()
2015-10-25 15:15:32.726  INFO 1 --- [main] o.s.b.a.e.mvc.EndpointHandlerMapping     : Mapped "{[/autoconfig],methods=[GET],params=[],headers=[],consumes=[],produces=[],custom=[]}" onto public java.lang.Object org.springframework.boot.actuate.endpoint.mvc.EndpointMvcAdapter.invoke()
2015-10-25 15:15:32.728  INFO 1 --- [main] o.s.b.a.e.mvc.EndpointHandlerMapping     : Mapped "{[/beans],methods=[GET],params=[],headers=[],consumes=[],produces=[],custom=[]}" onto public java.lang.Object org.springframework.boot.actuate.endpoint.mvc.EndpointMvcAdapter.invoke()
2015-10-25 15:15:32.761  INFO 1 --- [main] o.s.b.a.e.mvc.EndpointHandlerMapping     : Mapped "{[/metrics/{name:.*}],methods=[GET],params=[],headers=[],consumes=[],produces=[],custom=[]}" onto public java.lang.Object org.springframework.boot.actuate.endpoint.mvc.MetricsMvcEndpoint.value(java.lang.String)
2015-10-25 15:15:32.762  INFO 1 --- [main] o.s.b.a.e.mvc.EndpointHandlerMapping     : Mapped "{[/metrics],methods=[GET],params=[],headers=[],consumes=[],produces=[],custom=[]}" onto public java.lang.Object org.springframework.boot.actuate.endpoint.mvc.EndpointMvcAdapter.invoke()
2015-10-25 15:15:32.764  INFO 1 --- [main] o.s.b.a.e.mvc.EndpointHandlerMapping     : Mapped "{[/configprops],methods=[GET],params=[],headers=[],consumes=[],produces=[],custom=[]}" onto public java.lang.Object org.springframework.boot.actuate.endpoint.mvc.EndpointMvcAdapter.invoke()
2015-10-25 15:15:33.948  WARN 1 --- [main] c.n.c.sources.URLConfigurationSource     : No URLs will be polled as dynamic configuration sources.
2015-10-25 15:15:34.043  INFO 1 --- [main] c.n.c.sources.URLConfigurationSource     : To enable URLs as dynamic configuration sources, define System property archaius.configurationSource.additionalUrls or make config.properties available on classpath.
2015-10-25 15:15:34.162  INFO 1 --- [main] o.s.j.e.a.AnnotationMBeanExporter        : Registering beans for JMX exposure on startup
2015-10-25 15:15:34.212  INFO 1 --- [main] o.s.j.e.a.AnnotationMBeanExporter        : Bean with name 'refreshEndpoint' has been autodetected for JMX exposure
2015-10-25 15:15:34.342  INFO 1 --- [main] o.s.j.e.a.AnnotationMBeanExporter        : Bean with name 'restartEndpoint' has been autodetected for JMX exposure
2015-10-25 15:15:34.388  INFO 1 --- [main] o.s.j.e.a.AnnotationMBeanExporter        : Bean with name 'configurationPropertiesRebinder' has been autodetected for JMX exposure
2015-10-25 15:15:34.390  INFO 1 --- [main] o.s.j.e.a.AnnotationMBeanExporter        : Bean with name 'refreshScope' has been autodetected for JMX exposure
2015-10-25 15:15:34.398  INFO 1 --- [main] o.s.j.e.a.AnnotationMBeanExporter        : Bean with name 'environmentManager' has been autodetected for JMX exposure
2015-10-25 15:15:34.427  INFO 1 --- [main] o.s.j.e.a.AnnotationMBeanExporter        : Located managed bean 'environmentManager': registering with JMX server as MBean [org.springframework.cloud.context.environment:name=environmentManager,type=EnvironmentManager]
2015-10-25 15:15:34.571  INFO 1 --- [main] o.s.j.e.a.AnnotationMBeanExporter        : Located managed bean 'restartEndpoint': registering with JMX server as MBean [org.springframework.cloud.context.restart:name=restartEndpoint,type=RestartEndpoint]
2015-10-25 15:15:35.500  INFO 1 --- [main] o.s.j.e.a.AnnotationMBeanExporter        : Located managed bean 'refreshScope': registering with JMX server as MBean [org.springframework.cloud.context.scope.refresh:name=refreshScope,type=RefreshScope]
2015-10-25 15:15:35.517  INFO 1 --- [main] o.s.j.e.a.AnnotationMBeanExporter        : Located managed bean 'configurationPropertiesRebinder': registering with JMX server as MBean [org.springframework.cloud.context.properties:name=configurationPropertiesRebinder,type=ConfigurationPropertiesRebinder]
2015-10-25 15:15:35.590  INFO 1 --- [main] o.s.j.e.a.AnnotationMBeanExporter        : Located managed bean 'refreshEndpoint': registering with JMX server as MBean [org.springframework.cloud.bootstrap.config:name=refreshEndpoint,type=RefreshEndpoint]
2015-10-25 15:15:35.731  INFO 1 --- [main] o.s.c.support.DefaultLifecycleProcessor  : Starting beans in phase 0
2015-10-25 15:15:35.810  INFO 1 --- [main] .p.EurekaConfigBasedInstanceInfoProvider : Setting initial instance status as: STARTING
2015-10-25 15:15:39.304  INFO 1 --- [main] com.netflix.discovery.DiscoveryClient    : Disable delta property : false
2015-10-25 15:15:39.366  INFO 1 --- [main] com.netflix.discovery.DiscoveryClient    : Single vip registry refresh property : null
2015-10-25 15:15:39.385  INFO 1 --- [main] com.netflix.discovery.DiscoveryClient    : Force full registry fetch : false
2015-10-25 15:15:39.386  INFO 1 --- [main] com.netflix.discovery.DiscoveryClient    : Application is null : false
2015-10-25 15:15:39.416  INFO 1 --- [main] com.netflix.discovery.DiscoveryClient    : Registered Applications size is zero : true
2015-10-25 15:15:39.418  INFO 1 --- [main] com.netflix.discovery.DiscoveryClient    : Application version is -1: true
2015-10-25 15:15:40.054  INFO 1 --- [main] com.netflix.discovery.DiscoveryClient    : Getting all instance registry info from the eureka server
2015-10-25 15:15:40.427  INFO 1 --- [main] com.netflix.discovery.DiscoveryClient    : The response status is 200
2015-10-25 15:15:40.475  INFO 1 --- [main] com.netflix.discovery.DiscoveryClient    : Starting heartbeat executor: renew interval is: 10
2015-10-25 15:15:40.590  INFO 1 --- [main] c.n.e.EurekaDiscoveryClientConfiguration : Registering application comment-service with eureka with status UP
2015-10-25 15:15:41.633  INFO 1 --- [main] s.b.c.e.t.TomcatEmbeddedServletContainer : Tomcat started on port(s): 8090 (http)
2015-10-25 15:15:41.697  INFO 1 --- [main] com.nklmish.cs.comments.Application      : Started Application in 57.09 seconds (JVM running for 62.907)
2015-10-25 15:15:50.620  INFO 1 --- [pool-4-thread-1] com.netflix.discovery.DiscoveryClient    : DiscoveryClient_COMMENT-SERVICE/172.17.0.36:comment-service:5803d6ec65b3eee44a5b79fa448da72a - Re-registering apps/COMMENT-SERVICE
2015-10-25 15:15:50.623  INFO 1 --- [pool-4-thread-1] com.netflix.discovery.DiscoveryClient    : DiscoveryClient_COMMENT-SERVICE/172.17.0.36:comment-service:5803d6ec65b3eee44a5b79fa448da72a: registering service...
2015-10-25 15:15:50.691  INFO 1 --- [pool-4-thread-1] com.netflix.discovery.DiscoveryClient    : DiscoveryClient_COMMENT-SERVICE/172.17.0.36:comment-service:5803d6ec65b3eee44a5b79fa448da72a - registration status: 204
2015-10-25 15:16:20.588  INFO 1 --- [DiscoveryClient-1] com.netflix.discovery.DiscoveryClient    : DiscoveryClient_COMMENT-SERVICE/172.17.0.36:comment-service:5803d6ec65b3eee44a5b79fa448da72a - retransmit instance info with status UP
2015-10-25 15:16:20.590  INFO 1 --- [DiscoveryClient-1] com.netflix.discovery.DiscoveryClient    : DiscoveryClient_COMMENT-SERVICE/172.17.0.36:comment-service:5803d6ec65b3eee44a5b79fa448da72a: registering service...
2015-10-25 15:16:20.633  INFO 1 --- [DiscoveryClient-1] com.netflix.discovery.DiscoveryClient    : DiscoveryClient_COMMENT-SERVICE/172.17.0.36:comment-service:5803d6ec65b3eee44a5b79fa448da72a - registration status: 204
2015-10-25 15:16:20.724  INFO 1 --- [pool-4-thread-1] com.netflix.discovery.DiscoveryClient    : DiscoveryClient_COMMENT-SERVICE/172.17.0.36:comment-service:5803d6ec65b3eee44a5b79fa448da72a - Re-registering apps/COMMENT-SERVICE
2015-10-25 15:16:20.724  INFO 1 --- [pool-4-thread-1] com.netflix.discovery.DiscoveryClient    : DiscoveryClient_COMMENT-SERVICE/172.17.0.36:comment-service:5803d6ec65b3eee44a5b79fa448da72a: registering service...
2015-10-25 15:16:20.742  INFO 1 --- [pool-4-thread-1] com.netflix.discovery.DiscoveryClient    : DiscoveryClient_COMMENT-SERVICE/172.17.0.36:comment-service:5803d6ec65b3eee44a5b79fa448da72a - registration status: 204
2015-10-25 15:20:46.737  INFO 1 --- [http-nio-8090-exec-1] o.a.c.c.C.[Tomcat].[localhost].[/]       : Initializing Spring FrameworkServlet 'dispatcherServlet'
2015-10-25 15:20:46.744  INFO 1 --- [http-nio-8090-exec-1] o.s.web.servlet.DispatcherServlet        : FrameworkServlet 'dispatcherServlet': initialization started
2015-10-25 15:20:46.864  INFO 1 --- [http-nio-8090-exec-1] o.s.web.servlet.DispatcherServlet        : FrameworkServlet 'dispatcherServlet': initialization completed in 118 ms
2015-10-25 15:20:47.101 DEBUG 1 --- [http-nio-8090-exec-1] c.n.cs.comments.boundary.CommentService  : retrieving comments for product 800
2015-10-25 15:20:48.556 DEBUG 1 --- [http-nio-8090-exec-2] c.n.cs.comments.boundary.CommentService  : retrieving comments for product 800
2015-10-25 15:20:49.872 DEBUG 1 --- [http-nio-8090-exec-3] c.n.cs.comments.boundary.CommentService  : retrieving comments for product 800
2015-10-25 15:20:50.226 DEBUG 1 --- [http-nio-8090-exec-4] c.n.cs.comments.boundary.CommentService  : retrieving comments for product 800
2015-10-25 15:20:50.492 DEBUG 1 --- [http-nio-8090-exec-5] c.n.cs.comments.boundary.CommentService  : retrieving comments for product 800
2015-10-25 15:20:50.675 DEBUG 1 --- [http-nio-8090-exec-6] c.n.cs.comments.boundary.CommentService  : retrieving comments for product 800
2015-10-25 15:20:50.859 DEBUG 1 --- [http-nio-8090-exec-7] c.n.cs.comments.boundary.CommentService  : retrieving comments for product 800
2015-10-25 15:20:51.070 DEBUG 1 --- [http-nio-8090-exec-8] c.n.cs.comments.boundary.CommentService  : retrieving comments for product 800
2015-10-25 15:20:51.229 DEBUG 1 --- [http-nio-8090-exec-9] c.n.cs.comments.boundary.CommentService  : retrieving comments for product 800
2015-10-25 15:20:51.346 DEBUG 1 --- [http-nio-8090-exec-10] c.n.cs.comments.boundary.CommentService  : retrieving comments for product 800
