2015-10-25 15:14:23.319  INFO 1 --- [main] ationConfigEmbeddedWebApplicationContext : Refreshing org.springframework.boot.context.embedded.AnnotationConfigEmbeddedWebApplicationContext@3543df7d: startup date [Sun Oct 25 15:14:23 UTC 2015]; parent: org.springframework.context.annotation.AnnotationConfigApplicationContext@1972e513
2015-10-25 15:14:25.358  INFO 1 --- [main] o.s.b.f.s.DefaultListableBeanFactory     : Overriding bean definition for bean 'beanNameViewResolver': replacing [Root bean: class [null]; scope=; abstract=false; lazyInit=false; autowireMode=3; dependencyCheck=0; autowireCandidate=true; primary=false; factoryBeanName=org.springframework.boot.autoconfigure.web.ErrorMvcAutoConfiguration$WhitelabelErrorViewConfiguration; factoryMethodName=beanNameViewResolver; initMethodName=null; destroyMethodName=(inferred); defined in class path resource [org/springframework/boot/autoconfigure/web/ErrorMvcAutoConfiguration$WhitelabelErrorViewConfiguration.class]] with [Root bean: class [null]; scope=; abstract=false; lazyInit=false; autowireMode=3; dependencyCheck=0; autowireCandidate=true; primary=false; factoryBeanName=org.springframework.boot.autoconfigure.web.WebMvcAutoConfiguration$WebMvcAutoConfigurationAdapter; factoryMethodName=beanNameViewResolver; initMethodName=null; destroyMethodName=(inferred); defined in class path resource [org/springframework/boot/autoconfigure/web/WebMvcAutoConfiguration$WebMvcAutoConfigurationAdapter.class]]
2015-10-25 15:14:25.771  INFO 1 --- [main] o.s.b.f.s.DefaultListableBeanFactory     : Overriding bean definition for bean 'infoEndpoint': replacing [Root bean: class [null]; scope=; abstract=false; lazyInit=false; autowireMode=3; dependencyCheck=0; autowireCandidate=true; primary=false; factoryBeanName=org.springframework.boot.actuate.autoconfigure.EndpointAutoConfiguration; factoryMethodName=infoEndpoint; initMethodName=null; destroyMethodName=(inferred); defined in class path resource [org/springframework/boot/actuate/autoconfigure/EndpointAutoConfiguration.class]] with [Root bean: class [null]; scope=; abstract=false; lazyInit=false; autowireMode=3; dependencyCheck=0; autowireCandidate=true; primary=false; factoryBeanName=org.springframework.cloud.autoconfigure.RefreshAutoConfiguration$InfoEndpointRebinderConfiguration; factoryMethodName=infoEndpoint; initMethodName=null; destroyMethodName=(inferred); defined in class path resource [org/springframework/cloud/autoconfigure/RefreshAutoConfiguration$InfoEndpointRebinderConfiguration.class]]
2015-10-25 15:14:25.828  INFO 1 --- [main] o.s.b.f.s.DefaultListableBeanFactory     : Overriding bean definition for bean 'default.null.RibbonClientSpecification': replacing [Generic bean: class [org.springframework.cloud.netflix.ribbon.RibbonClientSpecification]; scope=; abstract=false; lazyInit=false; autowireMode=0; dependencyCheck=0; autowireCandidate=true; primary=false; factoryBeanName=null; factoryMethodName=null; initMethodName=null; destroyMethodName=null] with [Generic bean: class [org.springframework.cloud.netflix.ribbon.RibbonClientSpecification]; scope=; abstract=false; lazyInit=false; autowireMode=0; dependencyCheck=0; autowireCandidate=true; primary=false; factoryBeanName=null; factoryMethodName=null; initMethodName=null; destroyMethodName=null]
2015-10-25 15:14:26.584  INFO 1 --- [main] o.s.cloud.context.scope.GenericScope     : BeanFactory id=9249b92a-24b8-30c4-9c43-7b1e596626e2
2015-10-25 15:14:26.611  INFO 1 --- [main] f.a.AutowiredAnnotationBeanPostProcessor : JSR-330 'javax.inject.Inject' annotation found and supported for autowiring
2015-10-25 15:14:27.056  INFO 1 --- [main] trationDelegate$BeanPostProcessorChecker : Bean 'org.springframework.cloud.autoconfigure.RefreshAutoConfiguration$ConfigurationPropertiesRebinderConfiguration' of type [class org.springframework.cloud.autoconfigure.RefreshAutoConfiguration$ConfigurationPropertiesRebinderConfiguration$$EnhancerBySpringCGLIB$$605c4bb0] is not eligible for getting processed by all BeanPostProcessors (for example: not eligible for auto-proxying)
2015-10-25 15:14:28.101  INFO 1 --- [main] s.b.c.e.t.TomcatEmbeddedServletContainer : Tomcat initialized with port(s): 8090 (http)
2015-10-25 15:14:28.623  INFO 1 --- [main] o.apache.catalina.core.StandardService   : Starting service Tomcat
2015-10-25 15:14:28.683  INFO 1 --- [main] org.apache.catalina.core.StandardEngine  : Starting Servlet Engine: Apache Tomcat/8.0.23
2015-10-25 15:14:29.393  INFO 1 --- [localhost-startStop-1] o.a.c.c.C.[Tomcat].[localhost].[/]       : Initializing Spring embedded WebApplicationContext
2015-10-25 15:14:29.405  INFO 1 --- [localhost-startStop-1] o.s.web.context.ContextLoader            : Root WebApplicationContext: initialization completed in 6086 ms
2015-10-25 15:14:33.991  INFO 1 --- [localhost-startStop-1] o.s.b.c.e.ServletRegistrationBean        : Mapping servlet: 'dispatcherServlet' to [/]
2015-10-25 15:14:34.027  INFO 1 --- [localhost-startStop-1] o.s.b.c.embedded.FilterRegistrationBean  : Mapping filter: 'metricFilter' to: [/*]
2015-10-25 15:14:34.036  INFO 1 --- [localhost-startStop-1] o.s.b.c.embedded.FilterRegistrationBean  : Mapping filter: 'characterEncodingFilter' to: [/*]
2015-10-25 15:14:34.038  INFO 1 --- [localhost-startStop-1] o.s.b.c.embedded.FilterRegistrationBean  : Mapping filter: 'hiddenHttpMethodFilter' to: [/*]
2015-10-25 15:14:34.048  INFO 1 --- [localhost-startStop-1] o.s.b.c.embedded.FilterRegistrationBean  : Mapping filter: 'webRequestLoggingFilter' to: [/*]
2015-10-25 15:14:34.049  INFO 1 --- [localhost-startStop-1] o.s.b.c.embedded.FilterRegistrationBean  : Mapping filter: 'applicationContextIdFilter' to: [/*]
2015-10-25 15:14:36.259  WARN 1 --- [main] c.n.c.sources.URLConfigurationSource     : No URLs will be polled as dynamic configuration sources.
2015-10-25 15:14:36.290  INFO 1 --- [main] c.n.c.sources.URLConfigurationSource     : To enable URLs as dynamic configuration sources, define System property archaius.configurationSource.additionalUrls or make config.properties available on classpath.
2015-10-25 15:14:36.319  INFO 1 --- [main] c.netflix.config.DynamicPropertyFactory  : DynamicPropertyFactory is initialized with configuration sources: com.netflix.config.ConcurrentCompositeConfiguration@3e33d73e
2015-10-25 15:14:37.628  INFO 1 --- [main] s.w.s.m.m.a.RequestMappingHandlerAdapter : Looking for @ControllerAdvice: org.springframework.boot.context.embedded.AnnotationConfigEmbeddedWebApplicationContext@3543df7d: startup date [Sun Oct 25 15:14:23 UTC 2015]; parent: org.springframework.context.annotation.AnnotationConfigApplicationContext@1972e513
2015-10-25 15:14:37.886  INFO 1 --- [main] s.w.s.m.m.a.RequestMappingHandlerMapping : Mapped "{[/price/{productId}],methods=[],params=[],headers=[],consumes=[],produces=[application/json],custom=[]}" onto public com.nklmish.ps.prices.model.Price com.nklmish.ps.prices.boundary.PriceService.findComments(java.lang.Integer)
2015-10-25 15:14:37.904  INFO 1 --- [main] s.w.s.m.m.a.RequestMappingHandlerMapping : Mapped "{[/error],methods=[],params=[],headers=[],consumes=[],produces=[text/html],custom=[]}" onto public org.springframework.web.servlet.ModelAndView org.springframework.boot.autoconfigure.web.BasicErrorController.errorHtml(javax.servlet.http.HttpServletRequest)
2015-10-25 15:14:37.923  INFO 1 --- [main] s.w.s.m.m.a.RequestMappingHandlerMapping : Mapped "{[/error],methods=[],params=[],headers=[],consumes=[],produces=[],custom=[]}" onto public org.springframework.http.ResponseEntity<java.util.Map<java.lang.String, java.lang.Object>> org.springframework.boot.autoconfigure.web.BasicErrorController.error(javax.servlet.http.HttpServletRequest)
2015-10-25 15:14:38.115  INFO 1 --- [main] o.s.w.s.handler.SimpleUrlHandlerMapping  : Mapped URL path [/webjars/**] onto handler of type [class org.springframework.web.servlet.resource.ResourceHttpRequestHandler]
2015-10-25 15:14:38.119  INFO 1 --- [main] o.s.w.s.handler.SimpleUrlHandlerMapping  : Mapped URL path [/**] onto handler of type [class org.springframework.web.servlet.resource.ResourceHttpRequestHandler]
2015-10-25 15:14:38.378  INFO 1 --- [main] o.s.w.s.handler.SimpleUrlHandlerMapping  : Mapped URL path [/**/favicon.ico] onto handler of type [class org.springframework.web.servlet.resource.ResourceHttpRequestHandler]
2015-10-25 15:14:46.116  INFO 1 --- [main] o.s.b.a.e.mvc.EndpointHandlerMapping     : Mapped "{[/autoconfig],methods=[GET],params=[],headers=[],consumes=[],produces=[],custom=[]}" onto public java.lang.Object org.springframework.boot.actuate.endpoint.mvc.EndpointMvcAdapter.invoke()
2015-10-25 15:14:46.162  INFO 1 --- [main] o.s.b.a.e.mvc.EndpointHandlerMapping     : Mapped "{[/metrics/{name:.*}],methods=[GET],params=[],headers=[],consumes=[],produces=[],custom=[]}" onto public java.lang.Object org.springframework.boot.actuate.endpoint.mvc.MetricsMvcEndpoint.value(java.lang.String)
2015-10-25 15:14:46.230  INFO 1 --- [main] o.s.b.a.e.mvc.EndpointHandlerMapping     : Mapped "{[/metrics],methods=[GET],params=[],headers=[],consumes=[],produces=[],custom=[]}" onto public java.lang.Object org.springframework.boot.actuate.endpoint.mvc.EndpointMvcAdapter.invoke()
2015-10-25 15:14:46.256  INFO 1 --- [main] o.s.b.a.e.mvc.EndpointHandlerMapping     : Mapped "{[/dump],methods=[GET],params=[],headers=[],consumes=[],produces=[],custom=[]}" onto public java.lang.Object org.springframework.boot.actuate.endpoint.mvc.EndpointMvcAdapter.invoke()
2015-10-25 15:14:46.273  INFO 1 --- [main] o.s.b.a.e.mvc.EndpointHandlerMapping     : Mapped "{[/refresh],methods=[POST],params=[],headers=[],consumes=[],produces=[],custom=[]}" onto public java.lang.Object org.springframework.cloud.endpoint.GenericPostableMvcEndpoint.invoke()
2015-10-25 15:14:46.281  INFO 1 --- [main] o.s.b.a.e.mvc.EndpointHandlerMapping     : Mapped "{[/restart],methods=[POST],params=[],headers=[],consumes=[],produces=[],custom=[]}" onto public java.lang.Object org.springframework.cloud.context.restart.RestartMvcEndpoint.invoke()
2015-10-25 15:14:46.285  INFO 1 --- [main] o.s.b.a.e.mvc.EndpointHandlerMapping     : Mapped "{[/configprops],methods=[GET],params=[],headers=[],consumes=[],produces=[],custom=[]}" onto public java.lang.Object org.springframework.boot.actuate.endpoint.mvc.EndpointMvcAdapter.invoke()
2015-10-25 15:14:46.299  INFO 1 --- [main] o.s.b.a.e.mvc.EndpointHandlerMapping     : Mapped "{[/beans],methods=[GET],params=[],headers=[],consumes=[],produces=[],custom=[]}" onto public java.lang.Object org.springframework.boot.actuate.endpoint.mvc.EndpointMvcAdapter.invoke()
2015-10-25 15:14:46.335  INFO 1 --- [main] o.s.b.a.e.mvc.EndpointHandlerMapping     : Mapped "{[/pause],methods=[POST],params=[],headers=[],consumes=[],produces=[],custom=[]}" onto public java.lang.Object org.springframework.cloud.endpoint.GenericPostableMvcEndpoint.invoke()
2015-10-25 15:14:46.337  INFO 1 --- [main] o.s.b.a.e.mvc.EndpointHandlerMapping     : Mapped "{[/health],methods=[],params=[],headers=[],consumes=[],produces=[],custom=[]}" onto public java.lang.Object org.springframework.boot.actuate.endpoint.mvc.HealthMvcEndpoint.invoke(java.security.Principal)
2015-10-25 15:14:46.366  INFO 1 --- [main] o.s.b.a.e.mvc.EndpointHandlerMapping     : Mapped "{[/env/{name:.*}],methods=[GET],params=[],headers=[],consumes=[],produces=[],custom=[]}" onto public java.lang.Object org.springframework.boot.actuate.endpoint.mvc.EnvironmentMvcEndpoint.value(java.lang.String)
2015-10-25 15:14:46.373  INFO 1 --- [main] o.s.b.a.e.mvc.EndpointHandlerMapping     : Mapped "{[/env],methods=[GET],params=[],headers=[],consumes=[],produces=[],custom=[]}" onto public java.lang.Object org.springframework.boot.actuate.endpoint.mvc.EndpointMvcAdapter.invoke()
2015-10-25 15:14:46.405  INFO 1 --- [main] o.s.b.a.e.mvc.EndpointHandlerMapping     : Mapped "{[/mappings],methods=[GET],params=[],headers=[],consumes=[],produces=[],custom=[]}" onto public java.lang.Object org.springframework.boot.actuate.endpoint.mvc.EndpointMvcAdapter.invoke()
2015-10-25 15:14:46.426  INFO 1 --- [main] o.s.b.a.e.mvc.EndpointHandlerMapping     : Mapped "{[/info],methods=[GET],params=[],headers=[],consumes=[],produces=[],custom=[]}" onto public java.lang.Object org.springframework.boot.actuate.endpoint.mvc.EndpointMvcAdapter.invoke()
2015-10-25 15:14:46.440  INFO 1 --- [main] o.s.b.a.e.mvc.EndpointHandlerMapping     : Mapped "{[/trace],methods=[GET],params=[],headers=[],consumes=[],produces=[],custom=[]}" onto public java.lang.Object org.springframework.boot.actuate.endpoint.mvc.EndpointMvcAdapter.invoke()
2015-10-25 15:14:46.454  INFO 1 --- [main] o.s.b.a.e.mvc.EndpointHandlerMapping     : Mapped "{[/env],methods=[POST],params=[],headers=[],consumes=[],produces=[],custom=[]}" onto public java.lang.Object org.springframework.cloud.context.environment.EnvironmentManagerMvcEndpoint.value(java.util.Map<java.lang.String, java.lang.String>)
2015-10-25 15:14:46.491  INFO 1 --- [main] o.s.b.a.e.mvc.EndpointHandlerMapping     : Mapped "{[/env/reset],methods=[POST],params=[],headers=[],consumes=[],produces=[],custom=[]}" onto public java.util.Map<java.lang.String, java.lang.Object> org.springframework.cloud.context.environment.EnvironmentManagerMvcEndpoint.reset()
2015-10-25 15:14:46.495  INFO 1 --- [main] o.s.b.a.e.mvc.EndpointHandlerMapping     : Mapped "{[/archaius],methods=[GET],params=[],headers=[],consumes=[],produces=[],custom=[]}" onto public java.lang.Object org.springframework.boot.actuate.endpoint.mvc.EndpointMvcAdapter.invoke()
2015-10-25 15:14:46.496  INFO 1 --- [main] o.s.b.a.e.mvc.EndpointHandlerMapping     : Mapped "{[/resume],methods=[POST],params=[],headers=[],consumes=[],produces=[],custom=[]}" onto public java.lang.Object org.springframework.cloud.endpoint.GenericPostableMvcEndpoint.invoke()
2015-10-25 15:14:51.010  WARN 1 --- [main] c.n.c.sources.URLConfigurationSource     : No URLs will be polled as dynamic configuration sources.
2015-10-25 15:14:51.062  INFO 1 --- [main] c.n.c.sources.URLConfigurationSource     : To enable URLs as dynamic configuration sources, define System property archaius.configurationSource.additionalUrls or make config.properties available on classpath.
2015-10-25 15:14:51.256  INFO 1 --- [main] o.s.j.e.a.AnnotationMBeanExporter        : Registering beans for JMX exposure on startup
2015-10-25 15:14:51.379  INFO 1 --- [main] o.s.j.e.a.AnnotationMBeanExporter        : Bean with name 'refreshEndpoint' has been autodetected for JMX exposure
2015-10-25 15:14:51.437  INFO 1 --- [main] o.s.j.e.a.AnnotationMBeanExporter        : Bean with name 'restartEndpoint' has been autodetected for JMX exposure
2015-10-25 15:14:51.445  INFO 1 --- [main] o.s.j.e.a.AnnotationMBeanExporter        : Bean with name 'configurationPropertiesRebinder' has been autodetected for JMX exposure
2015-10-25 15:14:51.494  INFO 1 --- [main] o.s.j.e.a.AnnotationMBeanExporter        : Bean with name 'refreshScope' has been autodetected for JMX exposure
2015-10-25 15:14:51.530  INFO 1 --- [main] o.s.j.e.a.AnnotationMBeanExporter        : Bean with name 'environmentManager' has been autodetected for JMX exposure
2015-10-25 15:14:51.570  INFO 1 --- [main] o.s.j.e.a.AnnotationMBeanExporter        : Located managed bean 'environmentManager': registering with JMX server as MBean [org.springframework.cloud.context.environment:name=environmentManager,type=EnvironmentManager]
2015-10-25 15:14:51.639  INFO 1 --- [main] o.s.j.e.a.AnnotationMBeanExporter        : Located managed bean 'restartEndpoint': registering with JMX server as MBean [org.springframework.cloud.context.restart:name=restartEndpoint,type=RestartEndpoint]
2015-10-25 15:14:51.893  INFO 1 --- [main] o.s.j.e.a.AnnotationMBeanExporter        : Located managed bean 'refreshScope': registering with JMX server as MBean [org.springframework.cloud.context.scope.refresh:name=refreshScope,type=RefreshScope]
2015-10-25 15:14:51.954  INFO 1 --- [main] o.s.j.e.a.AnnotationMBeanExporter        : Located managed bean 'configurationPropertiesRebinder': registering with JMX server as MBean [org.springframework.cloud.context.properties:name=configurationPropertiesRebinder,type=ConfigurationPropertiesRebinder]
2015-10-25 15:14:52.255  INFO 1 --- [main] o.s.j.e.a.AnnotationMBeanExporter        : Located managed bean 'refreshEndpoint': registering with JMX server as MBean [org.springframework.cloud.bootstrap.config:name=refreshEndpoint,type=RefreshEndpoint]
2015-10-25 15:14:52.335  INFO 1 --- [main] o.s.c.support.DefaultLifecycleProcessor  : Starting beans in phase 0
2015-10-25 15:14:52.393  INFO 1 --- [main] .p.EurekaConfigBasedInstanceInfoProvider : Setting initial instance status as: STARTING
2015-10-25 15:14:57.188  INFO 1 --- [main] com.netflix.discovery.DiscoveryClient    : Disable delta property : false
2015-10-25 15:14:57.289  INFO 1 --- [main] com.netflix.discovery.DiscoveryClient    : Single vip registry refresh property : null
2015-10-25 15:14:57.322  INFO 1 --- [main] com.netflix.discovery.DiscoveryClient    : Force full registry fetch : false
2015-10-25 15:14:57.349  INFO 1 --- [main] com.netflix.discovery.DiscoveryClient    : Application is null : false
2015-10-25 15:14:57.367  INFO 1 --- [main] com.netflix.discovery.DiscoveryClient    : Registered Applications size is zero : true
2015-10-25 15:14:57.367  INFO 1 --- [main] com.netflix.discovery.DiscoveryClient    : Application version is -1: true
2015-10-25 15:14:58.245 ERROR 1 --- [main] com.netflix.discovery.DiscoveryClient    : Can't get a response from http://eurekaService:8761/eureka/apps/
Can't contact any eureka nodes - possibly a security group issue?

com.sun.jersey.api.client.ClientHandlerException: org.apache.http.conn.HttpHostConnectException: Connection to http://eurekaService:8761 refused
	at com.sun.jersey.client.apache4.ApacheHttpClient4Handler.handle(ApacheHttpClient4Handler.java:184)
	at com.sun.jersey.api.client.filter.GZIPContentEncodingFilter.handle(GZIPContentEncodingFilter.java:120)
	at com.netflix.discovery.EurekaIdentityHeaderFilter.handle(EurekaIdentityHeaderFilter.java:28)
	at com.sun.jersey.api.client.Client.handle(Client.java:648)
	at com.sun.jersey.api.client.WebResource.handle(WebResource.java:670)
	at com.sun.jersey.api.client.WebResource.access$200(WebResource.java:74)
	at com.sun.jersey.api.client.WebResource$Builder.get(WebResource.java:503)
	at com.netflix.discovery.DiscoveryClient.getUrl(DiscoveryClient.java:1567)
	at com.netflix.discovery.DiscoveryClient.makeRemoteCall(DiscoveryClient.java:1113)
	at com.netflix.discovery.DiscoveryClient.makeRemoteCall(DiscoveryClient.java:1060)
	at com.netflix.discovery.DiscoveryClient.getAndStoreFullRegistry(DiscoveryClient.java:835)
	at com.netflix.discovery.DiscoveryClient.fetchRegistry(DiscoveryClient.java:746)
	at com.netflix.discovery.DiscoveryClient.<init>(DiscoveryClient.java:320)
	at com.netflix.discovery.DiscoveryClient.<init>(DiscoveryClient.java:197)
	at com.netflix.discovery.DiscoveryClient.<init>(DiscoveryClient.java:193)
	at com.netflix.discovery.DiscoveryManager.initComponent(DiscoveryManager.java:84)
	at org.springframework.cloud.netflix.eureka.DiscoveryManagerInitializer.init(DiscoveryManagerInitializer.java:39)
	at org.springframework.cloud.netflix.eureka.EurekaDiscoveryClientConfiguration.start(EurekaDiscoveryClientConfiguration.java:126)
	at org.springframework.context.support.DefaultLifecycleProcessor.doStart(DefaultLifecycleProcessor.java:173)
	at org.springframework.context.support.DefaultLifecycleProcessor.access$200(DefaultLifecycleProcessor.java:51)
	at org.springframework.context.support.DefaultLifecycleProcessor$LifecycleGroup.start(DefaultLifecycleProcessor.java:346)
	at org.springframework.context.support.DefaultLifecycleProcessor.startBeans(DefaultLifecycleProcessor.java:149)
	at org.springframework.context.support.DefaultLifecycleProcessor.onRefresh(DefaultLifecycleProcessor.java:112)
	at org.springframework.context.support.AbstractApplicationContext.finishRefresh(AbstractApplicationContext.java:770)
	at org.springframework.boot.context.embedded.EmbeddedWebApplicationContext.finishRefresh(EmbeddedWebApplicationContext.java:140)
	at org.springframework.context.support.AbstractApplicationContext.refresh(AbstractApplicationContext.java:483)
	at org.springframework.boot.context.embedded.EmbeddedWebApplicationContext.refresh(EmbeddedWebApplicationContext.java:118)
	at org.springframework.boot.SpringApplication.refresh(SpringApplication.java:686)
	at org.springframework.boot.SpringApplication.run(SpringApplication.java:320)
	at org.springframework.boot.SpringApplication.run(SpringApplication.java:957)
	at org.springframework.boot.SpringApplication.run(SpringApplication.java:946)
	at org.springframework.boot.SpringApplication$run.call(Unknown Source)
	at org.codehaus.groovy.runtime.callsite.CallSiteArray.defaultCall(CallSiteArray.java:45)
	at org.codehaus.groovy.runtime.callsite.AbstractCallSite.call(AbstractCallSite.java:110)
	at org.codehaus.groovy.runtime.callsite.AbstractCallSite.call(AbstractCallSite.java:130)
	at com.nklmish.ps.prices.Application.main(Application.groovy:12)
Caused by: org.apache.http.conn.HttpHostConnectException: Connection to http://eurekaService:8761 refused
	at org.apache.http.impl.conn.DefaultClientConnectionOperator.openConnection(DefaultClientConnectionOperator.java:190)
	at org.apache.http.impl.conn.AbstractPoolEntry.open(AbstractPoolEntry.java:151)
	at org.apache.http.impl.conn.AbstractPooledConnAdapter.open(AbstractPooledConnAdapter.java:125)
	at org.apache.http.impl.client.DefaultRequestDirector.tryConnect(DefaultRequestDirector.java:640)
	at org.apache.http.impl.client.DefaultRequestDirector.execute(DefaultRequestDirector.java:479)
	at org.apache.http.impl.client.AbstractHttpClient.execute(AbstractHttpClient.java:906)
	at org.apache.http.impl.client.AbstractHttpClient.execute(AbstractHttpClient.java:827)
	at com.sun.jersey.client.apache4.ApacheHttpClient4Handler.handle(ApacheHttpClient4Handler.java:170)
	... 35 common frames omitted
Caused by: java.net.ConnectException: Connection refused
	at java.net.PlainSocketImpl.socketConnect(Native Method)
	at java.net.AbstractPlainSocketImpl.doConnect(AbstractPlainSocketImpl.java:350)
	at java.net.AbstractPlainSocketImpl.connectToAddress(AbstractPlainSocketImpl.java:206)
	at java.net.AbstractPlainSocketImpl.connect(AbstractPlainSocketImpl.java:188)
	at java.net.SocksSocketImpl.connect(SocksSocketImpl.java:392)
	at java.net.Socket.connect(Socket.java:589)
	at org.apache.http.conn.scheme.PlainSocketFactory.connectSocket(PlainSocketFactory.java:127)
	at org.apache.http.impl.conn.DefaultClientConnectionOperator.openConnection(DefaultClientConnectionOperator.java:180)
	... 42 common frames omitted

2015-10-25 15:14:58.258 ERROR 1 --- [main] com.netflix.discovery.DiscoveryClient    : DiscoveryClient_PRICE-SERVICE/172.17.0.32:price-service:8b8975f61c58b1d8e9cc3f69960f631b - was unable to refresh its cache! status = org.apache.http.conn.HttpHostConnectException: Connection to http://eurekaService:8761 refused

com.sun.jersey.api.client.ClientHandlerException: org.apache.http.conn.HttpHostConnectException: Connection to http://eurekaService:8761 refused
	at com.sun.jersey.client.apache4.ApacheHttpClient4Handler.handle(ApacheHttpClient4Handler.java:184)
	at com.sun.jersey.api.client.filter.GZIPContentEncodingFilter.handle(GZIPContentEncodingFilter.java:120)
	at com.netflix.discovery.EurekaIdentityHeaderFilter.handle(EurekaIdentityHeaderFilter.java:28)
	at com.sun.jersey.api.client.Client.handle(Client.java:648)
	at com.sun.jersey.api.client.WebResource.handle(WebResource.java:670)
	at com.sun.jersey.api.client.WebResource.access$200(WebResource.java:74)
	at com.sun.jersey.api.client.WebResource$Builder.get(WebResource.java:503)
	at com.netflix.discovery.DiscoveryClient.getUrl(DiscoveryClient.java:1567)
	at com.netflix.discovery.DiscoveryClient.makeRemoteCall(DiscoveryClient.java:1113)
	at com.netflix.discovery.DiscoveryClient.makeRemoteCall(DiscoveryClient.java:1060)
	at com.netflix.discovery.DiscoveryClient.getAndStoreFullRegistry(DiscoveryClient.java:835)
	at com.netflix.discovery.DiscoveryClient.fetchRegistry(DiscoveryClient.java:746)
	at com.netflix.discovery.DiscoveryClient.<init>(DiscoveryClient.java:320)
	at com.netflix.discovery.DiscoveryClient.<init>(DiscoveryClient.java:197)
	at com.netflix.discovery.DiscoveryClient.<init>(DiscoveryClient.java:193)
	at com.netflix.discovery.DiscoveryManager.initComponent(DiscoveryManager.java:84)
	at org.springframework.cloud.netflix.eureka.DiscoveryManagerInitializer.init(DiscoveryManagerInitializer.java:39)
	at org.springframework.cloud.netflix.eureka.EurekaDiscoveryClientConfiguration.start(EurekaDiscoveryClientConfiguration.java:126)
	at org.springframework.context.support.DefaultLifecycleProcessor.doStart(DefaultLifecycleProcessor.java:173)
	at org.springframework.context.support.DefaultLifecycleProcessor.access$200(DefaultLifecycleProcessor.java:51)
	at org.springframework.context.support.DefaultLifecycleProcessor$LifecycleGroup.start(DefaultLifecycleProcessor.java:346)
	at org.springframework.context.support.DefaultLifecycleProcessor.startBeans(DefaultLifecycleProcessor.java:149)
	at org.springframework.context.support.DefaultLifecycleProcessor.onRefresh(DefaultLifecycleProcessor.java:112)
	at org.springframework.context.support.AbstractApplicationContext.finishRefresh(AbstractApplicationContext.java:770)
	at org.springframework.boot.context.embedded.EmbeddedWebApplicationContext.finishRefresh(EmbeddedWebApplicationContext.java:140)
	at org.springframework.context.support.AbstractApplicationContext.refresh(AbstractApplicationContext.java:483)
	at org.springframework.boot.context.embedded.EmbeddedWebApplicationContext.refresh(EmbeddedWebApplicationContext.java:118)
	at org.springframework.boot.SpringApplication.refresh(SpringApplication.java:686)
	at org.springframework.boot.SpringApplication.run(SpringApplication.java:320)
	at org.springframework.boot.SpringApplication.run(SpringApplication.java:957)
	at org.springframework.boot.SpringApplication.run(SpringApplication.java:946)
	at org.springframework.boot.SpringApplication$run.call(Unknown Source)
	at org.codehaus.groovy.runtime.callsite.CallSiteArray.defaultCall(CallSiteArray.java:45)
	at org.codehaus.groovy.runtime.callsite.AbstractCallSite.call(AbstractCallSite.java:110)
	at org.codehaus.groovy.runtime.callsite.AbstractCallSite.call(AbstractCallSite.java:130)
	at com.nklmish.ps.prices.Application.main(Application.groovy:12)
Caused by: org.apache.http.conn.HttpHostConnectException: Connection to http://eurekaService:8761 refused
	at org.apache.http.impl.conn.DefaultClientConnectionOperator.openConnection(DefaultClientConnectionOperator.java:190)
	at org.apache.http.impl.conn.AbstractPoolEntry.open(AbstractPoolEntry.java:151)
	at org.apache.http.impl.conn.AbstractPooledConnAdapter.open(AbstractPooledConnAdapter.java:125)
	at org.apache.http.impl.client.DefaultRequestDirector.tryConnect(DefaultRequestDirector.java:640)
	at org.apache.http.impl.client.DefaultRequestDirector.execute(DefaultRequestDirector.java:479)
	at org.apache.http.impl.client.AbstractHttpClient.execute(AbstractHttpClient.java:906)
	at org.apache.http.impl.client.AbstractHttpClient.execute(AbstractHttpClient.java:827)
	at com.sun.jersey.client.apache4.ApacheHttpClient4Handler.handle(ApacheHttpClient4Handler.java:170)
	... 35 common frames omitted
Caused by: java.net.ConnectException: Connection refused
	at java.net.PlainSocketImpl.socketConnect(Native Method)
	at java.net.AbstractPlainSocketImpl.doConnect(AbstractPlainSocketImpl.java:350)
	at java.net.AbstractPlainSocketImpl.connectToAddress(AbstractPlainSocketImpl.java:206)
	at java.net.AbstractPlainSocketImpl.connect(AbstractPlainSocketImpl.java:188)
	at java.net.SocksSocketImpl.connect(SocksSocketImpl.java:392)
	at java.net.Socket.connect(Socket.java:589)
	at org.apache.http.conn.scheme.PlainSocketFactory.connectSocket(PlainSocketFactory.java:127)
	at org.apache.http.impl.conn.DefaultClientConnectionOperator.openConnection(DefaultClientConnectionOperator.java:180)
	... 42 common frames omitted

2015-10-25 15:14:58.291  WARN 1 --- [main] com.netflix.discovery.DiscoveryClient    : Using default backup registry implementation which does not do anything.
2015-10-25 15:14:58.300  WARN 1 --- [main] com.netflix.discovery.DiscoveryClient    : Cannot fetch applications from apps although backup registry was specified

java.lang.UnsupportedOperationException: Backup registry not implemented.
	at com.netflix.discovery.NotImplementedRegistryImpl.fetchRegistry(NotImplementedRegistryImpl.java:15)
	at com.netflix.discovery.DiscoveryClient.fetchRegistryFromBackup(DiscoveryClient.java:1811)
	at com.netflix.discovery.DiscoveryClient.<init>(DiscoveryClient.java:321)
	at com.netflix.discovery.DiscoveryClient.<init>(DiscoveryClient.java:197)
	at com.netflix.discovery.DiscoveryClient.<init>(DiscoveryClient.java:193)
	at com.netflix.discovery.DiscoveryManager.initComponent(DiscoveryManager.java:84)
	at org.springframework.cloud.netflix.eureka.DiscoveryManagerInitializer.init(DiscoveryManagerInitializer.java:39)
	at org.springframework.cloud.netflix.eureka.EurekaDiscoveryClientConfiguration.start(EurekaDiscoveryClientConfiguration.java:126)
	at org.springframework.context.support.DefaultLifecycleProcessor.doStart(DefaultLifecycleProcessor.java:173)
	at org.springframework.context.support.DefaultLifecycleProcessor.access$200(DefaultLifecycleProcessor.java:51)
	at org.springframework.context.support.DefaultLifecycleProcessor$LifecycleGroup.start(DefaultLifecycleProcessor.java:346)
	at org.springframework.context.support.DefaultLifecycleProcessor.startBeans(DefaultLifecycleProcessor.java:149)
	at org.springframework.context.support.DefaultLifecycleProcessor.onRefresh(DefaultLifecycleProcessor.java:112)
	at org.springframework.context.support.AbstractApplicationContext.finishRefresh(AbstractApplicationContext.java:770)
	at org.springframework.boot.context.embedded.EmbeddedWebApplicationContext.finishRefresh(EmbeddedWebApplicationContext.java:140)
	at org.springframework.context.support.AbstractApplicationContext.refresh(AbstractApplicationContext.java:483)
	at org.springframework.boot.context.embedded.EmbeddedWebApplicationContext.refresh(EmbeddedWebApplicationContext.java:118)
	at org.springframework.boot.SpringApplication.refresh(SpringApplication.java:686)
	at org.springframework.boot.SpringApplication.run(SpringApplication.java:320)
	at org.springframework.boot.SpringApplication.run(SpringApplication.java:957)
	at org.springframework.boot.SpringApplication.run(SpringApplication.java:946)
	at org.springframework.boot.SpringApplication$run.call(Unknown Source)
	at org.codehaus.groovy.runtime.callsite.CallSiteArray.defaultCall(CallSiteArray.java:45)
	at org.codehaus.groovy.runtime.callsite.AbstractCallSite.call(AbstractCallSite.java:110)
	at org.codehaus.groovy.runtime.callsite.AbstractCallSite.call(AbstractCallSite.java:130)
	at com.nklmish.ps.prices.Application.main(Application.groovy:12)

2015-10-25 15:14:58.402  INFO 1 --- [main] com.netflix.discovery.DiscoveryClient    : Starting heartbeat executor: renew interval is: 10
2015-10-25 15:14:58.488  INFO 1 --- [main] c.n.e.EurekaDiscoveryClientConfiguration : Registering application price-service with eureka with status UP
2015-10-25 15:14:59.858  INFO 1 --- [main] s.b.c.e.t.TomcatEmbeddedServletContainer : Tomcat started on port(s): 8090 (http)
2015-10-25 15:14:59.905  INFO 1 --- [main] com.nklmish.ps.prices.Application        : Started Application in 38.256 seconds (JVM running for 39.931)
2015-10-25 15:15:03.313  INFO 1 --- [pool-5-thread-1] com.netflix.discovery.DiscoveryClient    : Disable delta property : false
2015-10-25 15:15:03.314  INFO 1 --- [pool-5-thread-1] com.netflix.discovery.DiscoveryClient    : Single vip registry refresh property : null
2015-10-25 15:15:03.315  INFO 1 --- [pool-5-thread-1] com.netflix.discovery.DiscoveryClient    : Force full registry fetch : false
2015-10-25 15:15:03.315  INFO 1 --- [pool-5-thread-1] com.netflix.discovery.DiscoveryClient    : Application is null : false
2015-10-25 15:15:03.320  INFO 1 --- [pool-5-thread-1] com.netflix.discovery.DiscoveryClient    : Registered Applications size is zero : true
2015-10-25 15:15:03.320  INFO 1 --- [pool-5-thread-1] com.netflix.discovery.DiscoveryClient    : Application version is -1: true
2015-10-25 15:15:03.322 ERROR 1 --- [pool-5-thread-1] com.netflix.discovery.DiscoveryClient    : Can't get a response from http://eurekaService:8761/eureka/apps/
Can't contact any eureka nodes - possibly a security group issue?

com.sun.jersey.api.client.ClientHandlerException: org.apache.http.conn.HttpHostConnectException: Connection to http://eurekaService:8761 refused
	at com.sun.jersey.client.apache4.ApacheHttpClient4Handler.handle(ApacheHttpClient4Handler.java:184)
	at com.sun.jersey.api.client.filter.GZIPContentEncodingFilter.handle(GZIPContentEncodingFilter.java:120)
	at com.netflix.discovery.EurekaIdentityHeaderFilter.handle(EurekaIdentityHeaderFilter.java:28)
	at com.sun.jersey.api.client.Client.handle(Client.java:648)
	at com.sun.jersey.api.client.WebResource.handle(WebResource.java:670)
	at com.sun.jersey.api.client.WebResource.access$200(WebResource.java:74)
	at com.sun.jersey.api.client.WebResource$Builder.get(WebResource.java:503)
	at com.netflix.discovery.DiscoveryClient.getUrl(DiscoveryClient.java:1567)
	at com.netflix.discovery.DiscoveryClient.makeRemoteCall(DiscoveryClient.java:1113)
	at com.netflix.discovery.DiscoveryClient.makeRemoteCall(DiscoveryClient.java:1060)
	at com.netflix.discovery.DiscoveryClient.getAndStoreFullRegistry(DiscoveryClient.java:835)
	at com.netflix.discovery.DiscoveryClient.fetchRegistry(DiscoveryClient.java:746)
	at com.netflix.discovery.DiscoveryClient.access$1400(DiscoveryClient.java:105)
	at com.netflix.discovery.DiscoveryClient$CacheRefreshThread.run(DiscoveryClient.java:1723)
	at java.util.concurrent.Executors$RunnableAdapter.call(Executors.java:511)
	at java.util.concurrent.FutureTask.run(FutureTask.java:266)
	at java.util.concurrent.ThreadPoolExecutor.runWorker(ThreadPoolExecutor.java:1142)
	at java.util.concurrent.ThreadPoolExecutor$Worker.run(ThreadPoolExecutor.java:617)
	at java.lang.Thread.run(Thread.java:745)
Caused by: org.apache.http.conn.HttpHostConnectException: Connection to http://eurekaService:8761 refused
	at org.apache.http.impl.conn.DefaultClientConnectionOperator.openConnection(DefaultClientConnectionOperator.java:190)
	at org.apache.http.impl.conn.AbstractPoolEntry.open(AbstractPoolEntry.java:151)
	at org.apache.http.impl.conn.AbstractPooledConnAdapter.open(AbstractPooledConnAdapter.java:125)
	at org.apache.http.impl.client.DefaultRequestDirector.tryConnect(DefaultRequestDirector.java:640)
	at org.apache.http.impl.client.DefaultRequestDirector.execute(DefaultRequestDirector.java:479)
	at org.apache.http.impl.client.AbstractHttpClient.execute(AbstractHttpClient.java:906)
	at org.apache.http.impl.client.AbstractHttpClient.execute(AbstractHttpClient.java:827)
	at com.sun.jersey.client.apache4.ApacheHttpClient4Handler.handle(ApacheHttpClient4Handler.java:170)
	... 18 common frames omitted
Caused by: java.net.ConnectException: Connection refused
	at java.net.PlainSocketImpl.socketConnect(Native Method)
	at java.net.AbstractPlainSocketImpl.doConnect(AbstractPlainSocketImpl.java:350)
	at java.net.AbstractPlainSocketImpl.connectToAddress(AbstractPlainSocketImpl.java:206)
	at java.net.AbstractPlainSocketImpl.connect(AbstractPlainSocketImpl.java:188)
	at java.net.SocksSocketImpl.connect(SocksSocketImpl.java:392)
	at java.net.Socket.connect(Socket.java:589)
	at org.apache.http.conn.scheme.PlainSocketFactory.connectSocket(PlainSocketFactory.java:127)
	at org.apache.http.impl.conn.DefaultClientConnectionOperator.openConnection(DefaultClientConnectionOperator.java:180)
	... 25 common frames omitted

2015-10-25 15:15:03.368 ERROR 1 --- [pool-5-thread-1] com.netflix.discovery.DiscoveryClient    : DiscoveryClient_PRICE-SERVICE/172.17.0.32:price-service:8b8975f61c58b1d8e9cc3f69960f631b - was unable to refresh its cache! status = org.apache.http.conn.HttpHostConnectException: Connection to http://eurekaService:8761 refused

com.sun.jersey.api.client.ClientHandlerException: org.apache.http.conn.HttpHostConnectException: Connection to http://eurekaService:8761 refused
	at com.sun.jersey.client.apache4.ApacheHttpClient4Handler.handle(ApacheHttpClient4Handler.java:184)
	at com.sun.jersey.api.client.filter.GZIPContentEncodingFilter.handle(GZIPContentEncodingFilter.java:120)
	at com.netflix.discovery.EurekaIdentityHeaderFilter.handle(EurekaIdentityHeaderFilter.java:28)
	at com.sun.jersey.api.client.Client.handle(Client.java:648)
	at com.sun.jersey.api.client.WebResource.handle(WebResource.java:670)
	at com.sun.jersey.api.client.WebResource.access$200(WebResource.java:74)
	at com.sun.jersey.api.client.WebResource$Builder.get(WebResource.java:503)
	at com.netflix.discovery.DiscoveryClient.getUrl(DiscoveryClient.java:1567)
	at com.netflix.discovery.DiscoveryClient.makeRemoteCall(DiscoveryClient.java:1113)
	at com.netflix.discovery.DiscoveryClient.makeRemoteCall(DiscoveryClient.java:1060)
	at com.netflix.discovery.DiscoveryClient.getAndStoreFullRegistry(DiscoveryClient.java:835)
	at com.netflix.discovery.DiscoveryClient.fetchRegistry(DiscoveryClient.java:746)
	at com.netflix.discovery.DiscoveryClient.access$1400(DiscoveryClient.java:105)
	at com.netflix.discovery.DiscoveryClient$CacheRefreshThread.run(DiscoveryClient.java:1723)
	at java.util.concurrent.Executors$RunnableAdapter.call(Executors.java:511)
	at java.util.concurrent.FutureTask.run(FutureTask.java:266)
	at java.util.concurrent.ThreadPoolExecutor.runWorker(ThreadPoolExecutor.java:1142)
	at java.util.concurrent.ThreadPoolExecutor$Worker.run(ThreadPoolExecutor.java:617)
	at java.lang.Thread.run(Thread.java:745)
Caused by: org.apache.http.conn.HttpHostConnectException: Connection to http://eurekaService:8761 refused
	at org.apache.http.impl.conn.DefaultClientConnectionOperator.openConnection(DefaultClientConnectionOperator.java:190)
	at org.apache.http.impl.conn.AbstractPoolEntry.open(AbstractPoolEntry.java:151)
	at org.apache.http.impl.conn.AbstractPooledConnAdapter.open(AbstractPooledConnAdapter.java:125)
	at org.apache.http.impl.client.DefaultRequestDirector.tryConnect(DefaultRequestDirector.java:640)
	at org.apache.http.impl.client.DefaultRequestDirector.execute(DefaultRequestDirector.java:479)
	at org.apache.http.impl.client.AbstractHttpClient.execute(AbstractHttpClient.java:906)
	at org.apache.http.impl.client.AbstractHttpClient.execute(AbstractHttpClient.java:827)
	at com.sun.jersey.client.apache4.ApacheHttpClient4Handler.handle(ApacheHttpClient4Handler.java:170)
	... 18 common frames omitted
Caused by: java.net.ConnectException: Connection refused
	at java.net.PlainSocketImpl.socketConnect(Native Method)
	at java.net.AbstractPlainSocketImpl.doConnect(AbstractPlainSocketImpl.java:350)
	at java.net.AbstractPlainSocketImpl.connectToAddress(AbstractPlainSocketImpl.java:206)
	at java.net.AbstractPlainSocketImpl.connect(AbstractPlainSocketImpl.java:188)
	at java.net.SocksSocketImpl.connect(SocksSocketImpl.java:392)
	at java.net.Socket.connect(Socket.java:589)
	at org.apache.http.conn.scheme.PlainSocketFactory.connectSocket(PlainSocketFactory.java:127)
	at org.apache.http.impl.conn.DefaultClientConnectionOperator.openConnection(DefaultClientConnectionOperator.java:180)
	... 25 common frames omitted

2015-10-25 15:15:08.420  INFO 1 --- [pool-5-thread-1] com.netflix.discovery.DiscoveryClient    : Disable delta property : false
2015-10-25 15:15:08.421  INFO 1 --- [pool-5-thread-1] com.netflix.discovery.DiscoveryClient    : Single vip registry refresh property : null
2015-10-25 15:15:08.421  INFO 1 --- [pool-5-thread-1] com.netflix.discovery.DiscoveryClient    : Force full registry fetch : false
2015-10-25 15:15:08.421  INFO 1 --- [pool-5-thread-1] com.netflix.discovery.DiscoveryClient    : Application is null : false
2015-10-25 15:15:08.423  INFO 1 --- [pool-5-thread-1] com.netflix.discovery.DiscoveryClient    : Registered Applications size is zero : true
2015-10-25 15:15:08.423  INFO 1 --- [pool-5-thread-1] com.netflix.discovery.DiscoveryClient    : Application version is -1: true
2015-10-25 15:15:10.782  INFO 1 --- [pool-5-thread-1] com.netflix.discovery.DiscoveryClient    : Getting all instance registry info from the eureka server
2015-10-25 15:15:11.217  INFO 1 --- [pool-5-thread-1] com.netflix.discovery.DiscoveryClient    : The response status is 200
2015-10-25 15:15:11.457  INFO 1 --- [pool-4-thread-1] com.netflix.discovery.DiscoveryClient    : DiscoveryClient_PRICE-SERVICE/172.17.0.32:price-service:8b8975f61c58b1d8e9cc3f69960f631b - Re-registering apps/PRICE-SERVICE
2015-10-25 15:15:11.471  INFO 1 --- [pool-4-thread-1] com.netflix.discovery.DiscoveryClient    : DiscoveryClient_PRICE-SERVICE/172.17.0.32:price-service:8b8975f61c58b1d8e9cc3f69960f631b: registering service...
2015-10-25 15:15:12.009  INFO 1 --- [pool-4-thread-1] com.netflix.discovery.DiscoveryClient    : DiscoveryClient_PRICE-SERVICE/172.17.0.32:price-service:8b8975f61c58b1d8e9cc3f69960f631b - registration status: 204
2015-10-25 15:15:16.283  INFO 1 --- [pool-5-thread-1] com.netflix.discovery.DiscoveryClient    : Disable delta property : false
2015-10-25 15:15:16.289  INFO 1 --- [pool-5-thread-1] com.netflix.discovery.DiscoveryClient    : Single vip registry refresh property : null
2015-10-25 15:15:16.291  INFO 1 --- [pool-5-thread-1] com.netflix.discovery.DiscoveryClient    : Force full registry fetch : false
2015-10-25 15:15:16.294  INFO 1 --- [pool-5-thread-1] com.netflix.discovery.DiscoveryClient    : Application is null : false
2015-10-25 15:15:16.295  INFO 1 --- [pool-5-thread-1] com.netflix.discovery.DiscoveryClient    : Registered Applications size is zero : true
2015-10-25 15:15:16.297  INFO 1 --- [pool-5-thread-1] com.netflix.discovery.DiscoveryClient    : Application version is -1: false
2015-10-25 15:15:16.339  INFO 1 --- [pool-5-thread-1] com.netflix.discovery.DiscoveryClient    : Getting all instance registry info from the eureka server
2015-10-25 15:15:16.340  INFO 1 --- [pool-5-thread-1] com.netflix.discovery.DiscoveryClient    : The response status is 200
2015-10-25 15:15:21.341  INFO 1 --- [pool-5-thread-1] com.netflix.discovery.DiscoveryClient    : Disable delta property : false
2015-10-25 15:15:21.342  INFO 1 --- [pool-5-thread-1] com.netflix.discovery.DiscoveryClient    : Single vip registry refresh property : null
2015-10-25 15:15:21.343  INFO 1 --- [pool-5-thread-1] com.netflix.discovery.DiscoveryClient    : Force full registry fetch : false
2015-10-25 15:15:21.344  INFO 1 --- [pool-5-thread-1] com.netflix.discovery.DiscoveryClient    : Application is null : false
2015-10-25 15:15:21.345  INFO 1 --- [pool-5-thread-1] com.netflix.discovery.DiscoveryClient    : Registered Applications size is zero : true
2015-10-25 15:15:21.346  INFO 1 --- [pool-5-thread-1] com.netflix.discovery.DiscoveryClient    : Application version is -1: false
2015-10-25 15:15:21.431  INFO 1 --- [pool-5-thread-1] com.netflix.discovery.DiscoveryClient    : Getting all instance registry info from the eureka server
2015-10-25 15:15:21.433  INFO 1 --- [pool-5-thread-1] com.netflix.discovery.DiscoveryClient    : The response status is 200
2015-10-25 15:15:26.434  INFO 1 --- [pool-5-thread-1] com.netflix.discovery.DiscoveryClient    : Disable delta property : false
2015-10-25 15:15:26.435  INFO 1 --- [pool-5-thread-1] com.netflix.discovery.DiscoveryClient    : Single vip registry refresh property : null
2015-10-25 15:15:26.436  INFO 1 --- [pool-5-thread-1] com.netflix.discovery.DiscoveryClient    : Force full registry fetch : false
2015-10-25 15:15:26.437  INFO 1 --- [pool-5-thread-1] com.netflix.discovery.DiscoveryClient    : Application is null : false
2015-10-25 15:15:26.438  INFO 1 --- [pool-5-thread-1] com.netflix.discovery.DiscoveryClient    : Registered Applications size is zero : true
2015-10-25 15:15:26.440  INFO 1 --- [pool-5-thread-1] com.netflix.discovery.DiscoveryClient    : Application version is -1: false
2015-10-25 15:15:26.454  INFO 1 --- [pool-5-thread-1] com.netflix.discovery.DiscoveryClient    : Getting all instance registry info from the eureka server
2015-10-25 15:15:26.456  INFO 1 --- [pool-5-thread-1] com.netflix.discovery.DiscoveryClient    : The response status is 200
2015-10-25 15:15:31.473  INFO 1 --- [pool-5-thread-1] com.netflix.discovery.DiscoveryClient    : Disable delta property : false
2015-10-25 15:15:31.479  INFO 1 --- [pool-5-thread-1] com.netflix.discovery.DiscoveryClient    : Single vip registry refresh property : null
2015-10-25 15:15:31.480  INFO 1 --- [pool-5-thread-1] com.netflix.discovery.DiscoveryClient    : Force full registry fetch : false
2015-10-25 15:15:31.486  INFO 1 --- [pool-5-thread-1] com.netflix.discovery.DiscoveryClient    : Application is null : false
2015-10-25 15:15:31.493  INFO 1 --- [pool-5-thread-1] com.netflix.discovery.DiscoveryClient    : Registered Applications size is zero : true
2015-10-25 15:15:31.512  INFO 1 --- [pool-5-thread-1] com.netflix.discovery.DiscoveryClient    : Application version is -1: false
2015-10-25 15:15:31.522  INFO 1 --- [pool-5-thread-1] com.netflix.discovery.DiscoveryClient    : Getting all instance registry info from the eureka server
2015-10-25 15:15:31.576  INFO 1 --- [pool-5-thread-1] com.netflix.discovery.DiscoveryClient    : The response status is 200
2015-10-25 15:15:38.458  INFO 1 --- [DiscoveryClient-0] com.netflix.discovery.DiscoveryClient    : DiscoveryClient_PRICE-SERVICE/172.17.0.32:price-service:8b8975f61c58b1d8e9cc3f69960f631b - retransmit instance info with status UP
2015-10-25 15:15:38.462  INFO 1 --- [DiscoveryClient-0] com.netflix.discovery.DiscoveryClient    : DiscoveryClient_PRICE-SERVICE/172.17.0.32:price-service:8b8975f61c58b1d8e9cc3f69960f631b: registering service...
2015-10-25 15:15:38.532  INFO 1 --- [DiscoveryClient-0] com.netflix.discovery.DiscoveryClient    : DiscoveryClient_PRICE-SERVICE/172.17.0.32:price-service:8b8975f61c58b1d8e9cc3f69960f631b - registration status: 204
2015-10-25 15:15:42.172  INFO 1 --- [pool-4-thread-1] com.netflix.discovery.DiscoveryClient    : DiscoveryClient_PRICE-SERVICE/172.17.0.32:price-service:8b8975f61c58b1d8e9cc3f69960f631b - Re-registering apps/PRICE-SERVICE
2015-10-25 15:15:42.172  INFO 1 --- [pool-4-thread-1] com.netflix.discovery.DiscoveryClient    : DiscoveryClient_PRICE-SERVICE/172.17.0.32:price-service:8b8975f61c58b1d8e9cc3f69960f631b: registering service...
2015-10-25 15:15:42.251  INFO 1 --- [pool-4-thread-1] com.netflix.discovery.DiscoveryClient    : DiscoveryClient_PRICE-SERVICE/172.17.0.32:price-service:8b8975f61c58b1d8e9cc3f69960f631b - registration status: 204
2015-10-25 15:20:48.186  INFO 1 --- [http-nio-8090-exec-1] o.a.c.c.C.[Tomcat].[localhost].[/]       : Initializing Spring FrameworkServlet 'dispatcherServlet'
2015-10-25 15:20:48.193  INFO 1 --- [http-nio-8090-exec-1] o.s.web.servlet.DispatcherServlet        : FrameworkServlet 'dispatcherServlet': initialization started
2015-10-25 15:20:48.299  INFO 1 --- [http-nio-8090-exec-1] o.s.web.servlet.DispatcherServlet        : FrameworkServlet 'dispatcherServlet': initialization completed in 103 ms
2015-10-25 15:20:48.667 DEBUG 1 --- [http-nio-8090-exec-1] c.n.ps.prices.boundary.PriceService      : retrieving price for product 800
2015-10-25 15:20:48.700 DEBUG 1 --- [http-nio-8090-exec-2] c.n.ps.prices.boundary.PriceService      : retrieving price for product 800
2015-10-25 15:20:50.047 DEBUG 1 --- [http-nio-8090-exec-5] c.n.ps.prices.boundary.PriceService      : retrieving price for product 800
2015-10-25 15:20:50.275 DEBUG 1 --- [http-nio-8090-exec-6] c.n.ps.prices.boundary.PriceService      : retrieving price for product 800
2015-10-25 15:20:50.563 DEBUG 1 --- [http-nio-8090-exec-7] c.n.ps.prices.boundary.PriceService      : retrieving price for product 800
2015-10-25 15:20:50.720 DEBUG 1 --- [http-nio-8090-exec-8] c.n.ps.prices.boundary.PriceService      : retrieving price for product 800
2015-10-25 15:20:50.889 DEBUG 1 --- [http-nio-8090-exec-9] c.n.ps.prices.boundary.PriceService      : retrieving price for product 800
2015-10-25 15:20:51.132 DEBUG 1 --- [http-nio-8090-exec-10] c.n.ps.prices.boundary.PriceService      : retrieving price for product 800
2015-10-25 15:20:51.253 DEBUG 1 --- [http-nio-8090-exec-1] c.n.ps.prices.boundary.PriceService      : retrieving price for product 800
2015-10-25 15:20:51.361 DEBUG 1 --- [http-nio-8090-exec-2] c.n.ps.prices.boundary.PriceService      : retrieving price for product 800
