2015-10-25 15:14:56.145  INFO 1 --- [main] ationConfigEmbeddedWebApplicationContext : Refreshing org.springframework.boot.context.embedded.AnnotationConfigEmbeddedWebApplicationContext@b6b1987: startup date [Sun Oct 25 15:14:56 UTC 2015]; parent: org.springframework.context.annotation.AnnotationConfigApplicationContext@1972e513
2015-10-25 15:15:03.952  INFO 1 --- [main] o.s.b.f.s.DefaultListableBeanFactory     : Overriding bean definition for bean 'beanNameViewResolver': replacing [Root bean: class [null]; scope=; abstract=false; lazyInit=false; autowireMode=3; dependencyCheck=0; autowireCandidate=true; primary=false; factoryBeanName=org.springframework.boot.autoconfigure.web.ErrorMvcAutoConfiguration$WhitelabelErrorViewConfiguration; factoryMethodName=beanNameViewResolver; initMethodName=null; destroyMethodName=(inferred); defined in class path resource [org/springframework/boot/autoconfigure/web/ErrorMvcAutoConfiguration$WhitelabelErrorViewConfiguration.class]] with [Root bean: class [null]; scope=; abstract=false; lazyInit=false; autowireMode=3; dependencyCheck=0; autowireCandidate=true; primary=false; factoryBeanName=org.springframework.boot.autoconfigure.web.WebMvcAutoConfiguration$WebMvcAutoConfigurationAdapter; factoryMethodName=beanNameViewResolver; initMethodName=null; destroyMethodName=(inferred); defined in class path resource [org/springframework/boot/autoconfigure/web/WebMvcAutoConfiguration$WebMvcAutoConfigurationAdapter.class]]
2015-10-25 15:15:05.434  INFO 1 --- [main] o.s.b.f.s.DefaultListableBeanFactory     : Overriding bean definition for bean 'infoEndpoint': replacing [Root bean: class [null]; scope=; abstract=false; lazyInit=false; autowireMode=3; dependencyCheck=0; autowireCandidate=true; primary=false; factoryBeanName=org.springframework.boot.actuate.autoconfigure.EndpointAutoConfiguration; factoryMethodName=infoEndpoint; initMethodName=null; destroyMethodName=(inferred); defined in class path resource [org/springframework/boot/actuate/autoconfigure/EndpointAutoConfiguration.class]] with [Root bean: class [null]; scope=; abstract=false; lazyInit=false; autowireMode=3; dependencyCheck=0; autowireCandidate=true; primary=false; factoryBeanName=org.springframework.cloud.autoconfigure.RefreshAutoConfiguration$InfoEndpointRebinderConfiguration; factoryMethodName=infoEndpoint; initMethodName=null; destroyMethodName=(inferred); defined in class path resource [org/springframework/cloud/autoconfigure/RefreshAutoConfiguration$InfoEndpointRebinderConfiguration.class]]
2015-10-25 15:15:05.627  INFO 1 --- [main] o.s.b.f.s.DefaultListableBeanFactory     : Overriding bean definition for bean 'default.null.RibbonClientSpecification': replacing [Generic bean: class [org.springframework.cloud.netflix.ribbon.RibbonClientSpecification]; scope=; abstract=false; lazyInit=false; autowireMode=0; dependencyCheck=0; autowireCandidate=true; primary=false; factoryBeanName=null; factoryMethodName=null; initMethodName=null; destroyMethodName=null] with [Generic bean: class [org.springframework.cloud.netflix.ribbon.RibbonClientSpecification]; scope=; abstract=false; lazyInit=false; autowireMode=0; dependencyCheck=0; autowireCandidate=true; primary=false; factoryBeanName=null; factoryMethodName=null; initMethodName=null; destroyMethodName=null]
2015-10-25 15:15:07.747  INFO 1 --- [main] o.s.cloud.context.scope.GenericScope     : BeanFactory id=32c62aee-0ea4-33d1-be20-ddba864ecfaa
2015-10-25 15:15:07.753  INFO 1 --- [main] f.a.AutowiredAnnotationBeanPostProcessor : JSR-330 'javax.inject.Inject' annotation found and supported for autowiring
2015-10-25 15:15:08.923  INFO 1 --- [main] trationDelegate$BeanPostProcessorChecker : Bean 'org.springframework.cloud.autoconfigure.RefreshAutoConfiguration$ConfigurationPropertiesRebinderConfiguration' of type [class org.springframework.cloud.autoconfigure.RefreshAutoConfiguration$ConfigurationPropertiesRebinderConfiguration$$EnhancerBySpringCGLIB$$605c4bb0] is not eligible for getting processed by all BeanPostProcessors (for example: not eligible for auto-proxying)
2015-10-25 15:15:12.127  INFO 1 --- [main] s.b.c.e.t.TomcatEmbeddedServletContainer : Tomcat initialized with port(s): 8090 (http)
2015-10-25 15:15:13.808  INFO 1 --- [main] o.apache.catalina.core.StandardService   : Starting service Tomcat
2015-10-25 15:15:13.996  INFO 1 --- [main] org.apache.catalina.core.StandardEngine  : Starting Servlet Engine: Apache Tomcat/8.0.23
2015-10-25 15:15:15.159  INFO 1 --- [localhost-startStop-1] o.a.c.c.C.[Tomcat].[localhost].[/]       : Initializing Spring embedded WebApplicationContext
2015-10-25 15:15:15.177  INFO 1 --- [localhost-startStop-1] o.s.web.context.ContextLoader            : Root WebApplicationContext: initialization completed in 19032 ms
2015-10-25 15:15:21.531  INFO 1 --- [localhost-startStop-1] o.s.b.c.e.ServletRegistrationBean        : Mapping servlet: 'dispatcherServlet' to [/]
2015-10-25 15:15:21.560  INFO 1 --- [localhost-startStop-1] o.s.b.c.embedded.FilterRegistrationBean  : Mapping filter: 'metricFilter' to: [/*]
2015-10-25 15:15:21.616  INFO 1 --- [localhost-startStop-1] o.s.b.c.embedded.FilterRegistrationBean  : Mapping filter: 'characterEncodingFilter' to: [/*]
2015-10-25 15:15:21.620  INFO 1 --- [localhost-startStop-1] o.s.b.c.embedded.FilterRegistrationBean  : Mapping filter: 'hiddenHttpMethodFilter' to: [/*]
2015-10-25 15:15:21.622  INFO 1 --- [localhost-startStop-1] o.s.b.c.embedded.FilterRegistrationBean  : Mapping filter: 'webRequestLoggingFilter' to: [/*]
2015-10-25 15:15:21.627  INFO 1 --- [localhost-startStop-1] o.s.b.c.embedded.FilterRegistrationBean  : Mapping filter: 'applicationContextIdFilter' to: [/*]
2015-10-25 15:15:22.021  INFO 1 --- [localhost-startStop-1] o.a.c.util.SessionIdGeneratorBase        : Creation of SecureRandom instance for session ID generation using [SHA1PRNG] took [121] milliseconds.
2015-10-25 15:15:25.803  WARN 1 --- [main] c.n.c.sources.URLConfigurationSource     : No URLs will be polled as dynamic configuration sources.
2015-10-25 15:15:25.854  INFO 1 --- [main] c.n.c.sources.URLConfigurationSource     : To enable URLs as dynamic configuration sources, define System property archaius.configurationSource.additionalUrls or make config.properties available on classpath.
2015-10-25 15:15:25.894  INFO 1 --- [main] c.netflix.config.DynamicPropertyFactory  : DynamicPropertyFactory is initialized with configuration sources: com.netflix.config.ConcurrentCompositeConfiguration@71a06021
2015-10-25 15:15:28.647  INFO 1 --- [main] s.w.s.m.m.a.RequestMappingHandlerAdapter : Looking for @ControllerAdvice: org.springframework.boot.context.embedded.AnnotationConfigEmbeddedWebApplicationContext@b6b1987: startup date [Sun Oct 25 15:14:56 UTC 2015]; parent: org.springframework.context.annotation.AnnotationConfigApplicationContext@1972e513
2015-10-25 15:15:29.210  INFO 1 --- [main] s.w.s.m.m.a.RequestMappingHandlerMapping : Mapped "{[/product/{id}],methods=[],params=[],headers=[],consumes=[],produces=[application/json],custom=[]}" onto public com.nklmish.ps.products.model.Product com.nklmish.ps.products.boundary.ProductService.findProduct(java.lang.Integer)
2015-10-25 15:15:29.245  INFO 1 --- [main] s.w.s.m.m.a.RequestMappingHandlerMapping : Mapped "{[/error],methods=[],params=[],headers=[],consumes=[],produces=[text/html],custom=[]}" onto public org.springframework.web.servlet.ModelAndView org.springframework.boot.autoconfigure.web.BasicErrorController.errorHtml(javax.servlet.http.HttpServletRequest)
2015-10-25 15:15:29.287  INFO 1 --- [main] s.w.s.m.m.a.RequestMappingHandlerMapping : Mapped "{[/error],methods=[],params=[],headers=[],consumes=[],produces=[],custom=[]}" onto public org.springframework.http.ResponseEntity<java.util.Map<java.lang.String, java.lang.Object>> org.springframework.boot.autoconfigure.web.BasicErrorController.error(javax.servlet.http.HttpServletRequest)
2015-10-25 15:15:29.491  INFO 1 --- [main] o.s.w.s.handler.SimpleUrlHandlerMapping  : Mapped URL path [/webjars/**] onto handler of type [class org.springframework.web.servlet.resource.ResourceHttpRequestHandler]
2015-10-25 15:15:29.575  INFO 1 --- [main] o.s.w.s.handler.SimpleUrlHandlerMapping  : Mapped URL path [/**] onto handler of type [class org.springframework.web.servlet.resource.ResourceHttpRequestHandler]
2015-10-25 15:15:30.023  INFO 1 --- [main] o.s.w.s.handler.SimpleUrlHandlerMapping  : Mapped URL path [/**/favicon.ico] onto handler of type [class org.springframework.web.servlet.resource.ResourceHttpRequestHandler]
2015-10-25 15:15:35.096  INFO 1 --- [main] o.s.b.a.e.mvc.EndpointHandlerMapping     : Mapped "{[/trace],methods=[GET],params=[],headers=[],consumes=[],produces=[],custom=[]}" onto public java.lang.Object org.springframework.boot.actuate.endpoint.mvc.EndpointMvcAdapter.invoke()
2015-10-25 15:15:35.145  INFO 1 --- [main] o.s.b.a.e.mvc.EndpointHandlerMapping     : Mapped "{[/env],methods=[POST],params=[],headers=[],consumes=[],produces=[],custom=[]}" onto public java.lang.Object org.springframework.cloud.context.environment.EnvironmentManagerMvcEndpoint.value(java.util.Map<java.lang.String, java.lang.String>)
2015-10-25 15:15:35.145  INFO 1 --- [main] o.s.b.a.e.mvc.EndpointHandlerMapping     : Mapped "{[/env/reset],methods=[POST],params=[],headers=[],consumes=[],produces=[],custom=[]}" onto public java.util.Map<java.lang.String, java.lang.Object> org.springframework.cloud.context.environment.EnvironmentManagerMvcEndpoint.reset()
2015-10-25 15:15:35.164  INFO 1 --- [main] o.s.b.a.e.mvc.EndpointHandlerMapping     : Mapped "{[/pause],methods=[POST],params=[],headers=[],consumes=[],produces=[],custom=[]}" onto public java.lang.Object org.springframework.cloud.endpoint.GenericPostableMvcEndpoint.invoke()
2015-10-25 15:15:35.224  INFO 1 --- [main] o.s.b.a.e.mvc.EndpointHandlerMapping     : Mapped "{[/metrics/{name:.*}],methods=[GET],params=[],headers=[],consumes=[],produces=[],custom=[]}" onto public java.lang.Object org.springframework.boot.actuate.endpoint.mvc.MetricsMvcEndpoint.value(java.lang.String)
2015-10-25 15:15:35.240  INFO 1 --- [main] o.s.b.a.e.mvc.EndpointHandlerMapping     : Mapped "{[/metrics],methods=[GET],params=[],headers=[],consumes=[],produces=[],custom=[]}" onto public java.lang.Object org.springframework.boot.actuate.endpoint.mvc.EndpointMvcAdapter.invoke()
2015-10-25 15:15:35.241  INFO 1 --- [main] o.s.b.a.e.mvc.EndpointHandlerMapping     : Mapped "{[/health],methods=[],params=[],headers=[],consumes=[],produces=[],custom=[]}" onto public java.lang.Object org.springframework.boot.actuate.endpoint.mvc.HealthMvcEndpoint.invoke(java.security.Principal)
2015-10-25 15:15:35.244  INFO 1 --- [main] o.s.b.a.e.mvc.EndpointHandlerMapping     : Mapped "{[/autoconfig],methods=[GET],params=[],headers=[],consumes=[],produces=[],custom=[]}" onto public java.lang.Object org.springframework.boot.actuate.endpoint.mvc.EndpointMvcAdapter.invoke()
2015-10-25 15:15:35.254  INFO 1 --- [main] o.s.b.a.e.mvc.EndpointHandlerMapping     : Mapped "{[/info],methods=[GET],params=[],headers=[],consumes=[],produces=[],custom=[]}" onto public java.lang.Object org.springframework.boot.actuate.endpoint.mvc.EndpointMvcAdapter.invoke()
2015-10-25 15:15:35.264  INFO 1 --- [main] o.s.b.a.e.mvc.EndpointHandlerMapping     : Mapped "{[/restart],methods=[POST],params=[],headers=[],consumes=[],produces=[],custom=[]}" onto public java.lang.Object org.springframework.cloud.context.restart.RestartMvcEndpoint.invoke()
2015-10-25 15:15:35.265  INFO 1 --- [main] o.s.b.a.e.mvc.EndpointHandlerMapping     : Mapped "{[/mappings],methods=[GET],params=[],headers=[],consumes=[],produces=[],custom=[]}" onto public java.lang.Object org.springframework.boot.actuate.endpoint.mvc.EndpointMvcAdapter.invoke()
2015-10-25 15:15:35.287  INFO 1 --- [main] o.s.b.a.e.mvc.EndpointHandlerMapping     : Mapped "{[/refresh],methods=[POST],params=[],headers=[],consumes=[],produces=[],custom=[]}" onto public java.lang.Object org.springframework.cloud.endpoint.GenericPostableMvcEndpoint.invoke()
2015-10-25 15:15:35.288  INFO 1 --- [main] o.s.b.a.e.mvc.EndpointHandlerMapping     : Mapped "{[/dump],methods=[GET],params=[],headers=[],consumes=[],produces=[],custom=[]}" onto public java.lang.Object org.springframework.boot.actuate.endpoint.mvc.EndpointMvcAdapter.invoke()
2015-10-25 15:15:35.292  INFO 1 --- [main] o.s.b.a.e.mvc.EndpointHandlerMapping     : Mapped "{[/configprops],methods=[GET],params=[],headers=[],consumes=[],produces=[],custom=[]}" onto public java.lang.Object org.springframework.boot.actuate.endpoint.mvc.EndpointMvcAdapter.invoke()
2015-10-25 15:15:35.292  INFO 1 --- [main] o.s.b.a.e.mvc.EndpointHandlerMapping     : Mapped "{[/archaius],methods=[GET],params=[],headers=[],consumes=[],produces=[],custom=[]}" onto public java.lang.Object org.springframework.boot.actuate.endpoint.mvc.EndpointMvcAdapter.invoke()
2015-10-25 15:15:35.293  INFO 1 --- [main] o.s.b.a.e.mvc.EndpointHandlerMapping     : Mapped "{[/resume],methods=[POST],params=[],headers=[],consumes=[],produces=[],custom=[]}" onto public java.lang.Object org.springframework.cloud.endpoint.GenericPostableMvcEndpoint.invoke()
2015-10-25 15:15:35.294  INFO 1 --- [main] o.s.b.a.e.mvc.EndpointHandlerMapping     : Mapped "{[/env/{name:.*}],methods=[GET],params=[],headers=[],consumes=[],produces=[],custom=[]}" onto public java.lang.Object org.springframework.boot.actuate.endpoint.mvc.EnvironmentMvcEndpoint.value(java.lang.String)
2015-10-25 15:15:35.334  INFO 1 --- [main] o.s.b.a.e.mvc.EndpointHandlerMapping     : Mapped "{[/env],methods=[GET],params=[],headers=[],consumes=[],produces=[],custom=[]}" onto public java.lang.Object org.springframework.boot.actuate.endpoint.mvc.EndpointMvcAdapter.invoke()
2015-10-25 15:15:35.334  INFO 1 --- [main] o.s.b.a.e.mvc.EndpointHandlerMapping     : Mapped "{[/beans],methods=[GET],params=[],headers=[],consumes=[],produces=[],custom=[]}" onto public java.lang.Object org.springframework.boot.actuate.endpoint.mvc.EndpointMvcAdapter.invoke()
2015-10-25 15:15:37.716  WARN 1 --- [main] c.n.c.sources.URLConfigurationSource     : No URLs will be polled as dynamic configuration sources.
2015-10-25 15:15:37.717  INFO 1 --- [main] c.n.c.sources.URLConfigurationSource     : To enable URLs as dynamic configuration sources, define System property archaius.configurationSource.additionalUrls or make config.properties available on classpath.
2015-10-25 15:15:37.863  INFO 1 --- [main] o.s.j.e.a.AnnotationMBeanExporter        : Registering beans for JMX exposure on startup
2015-10-25 15:15:37.971  INFO 1 --- [main] o.s.j.e.a.AnnotationMBeanExporter        : Bean with name 'refreshEndpoint' has been autodetected for JMX exposure
2015-10-25 15:15:37.989  INFO 1 --- [main] o.s.j.e.a.AnnotationMBeanExporter        : Bean with name 'restartEndpoint' has been autodetected for JMX exposure
2015-10-25 15:15:38.001  INFO 1 --- [main] o.s.j.e.a.AnnotationMBeanExporter        : Bean with name 'configurationPropertiesRebinder' has been autodetected for JMX exposure
2015-10-25 15:15:38.002  INFO 1 --- [main] o.s.j.e.a.AnnotationMBeanExporter        : Bean with name 'refreshScope' has been autodetected for JMX exposure
2015-10-25 15:15:38.003  INFO 1 --- [main] o.s.j.e.a.AnnotationMBeanExporter        : Bean with name 'environmentManager' has been autodetected for JMX exposure
2015-10-25 15:15:38.015  INFO 1 --- [main] o.s.j.e.a.AnnotationMBeanExporter        : Located managed bean 'environmentManager': registering with JMX server as MBean [org.springframework.cloud.context.environment:name=environmentManager,type=EnvironmentManager]
2015-10-25 15:15:38.121  INFO 1 --- [main] o.s.j.e.a.AnnotationMBeanExporter        : Located managed bean 'restartEndpoint': registering with JMX server as MBean [org.springframework.cloud.context.restart:name=restartEndpoint,type=RestartEndpoint]
2015-10-25 15:15:38.233  INFO 1 --- [main] o.s.j.e.a.AnnotationMBeanExporter        : Located managed bean 'refreshScope': registering with JMX server as MBean [org.springframework.cloud.context.scope.refresh:name=refreshScope,type=RefreshScope]
2015-10-25 15:15:38.347  INFO 1 --- [main] o.s.j.e.a.AnnotationMBeanExporter        : Located managed bean 'configurationPropertiesRebinder': registering with JMX server as MBean [org.springframework.cloud.context.properties:name=configurationPropertiesRebinder,type=ConfigurationPropertiesRebinder]
2015-10-25 15:15:38.389  INFO 1 --- [main] o.s.j.e.a.AnnotationMBeanExporter        : Located managed bean 'refreshEndpoint': registering with JMX server as MBean [org.springframework.cloud.bootstrap.config:name=refreshEndpoint,type=RefreshEndpoint]
2015-10-25 15:15:38.483  INFO 1 --- [main] o.s.c.support.DefaultLifecycleProcessor  : Starting beans in phase 0
2015-10-25 15:15:38.530  INFO 1 --- [main] .p.EurekaConfigBasedInstanceInfoProvider : Setting initial instance status as: STARTING
2015-10-25 15:15:42.514  INFO 1 --- [main] com.netflix.discovery.DiscoveryClient    : Disable delta property : false
2015-10-25 15:15:42.528  INFO 1 --- [main] com.netflix.discovery.DiscoveryClient    : Single vip registry refresh property : null
2015-10-25 15:15:42.529  INFO 1 --- [main] com.netflix.discovery.DiscoveryClient    : Force full registry fetch : false
2015-10-25 15:15:42.549  INFO 1 --- [main] com.netflix.discovery.DiscoveryClient    : Application is null : false
2015-10-25 15:15:42.550  INFO 1 --- [main] com.netflix.discovery.DiscoveryClient    : Registered Applications size is zero : true
2015-10-25 15:15:42.554  INFO 1 --- [main] com.netflix.discovery.DiscoveryClient    : Application version is -1: true
2015-10-25 15:15:43.431  INFO 1 --- [main] com.netflix.discovery.DiscoveryClient    : Getting all instance registry info from the eureka server
2015-10-25 15:15:43.743  INFO 1 --- [main] com.netflix.discovery.DiscoveryClient    : The response status is 200
2015-10-25 15:15:43.782  INFO 1 --- [main] com.netflix.discovery.DiscoveryClient    : Starting heartbeat executor: renew interval is: 10
2015-10-25 15:15:43.860  INFO 1 --- [main] c.n.e.EurekaDiscoveryClientConfiguration : Registering application product-service with eureka with status UP
2015-10-25 15:15:44.461  INFO 1 --- [main] s.b.c.e.t.TomcatEmbeddedServletContainer : Tomcat started on port(s): 8090 (http)
2015-10-25 15:15:44.488  INFO 1 --- [main] com.nklmish.ps.products.Application      : Started Application in 56.881 seconds (JVM running for 65.903)
2015-10-25 15:15:53.827  INFO 1 --- [pool-4-thread-1] com.netflix.discovery.DiscoveryClient    : DiscoveryClient_PRODUCT-SERVICE/172.17.0.35:product-service:92f59fc32cf0c9d6979f9211627bba4c - Re-registering apps/PRODUCT-SERVICE
2015-10-25 15:15:53.828  INFO 1 --- [pool-4-thread-1] com.netflix.discovery.DiscoveryClient    : DiscoveryClient_PRODUCT-SERVICE/172.17.0.35:product-service:92f59fc32cf0c9d6979f9211627bba4c: registering service...
2015-10-25 15:15:53.870  INFO 1 --- [pool-4-thread-1] com.netflix.discovery.DiscoveryClient    : DiscoveryClient_PRODUCT-SERVICE/172.17.0.35:product-service:92f59fc32cf0c9d6979f9211627bba4c - registration status: 204
2015-10-25 15:16:23.846  INFO 1 --- [DiscoveryClient-1] com.netflix.discovery.DiscoveryClient    : DiscoveryClient_PRODUCT-SERVICE/172.17.0.35:product-service:92f59fc32cf0c9d6979f9211627bba4c - retransmit instance info with status UP
2015-10-25 15:16:23.847  INFO 1 --- [DiscoveryClient-1] com.netflix.discovery.DiscoveryClient    : DiscoveryClient_PRODUCT-SERVICE/172.17.0.35:product-service:92f59fc32cf0c9d6979f9211627bba4c: registering service...
2015-10-25 15:16:23.861  INFO 1 --- [DiscoveryClient-1] com.netflix.discovery.DiscoveryClient    : DiscoveryClient_PRODUCT-SERVICE/172.17.0.35:product-service:92f59fc32cf0c9d6979f9211627bba4c - registration status: 204
2015-10-25 15:16:23.897  INFO 1 --- [pool-4-thread-1] com.netflix.discovery.DiscoveryClient    : DiscoveryClient_PRODUCT-SERVICE/172.17.0.35:product-service:92f59fc32cf0c9d6979f9211627bba4c - Re-registering apps/PRODUCT-SERVICE
2015-10-25 15:16:23.898  INFO 1 --- [pool-4-thread-1] com.netflix.discovery.DiscoveryClient    : DiscoveryClient_PRODUCT-SERVICE/172.17.0.35:product-service:92f59fc32cf0c9d6979f9211627bba4c: registering service...
2015-10-25 15:16:23.906  INFO 1 --- [pool-4-thread-1] com.netflix.discovery.DiscoveryClient    : DiscoveryClient_PRODUCT-SERVICE/172.17.0.35:product-service:92f59fc32cf0c9d6979f9211627bba4c - registration status: 204
2015-10-25 15:20:46.110  INFO 1 --- [http-nio-8090-exec-1] o.a.c.c.C.[Tomcat].[localhost].[/]       : Initializing Spring FrameworkServlet 'dispatcherServlet'
2015-10-25 15:20:46.113  INFO 1 --- [http-nio-8090-exec-1] o.s.web.servlet.DispatcherServlet        : FrameworkServlet 'dispatcherServlet': initialization started
2015-10-25 15:20:46.183  INFO 1 --- [http-nio-8090-exec-1] o.s.web.servlet.DispatcherServlet        : FrameworkServlet 'dispatcherServlet': initialization completed in 69 ms
2015-10-25 15:20:46.367 DEBUG 1 --- [http-nio-8090-exec-1] c.n.ps.products.boundary.ProductService  : generated new product with 800
2015-10-25 15:20:48.376 DEBUG 1 --- [http-nio-8090-exec-2] c.n.ps.products.boundary.ProductService  : generated new product with 800
2015-10-25 15:20:49.800 DEBUG 1 --- [http-nio-8090-exec-3] c.n.ps.products.boundary.ProductService  : generated new product with 800
2015-10-25 15:20:50.205 DEBUG 1 --- [http-nio-8090-exec-4] c.n.ps.products.boundary.ProductService  : generated new product with 800
2015-10-25 15:20:50.390 DEBUG 1 --- [http-nio-8090-exec-5] c.n.ps.products.boundary.ProductService  : generated new product with 800
2015-10-25 15:20:50.635 DEBUG 1 --- [http-nio-8090-exec-6] c.n.ps.products.boundary.ProductService  : generated new product with 800
2015-10-25 15:20:50.805 DEBUG 1 --- [http-nio-8090-exec-7] c.n.ps.products.boundary.ProductService  : generated new product with 800
2015-10-25 15:20:51.013 DEBUG 1 --- [http-nio-8090-exec-8] c.n.ps.products.boundary.ProductService  : generated new product with 800
2015-10-25 15:20:51.214 DEBUG 1 --- [http-nio-8090-exec-9] c.n.ps.products.boundary.ProductService  : generated new product with 800
2015-10-25 15:20:51.309 DEBUG 1 --- [http-nio-8090-exec-10] c.n.ps.products.boundary.ProductService  : generated new product with 800
