2015-10-25 15:14:55.736 DEBUG 1 --- [main] o.s.w.c.s.StandardServletEnvironment     : Adding [ports] PropertySource with highest search precedence
2015-10-25 15:14:55.918 DEBUG 1 --- [main] o.s.w.c.s.StandardServletEnvironment     : Adding [servletConfigInitParams] PropertySource with lowest search precedence
2015-10-25 15:14:55.938 DEBUG 1 --- [main] o.s.w.c.s.StandardServletEnvironment     : Adding [servletContextInitParams] PropertySource with lowest search precedence
2015-10-25 15:14:55.943 DEBUG 1 --- [main] o.s.w.c.s.StandardServletEnvironment     : Adding [systemProperties] PropertySource with lowest search precedence
2015-10-25 15:14:55.944 DEBUG 1 --- [main] o.s.w.c.s.StandardServletEnvironment     : Adding [systemEnvironment] PropertySource with lowest search precedence
2015-10-25 15:14:55.945 DEBUG 1 --- [main] o.s.w.c.s.StandardServletEnvironment     : Initialized StandardServletEnvironment with PropertySources [servletConfigInitParams,servletContextInitParams,systemProperties,systemEnvironment]
2015-10-25 15:14:55.954 DEBUG 1 --- [main] o.s.w.c.s.StandardServletEnvironment     : Adding [bootstrap] PropertySource with highest search precedence
2015-10-25 15:14:55.985 DEBUG 1 --- [main] o.s.w.c.s.StandardServletEnvironment     : Adding [applicationConfig: [classpath:/bootstrap.yml]] PropertySource with lowest search precedence
2015-10-25 15:14:55.994 DEBUG 1 --- [main] o.s.w.c.s.StandardServletEnvironment     : Adding [defaultProperties] PropertySource with lowest search precedence
2015-10-25 15:14:56.073  INFO 1 --- [main] ationConfigEmbeddedWebApplicationContext : Refreshing org.springframework.boot.context.embedded.AnnotationConfigEmbeddedWebApplicationContext@129b4fe2: startup date [Sun Oct 25 15:14:56 UTC 2015]; parent: org.springframework.context.annotation.AnnotationConfigApplicationContext@6f43c82
2015-10-25 15:15:04.357  INFO 1 --- [main] o.s.b.f.s.DefaultListableBeanFactory     : Overriding bean definition for bean 'beanNameViewResolver': replacing [Root bean: class [null]; scope=; abstract=false; lazyInit=false; autowireMode=3; dependencyCheck=0; autowireCandidate=true; primary=false; factoryBeanName=org.springframework.boot.autoconfigure.web.ErrorMvcAutoConfiguration$WhitelabelErrorViewConfiguration; factoryMethodName=beanNameViewResolver; initMethodName=null; destroyMethodName=(inferred); defined in class path resource [org/springframework/boot/autoconfigure/web/ErrorMvcAutoConfiguration$WhitelabelErrorViewConfiguration.class]] with [Root bean: class [null]; scope=; abstract=false; lazyInit=false; autowireMode=3; dependencyCheck=0; autowireCandidate=true; primary=false; factoryBeanName=org.springframework.boot.autoconfigure.web.WebMvcAutoConfiguration$WebMvcAutoConfigurationAdapter; factoryMethodName=beanNameViewResolver; initMethodName=null; destroyMethodName=(inferred); defined in class path resource [org/springframework/boot/autoconfigure/web/WebMvcAutoConfiguration$WebMvcAutoConfigurationAdapter.class]]
2015-10-25 15:15:05.596  INFO 1 --- [main] o.s.b.f.config.PropertiesFactoryBean     : Loading properties file from URL [jar:file:/turbine-service/lib/spring-integration-core-4.1.2.RELEASE.jar!/META-INF/spring.integration.default.properties]
2015-10-25 15:15:05.600  INFO 1 --- [main] o.s.i.config.IntegrationRegistrar        : No bean named 'integrationHeaderChannelRegistry' has been explicitly defined. Therefore, a default DefaultHeaderChannelRegistry will be created.
2015-10-25 15:15:05.881  INFO 1 --- [main] o.s.b.f.s.DefaultListableBeanFactory     : Overriding bean definition for bean 'infoEndpoint': replacing [Root bean: class [null]; scope=; abstract=false; lazyInit=false; autowireMode=3; dependencyCheck=0; autowireCandidate=true; primary=false; factoryBeanName=org.springframework.boot.actuate.autoconfigure.EndpointAutoConfiguration; factoryMethodName=infoEndpoint; initMethodName=null; destroyMethodName=(inferred); defined in class path resource [org/springframework/boot/actuate/autoconfigure/EndpointAutoConfiguration.class]] with [Root bean: class [null]; scope=; abstract=false; lazyInit=false; autowireMode=3; dependencyCheck=0; autowireCandidate=true; primary=false; factoryBeanName=org.springframework.cloud.autoconfigure.RefreshAutoConfiguration$InfoEndpointRebinderConfiguration; factoryMethodName=infoEndpoint; initMethodName=null; destroyMethodName=(inferred); defined in class path resource [org/springframework/cloud/autoconfigure/RefreshAutoConfiguration$InfoEndpointRebinderConfiguration.class]]
2015-10-25 15:15:06.149  INFO 1 --- [main] o.s.b.f.s.DefaultListableBeanFactory     : Overriding bean definition for bean 'default.null.RibbonClientSpecification': replacing [Generic bean: class [org.springframework.cloud.netflix.ribbon.RibbonClientSpecification]; scope=; abstract=false; lazyInit=false; autowireMode=0; dependencyCheck=0; autowireCandidate=true; primary=false; factoryBeanName=null; factoryMethodName=null; initMethodName=null; destroyMethodName=null] with [Generic bean: class [org.springframework.cloud.netflix.ribbon.RibbonClientSpecification]; scope=; abstract=false; lazyInit=false; autowireMode=0; dependencyCheck=0; autowireCandidate=true; primary=false; factoryBeanName=null; factoryMethodName=null; initMethodName=null; destroyMethodName=null]
2015-10-25 15:15:08.182 DEBUG 1 --- [main] o.s.w.c.s.StandardServletEnvironment     : Adding [applicationConfig: [classpath:/application.yml]#docker] PropertySource with search precedence immediately lower than [applicationConfigurationProperties]
2015-10-25 15:15:08.215 DEBUG 1 --- [main] o.s.w.c.s.StandardServletEnvironment     : Adding [applicationConfig: [classpath:/application-docker.properties]] PropertySource with search precedence immediately lower than [applicationConfig: [classpath:/application.yml]#docker]
2015-10-25 15:15:08.238 DEBUG 1 --- [main] o.s.w.c.s.StandardServletEnvironment     : Adding [applicationConfig: [classpath:/application.yml]] PropertySource with search precedence immediately lower than [applicationConfig: [classpath:/application-docker.properties]]
2015-10-25 15:15:08.259 DEBUG 1 --- [main] o.s.w.c.s.StandardServletEnvironment     : Removing [applicationConfigurationProperties] PropertySource
2015-10-25 15:15:08.286 DEBUG 1 --- [main] o.s.w.c.s.StandardServletEnvironment     : Removing [defaultProperties] PropertySource
2015-10-25 15:15:08.290 DEBUG 1 --- [main] o.s.w.c.s.StandardServletEnvironment     : Adding [defaultProperties] PropertySource with lowest search precedence
2015-10-25 15:15:08.764  INFO 1 --- [main] faultConfiguringBeanFactoryPostProcessor : No bean named 'errorChannel' has been explicitly defined. Therefore, a default PublishSubscribeChannel will be created.
2015-10-25 15:15:08.791  INFO 1 --- [main] faultConfiguringBeanFactoryPostProcessor : No bean named 'taskScheduler' has been explicitly defined. Therefore, a default ThreadPoolTaskScheduler will be created.
2015-10-25 15:15:08.932  INFO 1 --- [main] o.s.cloud.context.scope.GenericScope     : BeanFactory id=625b224a-987e-36d8-8fe4-1fef67c420bf
2015-10-25 15:15:08.992  INFO 1 --- [main] f.a.AutowiredAnnotationBeanPostProcessor : JSR-330 'javax.inject.Inject' annotation found and supported for autowiring
2015-10-25 15:15:09.290  INFO 1 --- [main] trationDelegate$BeanPostProcessorChecker : Bean 'org.springframework.amqp.rabbit.annotation.RabbitBootstrapConfiguration' of type [class org.springframework.amqp.rabbit.annotation.RabbitBootstrapConfiguration$$EnhancerBySpringCGLIB$$494fd755] is not eligible for getting processed by all BeanPostProcessors (for example: not eligible for auto-proxying)
2015-10-25 15:15:10.895  INFO 1 --- [main] o.s.b.f.config.PropertiesFactoryBean     : Loading properties file from URL [jar:file:/turbine-service/lib/spring-integration-core-4.1.2.RELEASE.jar!/META-INF/spring.integration.default.properties]
2015-10-25 15:15:10.952  INFO 1 --- [main] trationDelegate$BeanPostProcessorChecker : Bean 'integrationGlobalProperties' of type [class org.springframework.beans.factory.config.PropertiesFactoryBean] is not eligible for getting processed by all BeanPostProcessors (for example: not eligible for auto-proxying)
2015-10-25 15:15:10.986  INFO 1 --- [main] trationDelegate$BeanPostProcessorChecker : Bean 'integrationGlobalProperties' of type [class java.util.Properties] is not eligible for getting processed by all BeanPostProcessors (for example: not eligible for auto-proxying)
2015-10-25 15:15:11.016  INFO 1 --- [main] trationDelegate$BeanPostProcessorChecker : Bean 'messageBuilderFactory' of type [class org.springframework.integration.support.DefaultMessageBuilderFactory] is not eligible for getting processed by all BeanPostProcessors (for example: not eligible for auto-proxying)
2015-10-25 15:15:11.521  INFO 1 --- [main] trationDelegate$BeanPostProcessorChecker : Bean '(inner bean)#65ec8b24' of type [class org.springframework.integration.channel.MessagePublishingErrorHandler] is not eligible for getting processed by all BeanPostProcessors (for example: not eligible for auto-proxying)
2015-10-25 15:15:11.538  INFO 1 --- [main] o.s.s.c.ThreadPoolTaskScheduler          : Initializing ExecutorService  'taskScheduler'
2015-10-25 15:15:11.608  INFO 1 --- [main] trationDelegate$BeanPostProcessorChecker : Bean 'taskScheduler' of type [class org.springframework.scheduling.concurrent.ThreadPoolTaskScheduler] is not eligible for getting processed by all BeanPostProcessors (for example: not eligible for auto-proxying)
2015-10-25 15:15:11.614  INFO 1 --- [main] trationDelegate$BeanPostProcessorChecker : Bean 'integrationHeaderChannelRegistry' of type [class org.springframework.integration.channel.DefaultHeaderChannelRegistry] is not eligible for getting processed by all BeanPostProcessors (for example: not eligible for auto-proxying)
2015-10-25 15:15:11.888  INFO 1 --- [main] trationDelegate$BeanPostProcessorChecker : Bean 'org.springframework.cloud.autoconfigure.RefreshAutoConfiguration$ConfigurationPropertiesRebinderConfiguration' of type [class org.springframework.cloud.autoconfigure.RefreshAutoConfiguration$ConfigurationPropertiesRebinderConfiguration$$EnhancerBySpringCGLIB$$30eb33fd] is not eligible for getting processed by all BeanPostProcessors (for example: not eligible for auto-proxying)
2015-10-25 15:15:14.672  INFO 1 --- [main] s.b.c.e.t.TomcatEmbeddedServletContainer : Tomcat initialized with port(s): 0 (http)
2015-10-25 15:15:16.423  INFO 1 --- [main] o.apache.catalina.core.StandardService   : Starting service Tomcat
2015-10-25 15:15:16.535  INFO 1 --- [main] org.apache.catalina.core.StandardEngine  : Starting Servlet Engine: Apache Tomcat/8.0.23
2015-10-25 15:15:17.586  INFO 1 --- [localhost-startStop-1] o.a.c.c.C.[Tomcat].[localhost].[/]       : Initializing Spring embedded WebApplicationContext
2015-10-25 15:15:17.600 DEBUG 1 --- [localhost-startStop-1] o.s.web.context.ContextLoader            : Published root WebApplicationContext as ServletContext attribute with name [org.springframework.web.context.WebApplicationContext.ROOT]
2015-10-25 15:15:17.645  INFO 1 --- [localhost-startStop-1] o.s.web.context.ContextLoader            : Root WebApplicationContext: initialization completed in 21572 ms
2015-10-25 15:15:18.859 DEBUG 1 --- [localhost-startStop-1] o.s.w.c.s.StandardServletEnvironment     : Adding [servletConfigInitParams] PropertySource with lowest search precedence
2015-10-25 15:15:18.909 DEBUG 1 --- [localhost-startStop-1] o.s.w.c.s.StandardServletEnvironment     : Adding [servletContextInitParams] PropertySource with lowest search precedence
2015-10-25 15:15:18.926 DEBUG 1 --- [localhost-startStop-1] o.s.w.c.s.StandardServletEnvironment     : Adding [systemProperties] PropertySource with lowest search precedence
2015-10-25 15:15:18.953 DEBUG 1 --- [localhost-startStop-1] o.s.w.c.s.StandardServletEnvironment     : Adding [systemEnvironment] PropertySource with lowest search precedence
2015-10-25 15:15:18.964 DEBUG 1 --- [localhost-startStop-1] o.s.w.c.s.StandardServletEnvironment     : Initialized StandardServletEnvironment with PropertySources [servletConfigInitParams,servletContextInitParams,systemProperties,systemEnvironment]
2015-10-25 15:15:19.197 DEBUG 1 --- [localhost-startStop-1] o.s.w.c.s.StandardServletEnvironment     : Adding [servletConfigInitParams] PropertySource with lowest search precedence
2015-10-25 15:15:19.197 DEBUG 1 --- [localhost-startStop-1] o.s.w.c.s.StandardServletEnvironment     : Adding [servletContextInitParams] PropertySource with lowest search precedence
2015-10-25 15:15:19.214 DEBUG 1 --- [localhost-startStop-1] o.s.w.c.s.StandardServletEnvironment     : Adding [systemProperties] PropertySource with lowest search precedence
2015-10-25 15:15:19.226 DEBUG 1 --- [localhost-startStop-1] o.s.w.c.s.StandardServletEnvironment     : Adding [systemEnvironment] PropertySource with lowest search precedence
2015-10-25 15:15:19.235 DEBUG 1 --- [localhost-startStop-1] o.s.w.c.s.StandardServletEnvironment     : Initialized StandardServletEnvironment with PropertySources [servletConfigInitParams,servletContextInitParams,systemProperties,systemEnvironment]
2015-10-25 15:15:19.658  INFO 1 --- [localhost-startStop-1] o.s.s.concurrent.ThreadPoolTaskExecutor  : Initializing ExecutorService  'metricsExecutor'
2015-10-25 15:15:20.398 DEBUG 1 --- [localhost-startStop-1] o.s.w.c.s.StandardServletEnvironment     : Adding [servletConfigInitParams] PropertySource with lowest search precedence
2015-10-25 15:15:20.441 DEBUG 1 --- [localhost-startStop-1] o.s.w.c.s.StandardServletEnvironment     : Adding [servletContextInitParams] PropertySource with lowest search precedence
2015-10-25 15:15:20.466 DEBUG 1 --- [localhost-startStop-1] o.s.w.c.s.StandardServletEnvironment     : Adding [systemProperties] PropertySource with lowest search precedence
2015-10-25 15:15:20.484 DEBUG 1 --- [localhost-startStop-1] o.s.w.c.s.StandardServletEnvironment     : Adding [systemEnvironment] PropertySource with lowest search precedence
2015-10-25 15:15:20.511 DEBUG 1 --- [localhost-startStop-1] o.s.w.c.s.StandardServletEnvironment     : Initialized StandardServletEnvironment with PropertySources [servletConfigInitParams,servletContextInitParams,systemProperties,systemEnvironment]
2015-10-25 15:15:20.879 DEBUG 1 --- [localhost-startStop-1] o.s.w.c.s.StandardServletEnvironment     : Adding [servletConfigInitParams] PropertySource with lowest search precedence
2015-10-25 15:15:20.960 DEBUG 1 --- [localhost-startStop-1] o.s.w.c.s.StandardServletEnvironment     : Adding [servletContextInitParams] PropertySource with lowest search precedence
2015-10-25 15:15:20.961 DEBUG 1 --- [localhost-startStop-1] o.s.w.c.s.StandardServletEnvironment     : Adding [systemProperties] PropertySource with lowest search precedence
2015-10-25 15:15:20.999 DEBUG 1 --- [localhost-startStop-1] o.s.w.c.s.StandardServletEnvironment     : Adding [systemEnvironment] PropertySource with lowest search precedence
2015-10-25 15:15:21.000 DEBUG 1 --- [localhost-startStop-1] o.s.w.c.s.StandardServletEnvironment     : Initialized StandardServletEnvironment with PropertySources [servletConfigInitParams,servletContextInitParams,systemProperties,systemEnvironment]
2015-10-25 15:15:21.220 DEBUG 1 --- [localhost-startStop-1] o.s.w.c.s.StandardServletEnvironment     : Adding [servletConfigInitParams] PropertySource with lowest search precedence
2015-10-25 15:15:21.223 DEBUG 1 --- [localhost-startStop-1] o.s.w.c.s.StandardServletEnvironment     : Adding [servletContextInitParams] PropertySource with lowest search precedence
2015-10-25 15:15:21.240 DEBUG 1 --- [localhost-startStop-1] o.s.w.c.s.StandardServletEnvironment     : Adding [systemProperties] PropertySource with lowest search precedence
2015-10-25 15:15:21.241 DEBUG 1 --- [localhost-startStop-1] o.s.w.c.s.StandardServletEnvironment     : Adding [systemEnvironment] PropertySource with lowest search precedence
2015-10-25 15:15:21.243 DEBUG 1 --- [localhost-startStop-1] o.s.w.c.s.StandardServletEnvironment     : Initialized StandardServletEnvironment with PropertySources [servletConfigInitParams,servletContextInitParams,systemProperties,systemEnvironment]
2015-10-25 15:15:26.641  INFO 1 --- [localhost-startStop-1] o.s.b.c.e.ServletRegistrationBean        : Mapping servlet: 'dispatcherServlet' to [/]
2015-10-25 15:15:26.790  INFO 1 --- [localhost-startStop-1] o.s.b.c.embedded.FilterRegistrationBean  : Mapping filter: 'metricFilter' to: [/*]
2015-10-25 15:15:26.875  INFO 1 --- [localhost-startStop-1] o.s.b.c.embedded.FilterRegistrationBean  : Mapping filter: 'characterEncodingFilter' to: [/*]
2015-10-25 15:15:26.887  INFO 1 --- [localhost-startStop-1] o.s.b.c.embedded.FilterRegistrationBean  : Mapping filter: 'hiddenHttpMethodFilter' to: [/*]
2015-10-25 15:15:26.888  INFO 1 --- [localhost-startStop-1] o.s.b.c.embedded.FilterRegistrationBean  : Mapping filter: 'webRequestLoggingFilter' to: [/*]
2015-10-25 15:15:26.889  INFO 1 --- [localhost-startStop-1] o.s.b.c.embedded.FilterRegistrationBean  : Mapping filter: 'applicationContextIdFilter' to: [/*]
2015-10-25 15:15:27.213  INFO 1 --- [localhost-startStop-1] o.a.c.util.SessionIdGeneratorBase        : Creation of SecureRandom instance for session ID generation using [SHA1PRNG] took [103] milliseconds.
2015-10-25 15:15:27.299 DEBUG 1 --- [main] o.s.w.c.s.StandardServletEnvironment     : Replacing [servletContextInitParams] PropertySource with [servletContextInitParams]
2015-10-25 15:15:34.288  WARN 1 --- [main] c.n.c.sources.URLConfigurationSource     : No URLs will be polled as dynamic configuration sources.
2015-10-25 15:15:34.357  INFO 1 --- [main] c.n.c.sources.URLConfigurationSource     : To enable URLs as dynamic configuration sources, define System property archaius.configurationSource.additionalUrls or make config.properties available on classpath.
2015-10-25 15:15:34.452  INFO 1 --- [main] c.netflix.config.DynamicPropertyFactory  : DynamicPropertyFactory is initialized with configuration sources: com.netflix.config.ConcurrentCompositeConfiguration@1d901f20
2015-10-25 15:15:35.808  INFO 1 --- [main] s.w.s.m.m.a.RequestMappingHandlerAdapter : Looking for @ControllerAdvice: org.springframework.boot.context.embedded.AnnotationConfigEmbeddedWebApplicationContext@129b4fe2: startup date [Sun Oct 25 15:14:56 UTC 2015]; parent: org.springframework.context.annotation.AnnotationConfigApplicationContext@6f43c82
2015-10-25 15:15:36.232 DEBUG 1 --- [main] s.w.s.m.m.a.RequestMappingHandlerMapping : Looking for request mappings in application context: org.springframework.boot.context.embedded.AnnotationConfigEmbeddedWebApplicationContext@129b4fe2: startup date [Sun Oct 25 15:14:56 UTC 2015]; parent: org.springframework.context.annotation.AnnotationConfigApplicationContext@6f43c82
2015-10-25 15:15:36.320  INFO 1 --- [main] s.w.s.m.m.a.RequestMappingHandlerMapping : Mapped "{[/error],methods=[],params=[],headers=[],consumes=[],produces=[text/html],custom=[]}" onto public org.springframework.web.servlet.ModelAndView org.springframework.boot.autoconfigure.web.BasicErrorController.errorHtml(javax.servlet.http.HttpServletRequest)
2015-10-25 15:15:36.324  INFO 1 --- [main] s.w.s.m.m.a.RequestMappingHandlerMapping : Mapped "{[/error],methods=[],params=[],headers=[],consumes=[],produces=[],custom=[]}" onto public org.springframework.http.ResponseEntity<java.util.Map<java.lang.String, java.lang.Object>> org.springframework.boot.autoconfigure.web.BasicErrorController.error(javax.servlet.http.HttpServletRequest)
2015-10-25 15:15:36.570 DEBUG 1 --- [main] o.s.w.s.h.BeanNameUrlHandlerMapping      : Looking for URL mappings in application context: org.springframework.boot.context.embedded.AnnotationConfigEmbeddedWebApplicationContext@129b4fe2: startup date [Sun Oct 25 15:14:56 UTC 2015]; parent: org.springframework.context.annotation.AnnotationConfigApplicationContext@6f43c82
2015-10-25 15:15:36.609 DEBUG 1 --- [main] o.s.w.s.h.BeanNameUrlHandlerMapping      : Rejected bean name 'org.springframework.context.annotation.internalConfigurationAnnotationProcessor': no URL paths identified
2015-10-25 15:15:36.688 DEBUG 1 --- [main] o.s.w.s.h.BeanNameUrlHandlerMapping      : Rejected bean name 'org.springframework.context.annotation.internalAutowiredAnnotationProcessor': no URL paths identified
2015-10-25 15:15:36.689 DEBUG 1 --- [main] o.s.w.s.h.BeanNameUrlHandlerMapping      : Rejected bean name 'org.springframework.context.annotation.internalRequiredAnnotationProcessor': no URL paths identified
2015-10-25 15:15:36.690 DEBUG 1 --- [main] o.s.w.s.h.BeanNameUrlHandlerMapping      : Rejected bean name 'org.springframework.context.annotation.internalCommonAnnotationProcessor': no URL paths identified
2015-10-25 15:15:36.694 DEBUG 1 --- [main] o.s.w.s.h.BeanNameUrlHandlerMapping      : Rejected bean name 'application': no URL paths identified
2015-10-25 15:15:36.737 DEBUG 1 --- [main] o.s.w.s.h.BeanNameUrlHandlerMapping      : Rejected bean name 'org.springframework.context.annotation.ConfigurationClassPostProcessor.importAwareProcessor': no URL paths identified
2015-10-25 15:15:36.739 DEBUG 1 --- [main] o.s.w.s.h.BeanNameUrlHandlerMapping      : Rejected bean name 'org.springframework.context.annotation.ConfigurationClassPostProcessor.enhancedConfigurationProcessor': no URL paths identified
2015-10-25 15:15:36.739 DEBUG 1 --- [main] o.s.w.s.h.BeanNameUrlHandlerMapping      : Rejected bean name 'org.springframework.cloud.netflix.turbine.amqp.TurbineAmqpConfiguration': no URL paths identified
2015-10-25 15:15:36.742 DEBUG 1 --- [main] o.s.w.s.h.BeanNameUrlHandlerMapping      : Rejected bean name 'hystrixSubject': no URL paths identified
2015-10-25 15:15:36.744 DEBUG 1 --- [main] o.s.w.s.h.BeanNameUrlHandlerMapping      : Rejected bean name 'aggregatorServer': no URL paths identified
2015-10-25 15:15:36.748 DEBUG 1 --- [main] o.s.w.s.h.BeanNameUrlHandlerMapping      : Rejected bean name 'turbine.amqp.CONFIGURATION_PROPERTIES': no URL paths identified
2015-10-25 15:15:36.748 DEBUG 1 --- [main] o.s.w.s.h.BeanNameUrlHandlerMapping      : Rejected bean name 'org.springframework.boot.context.properties.ConfigurationPropertiesBindingPostProcessor': no URL paths identified
2015-10-25 15:15:36.749 DEBUG 1 --- [main] o.s.w.s.h.BeanNameUrlHandlerMapping      : Rejected bean name 'org.springframework.boot.context.properties.ConfigurationPropertiesBindingPostProcessor.store': no URL paths identified
2015-10-25 15:15:36.763 DEBUG 1 --- [main] o.s.w.s.h.BeanNameUrlHandlerMapping      : Rejected bean name 'createRabbitMqConnectionFactory': no URL paths identified
2015-10-25 15:15:36.763 DEBUG 1 --- [main] o.s.w.s.h.BeanNameUrlHandlerMapping      : Rejected bean name 'org.springframework.boot.autoconfigure.AutoConfigurationPackages': no URL paths identified
2015-10-25 15:15:36.763 DEBUG 1 --- [main] o.s.w.s.h.BeanNameUrlHandlerMapping      : Rejected bean name 'org.springframework.boot.autoconfigure.condition.BeanTypeRegistry': no URL paths identified
2015-10-25 15:15:36.764 DEBUG 1 --- [main] o.s.w.s.h.BeanNameUrlHandlerMapping      : Rejected bean name 'org.springframework.cloud.netflix.eureka.EurekaDiscoveryClientConfiguration$DiscoveryManagerInitializerConfiguration': no URL paths identified
2015-10-25 15:15:36.764 DEBUG 1 --- [main] o.s.w.s.h.BeanNameUrlHandlerMapping      : Rejected bean name 'discoveryManagerInitializer': no URL paths identified
2015-10-25 15:15:36.764 DEBUG 1 --- [main] o.s.w.s.h.BeanNameUrlHandlerMapping      : Rejected bean name 'org.springframework.cloud.netflix.eureka.EurekaDiscoveryClientConfiguration': no URL paths identified
2015-10-25 15:15:36.767 DEBUG 1 --- [main] o.s.w.s.h.BeanNameUrlHandlerMapping      : Rejected bean name 'scopedTarget.eurekaDiscoveryClient': no URL paths identified
2015-10-25 15:15:36.768 DEBUG 1 --- [main] o.s.w.s.h.BeanNameUrlHandlerMapping      : Rejected bean name 'eurekaDiscoveryClient': no URL paths identified
2015-10-25 15:15:36.777 DEBUG 1 --- [main] o.s.w.s.h.BeanNameUrlHandlerMapping      : Rejected bean name 'discoveryClient': no URL paths identified
2015-10-25 15:15:36.777 DEBUG 1 --- [main] o.s.w.s.h.BeanNameUrlHandlerMapping      : Rejected bean name 'containerPortInitializer': no URL paths identified
2015-10-25 15:15:36.777 DEBUG 1 --- [main] o.s.w.s.h.BeanNameUrlHandlerMapping      : Rejected bean name 'org.springframework.boot.autoconfigure.PropertyPlaceholderAutoConfiguration': no URL paths identified
2015-10-25 15:15:36.779 DEBUG 1 --- [main] o.s.w.s.h.BeanNameUrlHandlerMapping      : Rejected bean name 'propertySourcesPlaceholderConfigurer': no URL paths identified
2015-10-25 15:15:36.789 DEBUG 1 --- [main] o.s.w.s.h.BeanNameUrlHandlerMapping      : Rejected bean name 'org.springframework.boot.autoconfigure.websocket.WebSocketAutoConfiguration$TomcatWebSocketConfiguration': no URL paths identified
2015-10-25 15:15:36.816 DEBUG 1 --- [main] o.s.w.s.h.BeanNameUrlHandlerMapping      : Rejected bean name 'websocketContainerCustomizer': no URL paths identified
2015-10-25 15:15:36.817 DEBUG 1 --- [main] o.s.w.s.h.BeanNameUrlHandlerMapping      : Rejected bean name 'org.springframework.boot.autoconfigure.websocket.WebSocketAutoConfiguration': no URL paths identified
2015-10-25 15:15:36.818 DEBUG 1 --- [main] o.s.w.s.h.BeanNameUrlHandlerMapping      : Rejected bean name 'org.springframework.boot.autoconfigure.web.EmbeddedServletContainerAutoConfiguration$EmbeddedTomcat': no URL paths identified
2015-10-25 15:15:36.849 DEBUG 1 --- [main] o.s.w.s.h.BeanNameUrlHandlerMapping      : Rejected bean name 'tomcatEmbeddedServletContainerFactory': no URL paths identified
2015-10-25 15:15:36.852 DEBUG 1 --- [main] o.s.w.s.h.BeanNameUrlHandlerMapping      : Rejected bean name 'org.springframework.boot.autoconfigure.web.EmbeddedServletContainerAutoConfiguration': no URL paths identified
2015-10-25 15:15:36.852 DEBUG 1 --- [main] o.s.w.s.h.BeanNameUrlHandlerMapping      : Rejected bean name 'embeddedServletContainerCustomizerBeanPostProcessor': no URL paths identified
2015-10-25 15:15:36.853 DEBUG 1 --- [main] o.s.w.s.h.BeanNameUrlHandlerMapping      : Rejected bean name 'org.springframework.boot.autoconfigure.web.DispatcherServletAutoConfiguration$DispatcherServletConfiguration': no URL paths identified
2015-10-25 15:15:36.853 DEBUG 1 --- [main] o.s.w.s.h.BeanNameUrlHandlerMapping      : Rejected bean name 'dispatcherServlet': no URL paths identified
2015-10-25 15:15:36.855 DEBUG 1 --- [main] o.s.w.s.h.BeanNameUrlHandlerMapping      : Rejected bean name 'dispatcherServletRegistration': no URL paths identified
2015-10-25 15:15:36.857 DEBUG 1 --- [main] o.s.w.s.h.BeanNameUrlHandlerMapping      : Rejected bean name 'org.springframework.boot.autoconfigure.web.DispatcherServletAutoConfiguration': no URL paths identified
2015-10-25 15:15:36.858 DEBUG 1 --- [main] o.s.w.s.h.BeanNameUrlHandlerMapping      : Rejected bean name 'org.springframework.boot.autoconfigure.web.ErrorMvcAutoConfiguration$WhitelabelErrorViewConfiguration': no URL paths identified
2015-10-25 15:15:36.858 DEBUG 1 --- [main] o.s.w.s.h.BeanNameUrlHandlerMapping      : Rejected bean name 'error': no URL paths identified
2015-10-25 15:15:36.859 DEBUG 1 --- [main] o.s.w.s.h.BeanNameUrlHandlerMapping      : Rejected bean name 'beanNameViewResolver': no URL paths identified
2015-10-25 15:15:36.899 DEBUG 1 --- [main] o.s.w.s.h.BeanNameUrlHandlerMapping      : Rejected bean name 'org.springframework.boot.autoconfigure.web.ErrorMvcAutoConfiguration': no URL paths identified
2015-10-25 15:15:36.900 DEBUG 1 --- [main] o.s.w.s.h.BeanNameUrlHandlerMapping      : Rejected bean name 'errorAttributes': no URL paths identified
2015-10-25 15:15:36.905 DEBUG 1 --- [main] o.s.w.s.h.BeanNameUrlHandlerMapping      : Rejected bean name 'basicErrorController': no URL paths identified
2015-10-25 15:15:36.917 DEBUG 1 --- [main] o.s.w.s.h.BeanNameUrlHandlerMapping      : Rejected bean name 'org.springframework.boot.autoconfigure.web.WebMvcAutoConfiguration$EnableWebMvcConfiguration': no URL paths identified
2015-10-25 15:15:36.920 DEBUG 1 --- [main] o.s.w.s.h.BeanNameUrlHandlerMapping      : Rejected bean name 'requestMappingHandlerAdapter': no URL paths identified
2015-10-25 15:15:36.921 DEBUG 1 --- [main] o.s.w.s.h.BeanNameUrlHandlerMapping      : Rejected bean name 'requestMappingHandlerMapping': no URL paths identified
2015-10-25 15:15:36.953 DEBUG 1 --- [main] o.s.w.s.h.BeanNameUrlHandlerMapping      : Rejected bean name 'mvcContentNegotiationManager': no URL paths identified
2015-10-25 15:15:36.954 DEBUG 1 --- [main] o.s.w.s.h.BeanNameUrlHandlerMapping      : Rejected bean name 'viewControllerHandlerMapping': no URL paths identified
2015-10-25 15:15:36.954 DEBUG 1 --- [main] o.s.w.s.h.BeanNameUrlHandlerMapping      : Rejected bean name 'beanNameHandlerMapping': no URL paths identified
2015-10-25 15:15:36.955 DEBUG 1 --- [main] o.s.w.s.h.BeanNameUrlHandlerMapping      : Rejected bean name 'resourceHandlerMapping': no URL paths identified
2015-10-25 15:15:36.963 DEBUG 1 --- [main] o.s.w.s.h.BeanNameUrlHandlerMapping      : Rejected bean name 'mvcResourceUrlProvider': no URL paths identified
2015-10-25 15:15:36.964 DEBUG 1 --- [main] o.s.w.s.h.BeanNameUrlHandlerMapping      : Rejected bean name 'defaultServletHandlerMapping': no URL paths identified
2015-10-25 15:15:36.968 DEBUG 1 --- [main] o.s.w.s.h.BeanNameUrlHandlerMapping      : Rejected bean name 'mvcConversionService': no URL paths identified
2015-10-25 15:15:36.975 DEBUG 1 --- [main] o.s.w.s.h.BeanNameUrlHandlerMapping      : Rejected bean name 'mvcValidator': no URL paths identified
2015-10-25 15:15:36.994 DEBUG 1 --- [main] o.s.w.s.h.BeanNameUrlHandlerMapping      : Rejected bean name 'mvcPathMatcher': no URL paths identified
2015-10-25 15:15:36.994 DEBUG 1 --- [main] o.s.w.s.h.BeanNameUrlHandlerMapping      : Rejected bean name 'mvcUrlPathHelper': no URL paths identified
2015-10-25 15:15:37.009 DEBUG 1 --- [main] o.s.w.s.h.BeanNameUrlHandlerMapping      : Rejected bean name 'mvcUriComponentsContributor': no URL paths identified
2015-10-25 15:15:37.009 DEBUG 1 --- [main] o.s.w.s.h.BeanNameUrlHandlerMapping      : Rejected bean name 'httpRequestHandlerAdapter': no URL paths identified
2015-10-25 15:15:37.009 DEBUG 1 --- [main] o.s.w.s.h.BeanNameUrlHandlerMapping      : Rejected bean name 'simpleControllerHandlerAdapter': no URL paths identified
2015-10-25 15:15:37.009 DEBUG 1 --- [main] o.s.w.s.h.BeanNameUrlHandlerMapping      : Rejected bean name 'handlerExceptionResolver': no URL paths identified
2015-10-25 15:15:37.010 DEBUG 1 --- [main] o.s.w.s.h.BeanNameUrlHandlerMapping      : Rejected bean name 'mvcViewResolver': no URL paths identified
2015-10-25 15:15:37.022 DEBUG 1 --- [main] o.s.w.s.h.BeanNameUrlHandlerMapping      : Rejected bean name 'org.springframework.boot.autoconfigure.web.WebMvcAutoConfiguration$WebMvcAutoConfigurationAdapter$FaviconConfiguration': no URL paths identified
2015-10-25 15:15:37.022 DEBUG 1 --- [main] o.s.w.s.h.BeanNameUrlHandlerMapping      : Rejected bean name 'faviconHandlerMapping': no URL paths identified
2015-10-25 15:15:37.022 DEBUG 1 --- [main] o.s.w.s.h.BeanNameUrlHandlerMapping      : Rejected bean name 'faviconRequestHandler': no URL paths identified
2015-10-25 15:15:37.022 DEBUG 1 --- [main] o.s.w.s.h.BeanNameUrlHandlerMapping      : Rejected bean name 'org.springframework.boot.autoconfigure.web.WebMvcAutoConfiguration$WebMvcAutoConfigurationAdapter': no URL paths identified
2015-10-25 15:15:37.023 DEBUG 1 --- [main] o.s.w.s.h.BeanNameUrlHandlerMapping      : Rejected bean name 'defaultViewResolver': no URL paths identified
2015-10-25 15:15:37.023 DEBUG 1 --- [main] o.s.w.s.h.BeanNameUrlHandlerMapping      : Rejected bean name 'requestContextListener': no URL paths identified
2015-10-25 15:15:37.023 DEBUG 1 --- [main] o.s.w.s.h.BeanNameUrlHandlerMapping      : Rejected bean name 'viewResolver': no URL paths identified
2015-10-25 15:15:37.024 DEBUG 1 --- [main] o.s.w.s.h.BeanNameUrlHandlerMapping      : Rejected bean name 'spring.mvc.CONFIGURATION_PROPERTIES': no URL paths identified
2015-10-25 15:15:37.024 DEBUG 1 --- [main] o.s.w.s.h.BeanNameUrlHandlerMapping      : Rejected bean name 'spring.resources.CONFIGURATION_PROPERTIES': no URL paths identified
2015-10-25 15:15:37.025 DEBUG 1 --- [main] o.s.w.s.h.BeanNameUrlHandlerMapping      : Rejected bean name 'org.springframework.boot.autoconfigure.web.WebMvcAutoConfiguration': no URL paths identified
2015-10-25 15:15:37.026 DEBUG 1 --- [main] o.s.w.s.h.BeanNameUrlHandlerMapping      : Rejected bean name 'hiddenHttpMethodFilter': no URL paths identified
2015-10-25 15:15:37.026 DEBUG 1 --- [main] o.s.w.s.h.BeanNameUrlHandlerMapping      : Rejected bean name 'org.springframework.cloud.client.CommonsClientAutoConfiguration': no URL paths identified
2015-10-25 15:15:37.029 DEBUG 1 --- [main] o.s.w.s.h.BeanNameUrlHandlerMapping      : Rejected bean name 'instancesHealthIndicator': no URL paths identified
2015-10-25 15:15:37.029 DEBUG 1 --- [main] o.s.w.s.h.BeanNameUrlHandlerMapping      : Rejected bean name 'discoveryHealthIndicator': no URL paths identified
2015-10-25 15:15:37.042 DEBUG 1 --- [main] o.s.w.s.h.BeanNameUrlHandlerMapping      : Rejected bean name 'org.springframework.boot.actuate.autoconfigure.AuditAutoConfiguration$AuditEventRepositoryConfiguration': no URL paths identified
2015-10-25 15:15:37.042 DEBUG 1 --- [main] o.s.w.s.h.BeanNameUrlHandlerMapping      : Rejected bean name 'auditEventRepository': no URL paths identified
2015-10-25 15:15:37.042 DEBUG 1 --- [main] o.s.w.s.h.BeanNameUrlHandlerMapping      : Rejected bean name 'org.springframework.boot.actuate.autoconfigure.AuditAutoConfiguration': no URL paths identified
2015-10-25 15:15:37.047 DEBUG 1 --- [main] o.s.w.s.h.BeanNameUrlHandlerMapping      : Rejected bean name 'auditListener': no URL paths identified
2015-10-25 15:15:37.049 DEBUG 1 --- [main] o.s.w.s.h.BeanNameUrlHandlerMapping      : Rejected bean name 'org.springframework.boot.actuate.autoconfigure.MetricRepositoryAutoConfiguration$MetricsChannelConfiguration': no URL paths identified
2015-10-25 15:15:37.050 DEBUG 1 --- [main] o.s.w.s.h.BeanNameUrlHandlerMapping      : Rejected bean name 'metricsChannel': no URL paths identified
2015-10-25 15:15:37.050 DEBUG 1 --- [main] o.s.w.s.h.BeanNameUrlHandlerMapping      : Rejected bean name 'metricsExecutor': no URL paths identified
2015-10-25 15:15:37.067 DEBUG 1 --- [main] o.s.w.s.h.BeanNameUrlHandlerMapping      : Rejected bean name 'primaryMetricWriter': no URL paths identified
2015-10-25 15:15:37.068 DEBUG 1 --- [main] o.s.w.s.h.BeanNameUrlHandlerMapping      : Rejected bean name 'org.springframework.boot.actuate.autoconfigure.MetricRepositoryAutoConfiguration$MetricRepositoryConfiguration': no URL paths identified
2015-10-25 15:15:37.068 DEBUG 1 --- [main] o.s.w.s.h.BeanNameUrlHandlerMapping      : Rejected bean name 'actuatorMetricRepository': no URL paths identified
2015-10-25 15:15:37.068 DEBUG 1 --- [main] o.s.w.s.h.BeanNameUrlHandlerMapping      : Rejected bean name 'org.springframework.boot.actuate.autoconfigure.MetricRepositoryAutoConfiguration': no URL paths identified
2015-10-25 15:15:37.068 DEBUG 1 --- [main] o.s.w.s.h.BeanNameUrlHandlerMapping      : Rejected bean name 'counterService': no URL paths identified
2015-10-25 15:15:37.068 DEBUG 1 --- [main] o.s.w.s.h.BeanNameUrlHandlerMapping      : Rejected bean name 'gaugeService': no URL paths identified
2015-10-25 15:15:37.068 DEBUG 1 --- [main] o.s.w.s.h.BeanNameUrlHandlerMapping      : Rejected bean name 'org.springframework.boot.actuate.autoconfigure.PublicMetricsAutoConfiguration$TomcatMetricsConfiguration': no URL paths identified
2015-10-25 15:15:37.069 DEBUG 1 --- [main] o.s.w.s.h.BeanNameUrlHandlerMapping      : Rejected bean name 'tomcatPublicMetrics': no URL paths identified
2015-10-25 15:15:37.070 DEBUG 1 --- [main] o.s.w.s.h.BeanNameUrlHandlerMapping      : Rejected bean name 'org.springframework.boot.actuate.autoconfigure.PublicMetricsAutoConfiguration': no URL paths identified
2015-10-25 15:15:37.071 DEBUG 1 --- [main] o.s.w.s.h.BeanNameUrlHandlerMapping      : Rejected bean name 'systemPublicMetrics': no URL paths identified
2015-10-25 15:15:37.074 DEBUG 1 --- [main] o.s.w.s.h.BeanNameUrlHandlerMapping      : Rejected bean name 'metricReaderPublicMetrics': no URL paths identified
2015-10-25 15:15:37.074 DEBUG 1 --- [main] o.s.w.s.h.BeanNameUrlHandlerMapping      : Rejected bean name 'org.springframework.boot.autoconfigure.amqp.RabbitAutoConfiguration$MessagingTemplateConfiguration': no URL paths identified
2015-10-25 15:15:37.075 DEBUG 1 --- [main] o.s.w.s.h.BeanNameUrlHandlerMapping      : Rejected bean name 'rabbitMessagingTemplate': no URL paths identified
2015-10-25 15:15:37.079 DEBUG 1 --- [main] o.s.w.s.h.BeanNameUrlHandlerMapping      : Rejected bean name 'org.springframework.amqp.rabbit.annotation.RabbitBootstrapConfiguration': no URL paths identified
2015-10-25 15:15:37.081 DEBUG 1 --- [main] o.s.w.s.h.BeanNameUrlHandlerMapping      : Rejected bean name 'org.springframework.amqp.rabbit.config.internalRabbitListenerAnnotationProcessor': no URL paths identified
2015-10-25 15:15:37.083 DEBUG 1 --- [main] o.s.w.s.h.BeanNameUrlHandlerMapping      : Rejected bean name 'org.springframework.amqp.rabbit.config.internalRabbitListenerEndpointRegistry': no URL paths identified
2015-10-25 15:15:37.083 DEBUG 1 --- [main] o.s.w.s.h.BeanNameUrlHandlerMapping      : Rejected bean name 'org.springframework.boot.autoconfigure.amqp.RabbitAnnotationDrivenConfiguration$EnableRabbitConfiguration': no URL paths identified
2015-10-25 15:15:37.083 DEBUG 1 --- [main] o.s.w.s.h.BeanNameUrlHandlerMapping      : Rejected bean name 'org.springframework.boot.autoconfigure.amqp.RabbitAnnotationDrivenConfiguration': no URL paths identified
2015-10-25 15:15:37.089 DEBUG 1 --- [main] o.s.w.s.h.BeanNameUrlHandlerMapping      : Rejected bean name 'rabbitListenerContainerFactory': no URL paths identified
2015-10-25 15:15:37.089 DEBUG 1 --- [main] o.s.w.s.h.BeanNameUrlHandlerMapping      : Rejected bean name 'org.springframework.boot.autoconfigure.amqp.RabbitAutoConfiguration': no URL paths identified
2015-10-25 15:15:37.123 DEBUG 1 --- [main] o.s.w.s.h.BeanNameUrlHandlerMapping      : Rejected bean name 'amqpAdmin': no URL paths identified
2015-10-25 15:15:37.140 DEBUG 1 --- [main] o.s.w.s.h.BeanNameUrlHandlerMapping      : Rejected bean name 'rabbitTemplate': no URL paths identified
2015-10-25 15:15:37.143 DEBUG 1 --- [main] o.s.w.s.h.BeanNameUrlHandlerMapping      : Rejected bean name 'spring.rabbitmq.CONFIGURATION_PROPERTIES': no URL paths identified
2015-10-25 15:15:37.144 DEBUG 1 --- [main] o.s.w.s.h.BeanNameUrlHandlerMapping      : Rejected bean name 'org.springframework.boot.actuate.autoconfigure.HealthIndicatorAutoConfiguration$DiskSpaceHealthIndicatorConfiguration': no URL paths identified
2015-10-25 15:15:37.172 DEBUG 1 --- [main] o.s.w.s.h.BeanNameUrlHandlerMapping      : Rejected bean name 'diskSpaceHealthIndicator': no URL paths identified
2015-10-25 15:15:37.187 DEBUG 1 --- [main] o.s.w.s.h.BeanNameUrlHandlerMapping      : Rejected bean name 'diskSpaceHealthIndicatorProperties': no URL paths identified
2015-10-25 15:15:37.188 DEBUG 1 --- [main] o.s.w.s.h.BeanNameUrlHandlerMapping      : Rejected bean name 'org.springframework.boot.actuate.autoconfigure.HealthIndicatorAutoConfiguration$RabbitHealthIndicatorConfiguration': no URL paths identified
2015-10-25 15:15:37.188 DEBUG 1 --- [main] o.s.w.s.h.BeanNameUrlHandlerMapping      : Rejected bean name 'rabbitHealthIndicator': no URL paths identified
2015-10-25 15:15:37.190 DEBUG 1 --- [main] o.s.w.s.h.BeanNameUrlHandlerMapping      : Rejected bean name 'org.springframework.boot.actuate.autoconfigure.HealthIndicatorAutoConfiguration': no URL paths identified
2015-10-25 15:15:37.215 DEBUG 1 --- [main] o.s.w.s.h.BeanNameUrlHandlerMapping      : Rejected bean name 'healthAggregator': no URL paths identified
2015-10-25 15:15:37.228 DEBUG 1 --- [main] o.s.w.s.h.BeanNameUrlHandlerMapping      : Rejected bean name 'management.health.status.CONFIGURATION_PROPERTIES': no URL paths identified
2015-10-25 15:15:37.228 DEBUG 1 --- [main] o.s.w.s.h.BeanNameUrlHandlerMapping      : Rejected bean name 'org.springframework.cloud.netflix.servo.ServoMetricsAutoConfiguration': no URL paths identified
2015-10-25 15:15:37.228 DEBUG 1 --- [main] o.s.w.s.h.BeanNameUrlHandlerMapping      : Rejected bean name 'servoMetricCollector': no URL paths identified
2015-10-25 15:15:37.229 DEBUG 1 --- [main] o.s.w.s.h.BeanNameUrlHandlerMapping      : Rejected bean name 'org.springframework.boot.actuate.autoconfigure.EndpointAutoConfiguration$InfoPropertiesConfiguration': no URL paths identified
2015-10-25 15:15:37.267 DEBUG 1 --- [main] o.s.w.s.h.BeanNameUrlHandlerMapping      : Rejected bean name 'org.springframework.boot.actuate.autoconfigure.EndpointAutoConfiguration$RequestMappingEndpointConfiguration': no URL paths identified
2015-10-25 15:15:37.271 DEBUG 1 --- [main] o.s.w.s.h.BeanNameUrlHandlerMapping      : Rejected bean name 'requestMappingEndpoint': no URL paths identified
2015-10-25 15:15:37.271 DEBUG 1 --- [main] o.s.w.s.h.BeanNameUrlHandlerMapping      : Rejected bean name 'org.springframework.boot.actuate.autoconfigure.EndpointAutoConfiguration': no URL paths identified
2015-10-25 15:15:37.271 DEBUG 1 --- [main] o.s.w.s.h.BeanNameUrlHandlerMapping      : Rejected bean name 'environmentEndpoint': no URL paths identified
2015-10-25 15:15:37.272 DEBUG 1 --- [main] o.s.w.s.h.BeanNameUrlHandlerMapping      : Rejected bean name 'healthEndpoint': no URL paths identified
2015-10-25 15:15:37.272 DEBUG 1 --- [main] o.s.w.s.h.BeanNameUrlHandlerMapping      : Rejected bean name 'beansEndpoint': no URL paths identified
2015-10-25 15:15:37.272 DEBUG 1 --- [main] o.s.w.s.h.BeanNameUrlHandlerMapping      : Rejected bean name 'infoEndpoint': no URL paths identified
2015-10-25 15:15:37.272 DEBUG 1 --- [main] o.s.w.s.h.BeanNameUrlHandlerMapping      : Rejected bean name 'metricsEndpoint': no URL paths identified
2015-10-25 15:15:37.272 DEBUG 1 --- [main] o.s.w.s.h.BeanNameUrlHandlerMapping      : Rejected bean name 'traceEndpoint': no URL paths identified
2015-10-25 15:15:37.273 DEBUG 1 --- [main] o.s.w.s.h.BeanNameUrlHandlerMapping      : Rejected bean name 'dumpEndpoint': no URL paths identified
2015-10-25 15:15:37.273 DEBUG 1 --- [main] o.s.w.s.h.BeanNameUrlHandlerMapping      : Rejected bean name 'autoConfigurationAuditEndpoint': no URL paths identified
2015-10-25 15:15:37.289 DEBUG 1 --- [main] o.s.w.s.h.BeanNameUrlHandlerMapping      : Rejected bean name 'shutdownEndpoint': no URL paths identified
2015-10-25 15:15:37.338 DEBUG 1 --- [main] o.s.w.s.h.BeanNameUrlHandlerMapping      : Rejected bean name 'configurationPropertiesReportEndpoint': no URL paths identified
2015-10-25 15:15:37.341 DEBUG 1 --- [main] o.s.w.s.h.BeanNameUrlHandlerMapping      : Rejected bean name 'org.springframework.boot.autoconfigure.jmx.JmxAutoConfiguration': no URL paths identified
2015-10-25 15:15:37.343 DEBUG 1 --- [main] o.s.w.s.h.BeanNameUrlHandlerMapping      : Rejected bean name 'mbeanExporter': no URL paths identified
2015-10-25 15:15:37.369 DEBUG 1 --- [main] o.s.w.s.h.BeanNameUrlHandlerMapping      : Rejected bean name 'objectNamingStrategy': no URL paths identified
2015-10-25 15:15:37.378 DEBUG 1 --- [main] o.s.w.s.h.BeanNameUrlHandlerMapping      : Rejected bean name 'mbeanServer': no URL paths identified
2015-10-25 15:15:37.378 DEBUG 1 --- [main] o.s.w.s.h.BeanNameUrlHandlerMapping      : Rejected bean name 'org.springframework.boot.actuate.autoconfigure.EndpointMBeanExportAutoConfiguration': no URL paths identified
2015-10-25 15:15:37.379 DEBUG 1 --- [main] o.s.w.s.h.BeanNameUrlHandlerMapping      : Rejected bean name 'endpointMBeanExporter': no URL paths identified
2015-10-25 15:15:37.383 DEBUG 1 --- [main] o.s.w.s.h.BeanNameUrlHandlerMapping      : Rejected bean name 'endpoints.jmx.CONFIGURATION_PROPERTIES': no URL paths identified
2015-10-25 15:15:37.386 DEBUG 1 --- [main] o.s.w.s.h.BeanNameUrlHandlerMapping      : Rejected bean name 'org.springframework.boot.autoconfigure.web.ServerPropertiesAutoConfiguration': no URL paths identified
2015-10-25 15:15:37.403 DEBUG 1 --- [main] o.s.w.s.h.BeanNameUrlHandlerMapping      : Rejected bean name 'serverProperties': no URL paths identified
2015-10-25 15:15:37.404 DEBUG 1 --- [main] o.s.w.s.h.BeanNameUrlHandlerMapping      : Rejected bean name 'org.springframework.boot.actuate.autoconfigure.ManagementServerPropertiesAutoConfiguration': no URL paths identified
2015-10-25 15:15:37.404 DEBUG 1 --- [main] o.s.w.s.h.BeanNameUrlHandlerMapping      : Rejected bean name 'managementServerProperties': no URL paths identified
2015-10-25 15:15:37.406 DEBUG 1 --- [main] o.s.w.s.h.BeanNameUrlHandlerMapping      : Rejected bean name 'org.springframework.boot.actuate.autoconfigure.EndpointWebMvcAutoConfiguration$ApplicationContextFilterConfiguration': no URL paths identified
2015-10-25 15:15:37.406 DEBUG 1 --- [main] o.s.w.s.h.BeanNameUrlHandlerMapping      : Rejected bean name 'applicationContextIdFilter': no URL paths identified
2015-10-25 15:15:37.449 DEBUG 1 --- [main] o.s.w.s.h.BeanNameUrlHandlerMapping      : Rejected bean name 'org.springframework.boot.actuate.autoconfigure.EndpointWebMvcAutoConfiguration': no URL paths identified
2015-10-25 15:15:37.449 DEBUG 1 --- [main] o.s.w.s.h.BeanNameUrlHandlerMapping      : Rejected bean name 'endpointHandlerMapping': no URL paths identified
2015-10-25 15:15:37.449 DEBUG 1 --- [main] o.s.w.s.h.BeanNameUrlHandlerMapping      : Rejected bean name 'mvcEndpoints': no URL paths identified
2015-10-25 15:15:37.449 DEBUG 1 --- [main] o.s.w.s.h.BeanNameUrlHandlerMapping      : Rejected bean name 'environmentMvcEndpoint': no URL paths identified
2015-10-25 15:15:37.449 DEBUG 1 --- [main] o.s.w.s.h.BeanNameUrlHandlerMapping      : Rejected bean name 'healthMvcEndpoint': no URL paths identified
2015-10-25 15:15:37.451 DEBUG 1 --- [main] o.s.w.s.h.BeanNameUrlHandlerMapping      : Rejected bean name 'metricsMvcEndpoint': no URL paths identified
2015-10-25 15:15:37.451 DEBUG 1 --- [main] o.s.w.s.h.BeanNameUrlHandlerMapping      : Rejected bean name 'shutdownMvcEndpoint': no URL paths identified
2015-10-25 15:15:37.451 DEBUG 1 --- [main] o.s.w.s.h.BeanNameUrlHandlerMapping      : Rejected bean name 'endpoints.health.CONFIGURATION_PROPERTIES': no URL paths identified
2015-10-25 15:15:37.451 DEBUG 1 --- [main] o.s.w.s.h.BeanNameUrlHandlerMapping      : Rejected bean name 'org.springframework.boot.actuate.autoconfigure.MetricFilterAutoConfiguration': no URL paths identified
2015-10-25 15:15:37.451 DEBUG 1 --- [main] o.s.w.s.h.BeanNameUrlHandlerMapping      : Rejected bean name 'metricFilter': no URL paths identified
2015-10-25 15:15:37.452 DEBUG 1 --- [main] o.s.w.s.h.BeanNameUrlHandlerMapping      : Rejected bean name 'org.springframework.boot.actuate.autoconfigure.TraceRepositoryAutoConfiguration': no URL paths identified
2015-10-25 15:15:37.452 DEBUG 1 --- [main] o.s.w.s.h.BeanNameUrlHandlerMapping      : Rejected bean name 'traceRepository': no URL paths identified
2015-10-25 15:15:37.452 DEBUG 1 --- [main] o.s.w.s.h.BeanNameUrlHandlerMapping      : Rejected bean name 'org.springframework.boot.actuate.autoconfigure.TraceWebFilterAutoConfiguration': no URL paths identified
2015-10-25 15:15:37.452 DEBUG 1 --- [main] o.s.w.s.h.BeanNameUrlHandlerMapping      : Rejected bean name 'webRequestLoggingFilter': no URL paths identified
2015-10-25 15:15:37.453 DEBUG 1 --- [main] o.s.w.s.h.BeanNameUrlHandlerMapping      : Rejected bean name 'org.springframework.boot.autoconfigure.aop.AopAutoConfiguration$JdkDynamicAutoProxyConfiguration': no URL paths identified
2015-10-25 15:15:37.453 DEBUG 1 --- [main] o.s.w.s.h.BeanNameUrlHandlerMapping      : Rejected bean name 'org.springframework.aop.config.internalAutoProxyCreator': no URL paths identified
2015-10-25 15:15:37.453 DEBUG 1 --- [main] o.s.w.s.h.BeanNameUrlHandlerMapping      : Rejected bean name 'org.springframework.boot.autoconfigure.aop.AopAutoConfiguration': no URL paths identified
2015-10-25 15:15:37.453 DEBUG 1 --- [main] o.s.w.s.h.BeanNameUrlHandlerMapping      : Rejected bean name 'org.springframework.boot.autoconfigure.dao.PersistenceExceptionTranslationAutoConfiguration': no URL paths identified
2015-10-25 15:15:37.472 DEBUG 1 --- [main] o.s.w.s.h.BeanNameUrlHandlerMapping      : Rejected bean name 'persistenceExceptionTranslationPostProcessor': no URL paths identified
2015-10-25 15:15:37.499 DEBUG 1 --- [main] o.s.w.s.h.BeanNameUrlHandlerMapping      : Rejected bean name 'org.springframework.boot.autoconfigure.jackson.JacksonAutoConfiguration$JacksonObjectMapperBuilderConfiguration': no URL paths identified
2015-10-25 15:15:37.524 DEBUG 1 --- [main] o.s.w.s.h.BeanNameUrlHandlerMapping      : Rejected bean name 'jacksonObjectMapperBuilder': no URL paths identified
2015-10-25 15:15:37.525 DEBUG 1 --- [main] o.s.w.s.h.BeanNameUrlHandlerMapping      : Rejected bean name 'http.mappers.CONFIGURATION_PROPERTIES': no URL paths identified
2015-10-25 15:15:37.525 DEBUG 1 --- [main] o.s.w.s.h.BeanNameUrlHandlerMapping      : Rejected bean name 'spring.jackson.CONFIGURATION_PROPERTIES': no URL paths identified
2015-10-25 15:15:37.525 DEBUG 1 --- [main] o.s.w.s.h.BeanNameUrlHandlerMapping      : Rejected bean name 'org.springframework.boot.autoconfigure.jackson.JacksonAutoConfiguration$JacksonObjectMapperConfiguration': no URL paths identified
2015-10-25 15:15:37.525 DEBUG 1 --- [main] o.s.w.s.h.BeanNameUrlHandlerMapping      : Rejected bean name 'jacksonObjectMapper': no URL paths identified
2015-10-25 15:15:37.530 DEBUG 1 --- [main] o.s.w.s.h.BeanNameUrlHandlerMapping      : Rejected bean name 'org.springframework.boot.autoconfigure.jackson.JacksonAutoConfiguration': no URL paths identified
2015-10-25 15:15:37.531 DEBUG 1 --- [main] o.s.w.s.h.BeanNameUrlHandlerMapping      : Rejected bean name 'org.springframework.boot.autoconfigure.web.HttpMessageConvertersAutoConfiguration$StringHttpMessageConverterConfiguration': no URL paths identified
2015-10-25 15:15:37.533 DEBUG 1 --- [main] o.s.w.s.h.BeanNameUrlHandlerMapping      : Rejected bean name 'stringHttpMessageConverter': no URL paths identified
2015-10-25 15:15:37.536 DEBUG 1 --- [main] o.s.w.s.h.BeanNameUrlHandlerMapping      : Rejected bean name 'spring.http.encoding.CONFIGURATION_PROPERTIES': no URL paths identified
2015-10-25 15:15:37.553 DEBUG 1 --- [main] o.s.w.s.h.BeanNameUrlHandlerMapping      : Rejected bean name 'org.springframework.boot.autoconfigure.web.JacksonHttpMessageConvertersConfiguration$MappingJackson2HttpMessageConverterConfiguration': no URL paths identified
2015-10-25 15:15:37.585 DEBUG 1 --- [main] o.s.w.s.h.BeanNameUrlHandlerMapping      : Rejected bean name 'mappingJackson2HttpMessageConverter': no URL paths identified
2015-10-25 15:15:37.585 DEBUG 1 --- [main] o.s.w.s.h.BeanNameUrlHandlerMapping      : Rejected bean name 'org.springframework.boot.autoconfigure.web.JacksonHttpMessageConvertersConfiguration': no URL paths identified
2015-10-25 15:15:37.594 DEBUG 1 --- [main] o.s.w.s.h.BeanNameUrlHandlerMapping      : Rejected bean name 'org.springframework.boot.autoconfigure.web.HttpMessageConvertersAutoConfiguration': no URL paths identified
2015-10-25 15:15:37.598 DEBUG 1 --- [main] o.s.w.s.h.BeanNameUrlHandlerMapping      : Rejected bean name 'messageConverters': no URL paths identified
2015-10-25 15:15:37.598 DEBUG 1 --- [main] o.s.w.s.h.BeanNameUrlHandlerMapping      : Rejected bean name 'org.springframework.boot.autoconfigure.groovy.template.GroovyTemplateAutoConfiguration$GroovyWebConfiguration': no URL paths identified
2015-10-25 15:15:37.599 DEBUG 1 --- [main] o.s.w.s.h.BeanNameUrlHandlerMapping      : Rejected bean name 'groovyMarkupViewResolver': no URL paths identified
2015-10-25 15:15:37.599 DEBUG 1 --- [main] o.s.w.s.h.BeanNameUrlHandlerMapping      : Rejected bean name 'org.springframework.boot.autoconfigure.groovy.template.GroovyTemplateAutoConfiguration$GroovyMarkupConfiguration': no URL paths identified
2015-10-25 15:15:37.615 DEBUG 1 --- [main] o.s.w.s.h.BeanNameUrlHandlerMapping      : Rejected bean name 'groovyMarkupConfigurer': no URL paths identified
2015-10-25 15:15:37.617 DEBUG 1 --- [main] o.s.w.s.h.BeanNameUrlHandlerMapping      : Rejected bean name 'org.springframework.boot.autoconfigure.groovy.template.GroovyTemplateAutoConfiguration': no URL paths identified
2015-10-25 15:15:37.619 DEBUG 1 --- [main] o.s.w.s.h.BeanNameUrlHandlerMapping      : Rejected bean name 'spring.groovy.template.CONFIGURATION_PROPERTIES': no URL paths identified
2015-10-25 15:15:37.619 DEBUG 1 --- [main] o.s.w.s.h.BeanNameUrlHandlerMapping      : Rejected bean name 'org.springframework.boot.autoconfigure.integration.IntegrationAutoConfiguration$IntegrationConfiguration': no URL paths identified
2015-10-25 15:15:37.620 DEBUG 1 --- [main] o.s.w.s.h.BeanNameUrlHandlerMapping      : Rejected bean name 'channelInitializer': no URL paths identified
2015-10-25 15:15:37.620 DEBUG 1 --- [main] o.s.w.s.h.BeanNameUrlHandlerMapping      : Rejected bean name '$autoCreateChannelCandidates': no URL paths identified
2015-10-25 15:15:37.664 DEBUG 1 --- [main] o.s.w.s.h.BeanNameUrlHandlerMapping      : Rejected bean name 'IntegrationConfigurationBeanFactoryPostProcessor': no URL paths identified
2015-10-25 15:15:37.665 DEBUG 1 --- [main] o.s.w.s.h.BeanNameUrlHandlerMapping      : Rejected bean name 'integrationEvaluationContext': no URL paths identified
2015-10-25 15:15:37.666 DEBUG 1 --- [main] o.s.w.s.h.BeanNameUrlHandlerMapping      : Rejected bean name 'org.springframework.integration.expression.IntegrationEvaluationContextAwareBeanPostProcessor#0': no URL paths identified
2015-10-25 15:15:37.666 DEBUG 1 --- [main] o.s.w.s.h.BeanNameUrlHandlerMapping      : Rejected bean name 'integrationGlobalProperties': no URL paths identified
2015-10-25 15:15:37.667 DEBUG 1 --- [main] o.s.w.s.h.BeanNameUrlHandlerMapping      : Rejected bean name 'integrationHeaderChannelRegistry': no URL paths identified
2015-10-25 15:15:37.668 DEBUG 1 --- [main] o.s.w.s.h.BeanNameUrlHandlerMapping      : Rejected bean name 'globalChannelInterceptorProcessor': no URL paths identified
2015-10-25 15:15:37.668 DEBUG 1 --- [main] o.s.w.s.h.BeanNameUrlHandlerMapping      : Rejected bean name 'toStringFriendlyJsonNodeToStringConverter': no URL paths identified
2015-10-25 15:15:37.669 DEBUG 1 --- [main] o.s.w.s.h.BeanNameUrlHandlerMapping      : Rejected bean name 'converterRegistrar': no URL paths identified
2015-10-25 15:15:37.675 DEBUG 1 --- [main] o.s.w.s.h.BeanNameUrlHandlerMapping      : Rejected bean name 'integrationConversionService': no URL paths identified
2015-10-25 15:15:37.682 DEBUG 1 --- [main] o.s.w.s.h.BeanNameUrlHandlerMapping      : Rejected bean name 'DefaultConfiguringBeanFactoryPostProcessor': no URL paths identified
2015-10-25 15:15:37.682 DEBUG 1 --- [main] o.s.w.s.h.BeanNameUrlHandlerMapping      : Rejected bean name 'datatypeChannelMessageConverter': no URL paths identified
2015-10-25 15:15:37.682 DEBUG 1 --- [main] o.s.w.s.h.BeanNameUrlHandlerMapping      : Rejected bean name 'org.springframework.integration.internalMessagingAnnotationPostProcessor': no URL paths identified
2015-10-25 15:15:37.682 DEBUG 1 --- [main] o.s.w.s.h.BeanNameUrlHandlerMapping      : Rejected bean name 'messageBuilderFactory': no URL paths identified
2015-10-25 15:15:37.683 DEBUG 1 --- [main] o.s.w.s.h.BeanNameUrlHandlerMapping      : Rejected bean name 'org.springframework.boot.autoconfigure.integration.IntegrationAutoConfiguration': no URL paths identified
2015-10-25 15:15:37.695 DEBUG 1 --- [main] o.s.w.s.h.BeanNameUrlHandlerMapping      : Rejected bean name 'org.springframework.boot.autoconfigure.web.HttpEncodingAutoConfiguration': no URL paths identified
2015-10-25 15:15:37.696 DEBUG 1 --- [main] o.s.w.s.h.BeanNameUrlHandlerMapping      : Rejected bean name 'characterEncodingFilter': no URL paths identified
2015-10-25 15:15:37.696 DEBUG 1 --- [main] o.s.w.s.h.BeanNameUrlHandlerMapping      : Rejected bean name 'org.springframework.boot.autoconfigure.web.MultipartAutoConfiguration': no URL paths identified
2015-10-25 15:15:37.696 DEBUG 1 --- [main] o.s.w.s.h.BeanNameUrlHandlerMapping      : Rejected bean name 'multipartConfigElement': no URL paths identified
2015-10-25 15:15:37.698 DEBUG 1 --- [main] o.s.w.s.h.BeanNameUrlHandlerMapping      : Rejected bean name 'multipartResolver': no URL paths identified
2015-10-25 15:15:37.698 DEBUG 1 --- [main] o.s.w.s.h.BeanNameUrlHandlerMapping      : Rejected bean name 'multipart.CONFIGURATION_PROPERTIES': no URL paths identified
2015-10-25 15:15:37.699 DEBUG 1 --- [main] o.s.w.s.h.BeanNameUrlHandlerMapping      : Rejected bean name 'org.springframework.cloud.autoconfigure.RefreshAutoConfiguration$RefreshEndpointsConfiguration$RefreshEndpointConfiguration': no URL paths identified
2015-10-25 15:15:37.720 DEBUG 1 --- [main] o.s.w.s.h.BeanNameUrlHandlerMapping      : Rejected bean name 'refreshEndpoint': no URL paths identified
2015-10-25 15:15:37.739 DEBUG 1 --- [main] o.s.w.s.h.BeanNameUrlHandlerMapping      : Rejected bean name 'org.springframework.cloud.autoconfigure.RefreshAutoConfiguration$RefreshEndpointsConfiguration$RestartEndpointWithoutIntegration': no URL paths identified
2015-10-25 15:15:37.742 DEBUG 1 --- [main] o.s.w.s.h.BeanNameUrlHandlerMapping      : Rejected bean name 'restartEndpoint': no URL paths identified
2015-10-25 15:15:37.746 DEBUG 1 --- [main] o.s.w.s.h.BeanNameUrlHandlerMapping      : Rejected bean name 'org.springframework.cloud.autoconfigure.RefreshAutoConfiguration$RefreshEndpointsConfiguration': no URL paths identified
2015-10-25 15:15:37.749 DEBUG 1 --- [main] o.s.w.s.h.BeanNameUrlHandlerMapping      : Rejected bean name 'pauseEndpoint': no URL paths identified
2015-10-25 15:15:37.749 DEBUG 1 --- [main] o.s.w.s.h.BeanNameUrlHandlerMapping      : Rejected bean name 'resumeEndpoint': no URL paths identified
2015-10-25 15:15:37.749 DEBUG 1 --- [main] o.s.w.s.h.BeanNameUrlHandlerMapping      : Rejected bean name 'org.springframework.cloud.autoconfigure.RefreshAutoConfiguration$ConfigurationPropertiesRebinderConfiguration': no URL paths identified
2015-10-25 15:15:37.749 DEBUG 1 --- [main] o.s.w.s.h.BeanNameUrlHandlerMapping      : Rejected bean name 'configurationPropertiesRebinder': no URL paths identified
2015-10-25 15:15:37.751 DEBUG 1 --- [main] o.s.w.s.h.BeanNameUrlHandlerMapping      : Rejected bean name 'org.springframework.cloud.autoconfigure.RefreshAutoConfiguration$InfoEndpointRebinderConfiguration': no URL paths identified
2015-10-25 15:15:37.755 DEBUG 1 --- [main] o.s.w.s.h.BeanNameUrlHandlerMapping      : Rejected bean name 'org.springframework.cloud.autoconfigure.RefreshAutoConfiguration': no URL paths identified
2015-10-25 15:15:37.757 DEBUG 1 --- [main] o.s.w.s.h.BeanNameUrlHandlerMapping      : Rejected bean name 'refreshScope': no URL paths identified
2015-10-25 15:15:37.773 DEBUG 1 --- [main] o.s.w.s.h.BeanNameUrlHandlerMapping      : Rejected bean name 'loggingRebinder': no URL paths identified
2015-10-25 15:15:37.791 DEBUG 1 --- [main] o.s.w.s.h.BeanNameUrlHandlerMapping      : Rejected bean name 'environmentManager': no URL paths identified
2015-10-25 15:15:37.792 DEBUG 1 --- [main] o.s.w.s.h.BeanNameUrlHandlerMapping      : Rejected bean name 'org.springframework.cloud.autoconfigure.LifecycleMvcEndpointAutoConfiguration': no URL paths identified
2015-10-25 15:15:37.792 DEBUG 1 --- [main] o.s.w.s.h.BeanNameUrlHandlerMapping      : Rejected bean name 'environmentManagerEndpoint': no URL paths identified
2015-10-25 15:15:37.792 DEBUG 1 --- [main] o.s.w.s.h.BeanNameUrlHandlerMapping      : Rejected bean name 'refreshMvcEndpoint': no URL paths identified
2015-10-25 15:15:37.792 DEBUG 1 --- [main] o.s.w.s.h.BeanNameUrlHandlerMapping      : Rejected bean name 'restartMvcEndpoint': no URL paths identified
2015-10-25 15:15:37.793 DEBUG 1 --- [main] o.s.w.s.h.BeanNameUrlHandlerMapping      : Rejected bean name 'pauseMvcEndpoint': no URL paths identified
2015-10-25 15:15:37.795 DEBUG 1 --- [main] o.s.w.s.h.BeanNameUrlHandlerMapping      : Rejected bean name 'resumeMvcEndpoint': no URL paths identified
2015-10-25 15:15:37.795 DEBUG 1 --- [main] o.s.w.s.h.BeanNameUrlHandlerMapping      : Rejected bean name 'org.springframework.cloud.netflix.eureka.EurekaClientAutoConfiguration': no URL paths identified
2015-10-25 15:15:37.795 DEBUG 1 --- [main] o.s.w.s.h.BeanNameUrlHandlerMapping      : Rejected bean name 'eurekaClientConfigBean': no URL paths identified
2015-10-25 15:15:37.796 DEBUG 1 --- [main] o.s.w.s.h.BeanNameUrlHandlerMapping      : Rejected bean name 'eurekaInstanceConfigBean': no URL paths identified
2015-10-25 15:15:37.796 DEBUG 1 --- [main] o.s.w.s.h.BeanNameUrlHandlerMapping      : Rejected bean name 'org.springframework.cloud.netflix.ribbon.RibbonAutoConfiguration$RibbonClientConfig': no URL paths identified
2015-10-25 15:15:37.796 DEBUG 1 --- [main] o.s.w.s.h.BeanNameUrlHandlerMapping      : Rejected bean name 'restTemplateCustomizer': no URL paths identified
2015-10-25 15:15:37.797 DEBUG 1 --- [main] o.s.w.s.h.BeanNameUrlHandlerMapping      : Rejected bean name 'ribbonClientHttpRequestFactory': no URL paths identified
2015-10-25 15:15:37.797 DEBUG 1 --- [main] o.s.w.s.h.BeanNameUrlHandlerMapping      : Rejected bean name 'org.springframework.cloud.netflix.ribbon.RibbonAutoConfiguration': no URL paths identified
2015-10-25 15:15:37.801 DEBUG 1 --- [main] o.s.w.s.h.BeanNameUrlHandlerMapping      : Rejected bean name 'springClientFactory': no URL paths identified
2015-10-25 15:15:37.803 DEBUG 1 --- [main] o.s.w.s.h.BeanNameUrlHandlerMapping      : Rejected bean name 'loadBalancerClient': no URL paths identified
2015-10-25 15:15:37.811 DEBUG 1 --- [main] o.s.w.s.h.BeanNameUrlHandlerMapping      : Rejected bean name 'default.null.RibbonClientSpecification': no URL paths identified
2015-10-25 15:15:37.812 DEBUG 1 --- [main] o.s.w.s.h.BeanNameUrlHandlerMapping      : Rejected bean name 'org.springframework.cloud.client.loadbalancer.LoadBalancerAutoConfiguration': no URL paths identified
2015-10-25 15:15:37.850 DEBUG 1 --- [main] o.s.w.s.h.BeanNameUrlHandlerMapping      : Rejected bean name 'loadBalancedRestTemplate': no URL paths identified
2015-10-25 15:15:37.851 DEBUG 1 --- [main] o.s.w.s.h.BeanNameUrlHandlerMapping      : Rejected bean name 'ribbonInterceptor': no URL paths identified
2015-10-25 15:15:37.882 DEBUG 1 --- [main] o.s.w.s.h.BeanNameUrlHandlerMapping      : Rejected bean name 'org.springframework.cloud.netflix.archaius.ArchaiusAutoConfiguration$PropagateEventsConfiguration': no URL paths identified
2015-10-25 15:15:37.909 DEBUG 1 --- [main] o.s.w.s.h.BeanNameUrlHandlerMapping      : Rejected bean name 'org.springframework.cloud.netflix.archaius.ArchaiusAutoConfiguration$ArchaiusEndpointConfiguration': no URL paths identified
2015-10-25 15:15:37.910 DEBUG 1 --- [main] o.s.w.s.h.BeanNameUrlHandlerMapping      : Rejected bean name 'archaiusEndpoint': no URL paths identified
2015-10-25 15:15:37.910 DEBUG 1 --- [main] o.s.w.s.h.BeanNameUrlHandlerMapping      : Rejected bean name 'org.springframework.cloud.netflix.archaius.ArchaiusAutoConfiguration': no URL paths identified
2015-10-25 15:15:37.911 DEBUG 1 --- [main] o.s.w.s.h.BeanNameUrlHandlerMapping      : Rejected bean name 'configurableEnvironmentConfiguration': no URL paths identified
2015-10-25 15:15:37.911 DEBUG 1 --- [main] o.s.w.s.h.BeanNameUrlHandlerMapping      : Rejected bean name 'org.springframework.cloud.netflix.hystrix.HystrixAutoConfiguration': no URL paths identified
2015-10-25 15:15:37.944 DEBUG 1 --- [main] o.s.w.s.h.BeanNameUrlHandlerMapping      : Rejected bean name 'hystrixHealthIndicator': no URL paths identified
2015-10-25 15:15:37.947 DEBUG 1 --- [main] o.s.w.s.h.BeanNameUrlHandlerMapping      : Rejected bean name 'org.springframework.cloud.netflix.ribbon.eureka.RibbonEurekaAutoConfiguration': no URL paths identified
2015-10-25 15:15:37.948 DEBUG 1 --- [main] o.s.w.s.h.BeanNameUrlHandlerMapping      : Rejected bean name 'org.springframework.cloud.netflix.turbine.amqp.TurbineAmqpAutoConfiguration': no URL paths identified
2015-10-25 15:15:37.948 DEBUG 1 --- [main] o.s.w.s.h.BeanNameUrlHandlerMapping      : Rejected bean name 'hystrixStreamExchange': no URL paths identified
2015-10-25 15:15:37.948 DEBUG 1 --- [main] o.s.w.s.h.BeanNameUrlHandlerMapping      : Rejected bean name 'localTurbineAmqpQueueBinding': no URL paths identified
2015-10-25 15:15:37.948 DEBUG 1 --- [main] o.s.w.s.h.BeanNameUrlHandlerMapping      : Rejected bean name 'hystrixStreamQueue': no URL paths identified
2015-10-25 15:15:37.948 DEBUG 1 --- [main] o.s.w.s.h.BeanNameUrlHandlerMapping      : Rejected bean name 'hystrixStreamAggregatorInboundFlow': no URL paths identified
2015-10-25 15:15:37.948 DEBUG 1 --- [main] o.s.w.s.h.BeanNameUrlHandlerMapping      : Rejected bean name 'hystrixStreamAggregator': no URL paths identified
2015-10-25 15:15:37.949 DEBUG 1 --- [main] o.s.w.s.h.BeanNameUrlHandlerMapping      : Rejected bean name 'org.springframework.integration.dsl.config.IntegrationFlowBeanPostProcessor': no URL paths identified
2015-10-25 15:15:37.993 DEBUG 1 --- [main] o.s.w.s.h.BeanNameUrlHandlerMapping      : Rejected bean name 'integrationRequestMappingHandlerMapping': no URL paths identified
2015-10-25 15:15:37.998 DEBUG 1 --- [main] o.s.w.s.h.BeanNameUrlHandlerMapping      : Rejected bean name 'nullChannel': no URL paths identified
2015-10-25 15:15:37.998 DEBUG 1 --- [main] o.s.w.s.h.BeanNameUrlHandlerMapping      : Rejected bean name 'errorChannel': no URL paths identified
2015-10-25 15:15:37.999 DEBUG 1 --- [main] o.s.w.s.h.BeanNameUrlHandlerMapping      : Rejected bean name '_org.springframework.integration.errorLogger': no URL paths identified
2015-10-25 15:15:37.999 DEBUG 1 --- [main] o.s.w.s.h.BeanNameUrlHandlerMapping      : Rejected bean name 'taskScheduler': no URL paths identified
2015-10-25 15:15:37.999 DEBUG 1 --- [main] o.s.w.s.h.BeanNameUrlHandlerMapping      : Rejected bean name 'org.springframework.integration.config.IdGeneratorConfigurer#0': no URL paths identified
2015-10-25 15:15:37.999 DEBUG 1 --- [main] o.s.w.s.h.BeanNameUrlHandlerMapping      : Rejected bean name 'autoConfigurationReport': no URL paths identified
2015-10-25 15:15:37.999 DEBUG 1 --- [main] o.s.w.s.h.BeanNameUrlHandlerMapping      : Rejected bean name 'applicationEventMulticaster': no URL paths identified
2015-10-25 15:15:38.000 DEBUG 1 --- [main] o.s.w.s.h.BeanNameUrlHandlerMapping      : Rejected bean name 'environment': no URL paths identified
2015-10-25 15:15:38.000 DEBUG 1 --- [main] o.s.w.s.h.BeanNameUrlHandlerMapping      : Rejected bean name 'systemProperties': no URL paths identified
2015-10-25 15:15:38.000 DEBUG 1 --- [main] o.s.w.s.h.BeanNameUrlHandlerMapping      : Rejected bean name 'systemEnvironment': no URL paths identified
2015-10-25 15:15:38.002 DEBUG 1 --- [main] o.s.w.s.h.BeanNameUrlHandlerMapping      : Rejected bean name 'org.springframework.context.annotation.ConfigurationClassPostProcessor.importRegistry': no URL paths identified
2015-10-25 15:15:38.002 DEBUG 1 --- [main] o.s.w.s.h.BeanNameUrlHandlerMapping      : Rejected bean name 'messageSource': no URL paths identified
2015-10-25 15:15:38.002 DEBUG 1 --- [main] o.s.w.s.h.BeanNameUrlHandlerMapping      : Rejected bean name 'servletContext': no URL paths identified
2015-10-25 15:15:38.004 DEBUG 1 --- [main] o.s.w.s.h.BeanNameUrlHandlerMapping      : Rejected bean name 'contextParameters': no URL paths identified
2015-10-25 15:15:38.019 DEBUG 1 --- [main] o.s.w.s.h.BeanNameUrlHandlerMapping      : Rejected bean name 'contextAttributes': no URL paths identified
2015-10-25 15:15:38.025  INFO 1 --- [main] o.s.w.s.handler.SimpleUrlHandlerMapping  : Mapped URL path [/webjars/**] onto handler of type [class org.springframework.web.servlet.resource.ResourceHttpRequestHandler]
2015-10-25 15:15:38.107  INFO 1 --- [main] o.s.w.s.handler.SimpleUrlHandlerMapping  : Mapped URL path [/**] onto handler of type [class org.springframework.web.servlet.resource.ResourceHttpRequestHandler]
2015-10-25 15:15:38.237 DEBUG 1 --- [main] .m.m.a.ExceptionHandlerExceptionResolver : Looking for exception mappings: org.springframework.boot.context.embedded.AnnotationConfigEmbeddedWebApplicationContext@129b4fe2: startup date [Sun Oct 25 15:14:56 UTC 2015]; parent: org.springframework.context.annotation.AnnotationConfigApplicationContext@6f43c82
2015-10-25 15:15:38.507  INFO 1 --- [main] o.s.w.s.handler.SimpleUrlHandlerMapping  : Mapped URL path [/**/favicon.ico] onto handler of type [class org.springframework.web.servlet.resource.ResourceHttpRequestHandler]
2015-10-25 15:15:44.144  INFO 1 --- [main] o.s.b.a.e.mvc.EndpointHandlerMapping     : Mapped "{[/env/{name:.*}],methods=[GET],params=[],headers=[],consumes=[],produces=[],custom=[]}" onto public java.lang.Object org.springframework.boot.actuate.endpoint.mvc.EnvironmentMvcEndpoint.value(java.lang.String)
2015-10-25 15:15:44.148  INFO 1 --- [main] o.s.b.a.e.mvc.EndpointHandlerMapping     : Mapped "{[/env],methods=[GET],params=[],headers=[],consumes=[],produces=[],custom=[]}" onto public java.lang.Object org.springframework.boot.actuate.endpoint.mvc.EndpointMvcAdapter.invoke()
2015-10-25 15:15:44.148  INFO 1 --- [main] o.s.b.a.e.mvc.EndpointHandlerMapping     : Mapped "{[/archaius],methods=[GET],params=[],headers=[],consumes=[],produces=[],custom=[]}" onto public java.lang.Object org.springframework.boot.actuate.endpoint.mvc.EndpointMvcAdapter.invoke()
2015-10-25 15:15:44.159  INFO 1 --- [main] o.s.b.a.e.mvc.EndpointHandlerMapping     : Mapped "{[/trace],methods=[GET],params=[],headers=[],consumes=[],produces=[],custom=[]}" onto public java.lang.Object org.springframework.boot.actuate.endpoint.mvc.EndpointMvcAdapter.invoke()
2015-10-25 15:15:44.159  INFO 1 --- [main] o.s.b.a.e.mvc.EndpointHandlerMapping     : Mapped "{[/configprops],methods=[GET],params=[],headers=[],consumes=[],produces=[],custom=[]}" onto public java.lang.Object org.springframework.boot.actuate.endpoint.mvc.EndpointMvcAdapter.invoke()
2015-10-25 15:15:44.167  INFO 1 --- [main] o.s.b.a.e.mvc.EndpointHandlerMapping     : Mapped "{[/beans],methods=[GET],params=[],headers=[],consumes=[],produces=[],custom=[]}" onto public java.lang.Object org.springframework.boot.actuate.endpoint.mvc.EndpointMvcAdapter.invoke()
2015-10-25 15:15:44.169  INFO 1 --- [main] o.s.b.a.e.mvc.EndpointHandlerMapping     : Mapped "{[/health],methods=[],params=[],headers=[],consumes=[],produces=[],custom=[]}" onto public java.lang.Object org.springframework.boot.actuate.endpoint.mvc.HealthMvcEndpoint.invoke(java.security.Principal)
2015-10-25 15:15:44.169  INFO 1 --- [main] o.s.b.a.e.mvc.EndpointHandlerMapping     : Mapped "{[/info],methods=[GET],params=[],headers=[],consumes=[],produces=[],custom=[]}" onto public java.lang.Object org.springframework.boot.actuate.endpoint.mvc.EndpointMvcAdapter.invoke()
2015-10-25 15:15:44.170  INFO 1 --- [main] o.s.b.a.e.mvc.EndpointHandlerMapping     : Mapped "{[/autoconfig],methods=[GET],params=[],headers=[],consumes=[],produces=[],custom=[]}" onto public java.lang.Object org.springframework.boot.actuate.endpoint.mvc.EndpointMvcAdapter.invoke()
2015-10-25 15:15:44.170  INFO 1 --- [main] o.s.b.a.e.mvc.EndpointHandlerMapping     : Mapped "{[/shutdown],methods=[POST],params=[],headers=[],consumes=[],produces=[],custom=[]}" onto public java.lang.Object org.springframework.boot.actuate.endpoint.mvc.ShutdownMvcEndpoint.invoke()
2015-10-25 15:15:44.170  INFO 1 --- [main] o.s.b.a.e.mvc.EndpointHandlerMapping     : Mapped "{[/restart],methods=[POST],params=[],headers=[],consumes=[],produces=[],custom=[]}" onto public java.lang.Object org.springframework.cloud.context.restart.RestartMvcEndpoint.invoke()
2015-10-25 15:15:44.173  INFO 1 --- [main] o.s.b.a.e.mvc.EndpointHandlerMapping     : Mapped "{[/pause],methods=[POST],params=[],headers=[],consumes=[],produces=[],custom=[]}" onto public java.lang.Object org.springframework.cloud.endpoint.GenericPostableMvcEndpoint.invoke()
2015-10-25 15:15:44.175  INFO 1 --- [main] o.s.b.a.e.mvc.EndpointHandlerMapping     : Mapped "{[/dump],methods=[GET],params=[],headers=[],consumes=[],produces=[],custom=[]}" onto public java.lang.Object org.springframework.boot.actuate.endpoint.mvc.EndpointMvcAdapter.invoke()
2015-10-25 15:15:44.175  INFO 1 --- [main] o.s.b.a.e.mvc.EndpointHandlerMapping     : Mapped "{[/metrics/{name:.*}],methods=[GET],params=[],headers=[],consumes=[],produces=[],custom=[]}" onto public java.lang.Object org.springframework.boot.actuate.endpoint.mvc.MetricsMvcEndpoint.value(java.lang.String)
2015-10-25 15:15:44.189  INFO 1 --- [main] o.s.b.a.e.mvc.EndpointHandlerMapping     : Mapped "{[/metrics],methods=[GET],params=[],headers=[],consumes=[],produces=[],custom=[]}" onto public java.lang.Object org.springframework.boot.actuate.endpoint.mvc.EndpointMvcAdapter.invoke()
2015-10-25 15:15:44.193  INFO 1 --- [main] o.s.b.a.e.mvc.EndpointHandlerMapping     : Mapped "{[/mappings],methods=[GET],params=[],headers=[],consumes=[],produces=[],custom=[]}" onto public java.lang.Object org.springframework.boot.actuate.endpoint.mvc.EndpointMvcAdapter.invoke()
2015-10-25 15:15:44.209  INFO 1 --- [main] o.s.b.a.e.mvc.EndpointHandlerMapping     : Mapped "{[/env],methods=[POST],params=[],headers=[],consumes=[],produces=[],custom=[]}" onto public java.lang.Object org.springframework.cloud.context.environment.EnvironmentManagerMvcEndpoint.value(java.util.Map<java.lang.String, java.lang.String>)
2015-10-25 15:15:44.210  INFO 1 --- [main] o.s.b.a.e.mvc.EndpointHandlerMapping     : Mapped "{[/env/reset],methods=[POST],params=[],headers=[],consumes=[],produces=[],custom=[]}" onto public java.util.Map<java.lang.String, java.lang.Object> org.springframework.cloud.context.environment.EnvironmentManagerMvcEndpoint.reset()
2015-10-25 15:15:44.211  INFO 1 --- [main] o.s.b.a.e.mvc.EndpointHandlerMapping     : Mapped "{[/refresh],methods=[POST],params=[],headers=[],consumes=[],produces=[],custom=[]}" onto public java.lang.Object org.springframework.cloud.endpoint.GenericPostableMvcEndpoint.invoke()
2015-10-25 15:15:44.211  INFO 1 --- [main] o.s.b.a.e.mvc.EndpointHandlerMapping     : Mapped "{[/resume],methods=[POST],params=[],headers=[],consumes=[],produces=[],custom=[]}" onto public java.lang.Object org.springframework.cloud.endpoint.GenericPostableMvcEndpoint.invoke()
2015-10-25 15:15:45.867  WARN 1 --- [main] c.n.c.sources.URLConfigurationSource     : No URLs will be polled as dynamic configuration sources.
2015-10-25 15:15:45.869  INFO 1 --- [main] c.n.c.sources.URLConfigurationSource     : To enable URLs as dynamic configuration sources, define System property archaius.configurationSource.additionalUrls or make config.properties available on classpath.
2015-10-25 15:15:46.345  INFO 1 --- [main] o.s.i.endpoint.EventDrivenConsumer       : Adding {service-activator:hystrixStreamAggregator.handle.serviceActivator} as a subscriber to the 'hystrixStreamAggregator' channel
2015-10-25 15:15:46.354  INFO 1 --- [main] o.s.integration.channel.DirectChannel    : Channel 'turbine-service:docker:-1.hystrixStreamAggregator' has 1 subscriber(s).
2015-10-25 15:15:46.366  INFO 1 --- [main] o.s.i.endpoint.EventDrivenConsumer       : started hystrixStreamAggregator.handle.serviceActivator
2015-10-25 15:15:46.452  INFO 1 --- [main] o.s.j.e.a.AnnotationMBeanExporter        : Registering beans for JMX exposure on startup
2015-10-25 15:15:46.490  INFO 1 --- [main] o.s.j.e.a.AnnotationMBeanExporter        : Bean with name 'refreshEndpoint' has been autodetected for JMX exposure
2015-10-25 15:15:46.492  INFO 1 --- [main] o.s.j.e.a.AnnotationMBeanExporter        : Bean with name 'restartEndpoint' has been autodetected for JMX exposure
2015-10-25 15:15:46.494  INFO 1 --- [main] o.s.j.e.a.AnnotationMBeanExporter        : Bean with name 'configurationPropertiesRebinder' has been autodetected for JMX exposure
2015-10-25 15:15:46.508  INFO 1 --- [main] o.s.j.e.a.AnnotationMBeanExporter        : Bean with name 'refreshScope' has been autodetected for JMX exposure
2015-10-25 15:15:46.508  INFO 1 --- [main] o.s.j.e.a.AnnotationMBeanExporter        : Bean with name 'environmentManager' has been autodetected for JMX exposure
2015-10-25 15:15:46.511  INFO 1 --- [main] o.s.j.e.a.AnnotationMBeanExporter        : Located managed bean 'environmentManager': registering with JMX server as MBean [org.springframework.cloud.context.environment:name=environmentManager,type=EnvironmentManager]
2015-10-25 15:15:46.596  INFO 1 --- [main] o.s.j.e.a.AnnotationMBeanExporter        : Located managed bean 'restartEndpoint': registering with JMX server as MBean [org.springframework.cloud.context.restart:name=restartEndpoint,type=RestartEndpoint]
2015-10-25 15:15:46.624  INFO 1 --- [main] o.s.j.e.a.AnnotationMBeanExporter        : Located managed bean 'refreshScope': registering with JMX server as MBean [org.springframework.cloud.context.scope.refresh:name=refreshScope,type=RefreshScope]
2015-10-25 15:15:46.668  INFO 1 --- [main] o.s.j.e.a.AnnotationMBeanExporter        : Located managed bean 'configurationPropertiesRebinder': registering with JMX server as MBean [org.springframework.cloud.context.properties:name=configurationPropertiesRebinder,type=ConfigurationPropertiesRebinder]
2015-10-25 15:15:46.707  INFO 1 --- [main] o.s.j.e.a.AnnotationMBeanExporter        : Located managed bean 'refreshEndpoint': registering with JMX server as MBean [org.springframework.cloud.bootstrap.config:name=refreshEndpoint,type=RefreshEndpoint]
2015-10-25 15:15:46.775 DEBUG 1 --- [main] o.s.w.c.s.StandardServletEnvironment     : Adding [Management Server] PropertySource with lowest search precedence
2015-10-25 15:15:46.786  INFO 1 --- [main] o.s.c.support.DefaultLifecycleProcessor  : Starting beans in phase -2147483648
2015-10-25 15:15:46.795  INFO 1 --- [main] o.s.c.support.DefaultLifecycleProcessor  : Starting beans in phase 0
2015-10-25 15:15:47.097  INFO 1 --- [main] i.reactivex.netty.server.AbstractServer  : Rx server started at port: 8989
2015-10-25 15:15:47.411  INFO 1 --- [main] o.s.i.endpoint.EventDrivenConsumer       : Adding {logging-channel-adapter:_org.springframework.integration.errorLogger} as a subscriber to the 'errorChannel' channel
2015-10-25 15:15:47.422  INFO 1 --- [main] o.s.i.channel.PublishSubscribeChannel    : Channel 'turbine-service:docker:-1.errorChannel' has 1 subscriber(s).
2015-10-25 15:15:47.422  INFO 1 --- [main] o.s.i.endpoint.EventDrivenConsumer       : started _org.springframework.integration.errorLogger
2015-10-25 15:15:47.423  INFO 1 --- [main] o.s.i.endpoint.EventDrivenConsumer       : Adding {bridge} as a subscriber to the 'hystrixStreamAggregatorInboundFlow.channel#0' channel
2015-10-25 15:15:47.423  INFO 1 --- [main] o.s.integration.channel.DirectChannel    : Channel 'turbine-service:docker:-1.hystrixStreamAggregatorInboundFlow.channel#0' has 1 subscriber(s).
2015-10-25 15:15:47.445  INFO 1 --- [main] o.s.i.endpoint.EventDrivenConsumer       : started org.springframework.integration.config.ConsumerEndpointFactoryBean#0
2015-10-25 15:15:47.445  INFO 1 --- [main] o.s.c.support.DefaultLifecycleProcessor  : Starting beans in phase 1073741823
2015-10-25 15:15:47.763  INFO 1 --- [SimpleAsyncTaskExecutor-1] o.s.amqp.rabbit.core.RabbitAdmin         : Auto-declaring a non-durable, auto-delete, or exclusive Queue (spring.cloud.hystrix.stream) durable:false, auto-delete:false, exclusive:false. It will be redeclared if the broker stops and is restarted while the connection factory is alive, but all messages will be lost.
2015-10-25 15:15:48.339  INFO 1 --- [main] o.s.i.a.i.AmqpInboundChannelAdapter      : started org.springframework.integration.amqp.inbound.AmqpInboundChannelAdapter#0
2015-10-25 15:15:48.357  INFO 1 --- [main] o.s.c.support.DefaultLifecycleProcessor  : Starting beans in phase 2147483647
2015-10-25 15:15:48.376 DEBUG 1 --- [main] o.s.w.s.resource.ResourceUrlProvider     : Looking for resource handler mappings
2015-10-25 15:15:48.381 DEBUG 1 --- [main] o.s.w.s.resource.ResourceUrlProvider     : Found resource handler mapping: URL pattern="/**/favicon.ico", locations=[class path resource [META-INF/resources/], class path resource [resources/], class path resource [static/], class path resource [public/], class path resource []], resolvers=[org.springframework.web.servlet.resource.PathResourceResolver@6a567f7b]
2015-10-25 15:15:48.389 DEBUG 1 --- [main] o.s.w.s.resource.ResourceUrlProvider     : Found resource handler mapping: URL pattern="/webjars/**", locations=[class path resource [META-INF/resources/webjars/]], resolvers=[org.springframework.web.servlet.resource.PathResourceResolver@28be7fec]
2015-10-25 15:15:48.396 DEBUG 1 --- [main] o.s.w.s.resource.ResourceUrlProvider     : Found resource handler mapping: URL pattern="/**", locations=[ServletContext resource [/], class path resource [META-INF/resources/], class path resource [resources/], class path resource [static/], class path resource [public/]], resolvers=[org.springframework.web.servlet.resource.PathResourceResolver@26f0141]
2015-10-25 15:15:48.635  INFO 1 --- [main] s.b.c.e.t.TomcatEmbeddedServletContainer : Tomcat started on port(s): -1 (http)
2015-10-25 15:15:48.654  INFO 1 --- [main] com.nklmish.ts.Application               : Started Application in 61.363 seconds (JVM running for 70.252)
2015-10-25 15:20:32.707  INFO 1 --- [rx-netty-nio-eventloop-3-1] o.s.c.n.t.amqp.TurbineAmqpConfiguration  : SSE Request Received
2015-10-25 15:20:32.721  INFO 1 --- [rx-netty-nio-eventloop-3-1] o.s.c.n.t.amqp.TurbineAmqpConfiguration  : Starting aggregation
2015-10-25 15:20:32.736  INFO 1 --- [rx-netty-nio-eventloop-3-1] o.s.c.n.t.amqp.TurbineAmqpConfiguration  : SSE Request Received
