2015-10-25 15:14:56.767  INFO 1 --- [main] ationConfigEmbeddedWebApplicationContext : Refreshing org.springframework.boot.context.embedded.AnnotationConfigEmbeddedWebApplicationContext@3f792b9b: startup date [Sun Oct 25 15:14:56 UTC 2015]; parent: org.springframework.context.annotation.AnnotationConfigApplicationContext@514646ef
2015-10-25 15:15:04.783  INFO 1 --- [main] o.s.b.f.s.DefaultListableBeanFactory     : Overriding bean definition for bean 'beanNameViewResolver': replacing [Root bean: class [null]; scope=; abstract=false; lazyInit=false; autowireMode=3; dependencyCheck=0; autowireCandidate=true; primary=false; factoryBeanName=org.springframework.boot.autoconfigure.web.ErrorMvcAutoConfiguration$WhitelabelErrorViewConfiguration; factoryMethodName=beanNameViewResolver; initMethodName=null; destroyMethodName=(inferred); defined in class path resource [org/springframework/boot/autoconfigure/web/ErrorMvcAutoConfiguration$WhitelabelErrorViewConfiguration.class]] with [Root bean: class [null]; scope=; abstract=false; lazyInit=false; autowireMode=3; dependencyCheck=0; autowireCandidate=true; primary=false; factoryBeanName=org.springframework.boot.autoconfigure.web.WebMvcAutoConfiguration$WebMvcAutoConfigurationAdapter; factoryMethodName=beanNameViewResolver; initMethodName=null; destroyMethodName=(inferred); defined in class path resource [org/springframework/boot/autoconfigure/web/WebMvcAutoConfiguration$WebMvcAutoConfigurationAdapter.class]]
2015-10-25 15:15:06.265  INFO 1 --- [main] o.s.b.f.s.DefaultListableBeanFactory     : Overriding bean definition for bean 'infoEndpoint': replacing [Root bean: class [null]; scope=; abstract=false; lazyInit=false; autowireMode=3; dependencyCheck=0; autowireCandidate=true; primary=false; factoryBeanName=org.springframework.boot.actuate.autoconfigure.EndpointAutoConfiguration; factoryMethodName=infoEndpoint; initMethodName=null; destroyMethodName=(inferred); defined in class path resource [org/springframework/boot/actuate/autoconfigure/EndpointAutoConfiguration.class]] with [Root bean: class [null]; scope=; abstract=false; lazyInit=false; autowireMode=3; dependencyCheck=0; autowireCandidate=true; primary=false; factoryBeanName=org.springframework.cloud.autoconfigure.RefreshAutoConfiguration$InfoEndpointRebinderConfiguration; factoryMethodName=infoEndpoint; initMethodName=null; destroyMethodName=(inferred); defined in class path resource [org/springframework/cloud/autoconfigure/RefreshAutoConfiguration$InfoEndpointRebinderConfiguration.class]]
2015-10-25 15:15:06.397  INFO 1 --- [main] o.s.b.f.s.DefaultListableBeanFactory     : Overriding bean definition for bean 'default.null.RibbonClientSpecification': replacing [Generic bean: class [org.springframework.cloud.netflix.ribbon.RibbonClientSpecification]; scope=; abstract=false; lazyInit=false; autowireMode=0; dependencyCheck=0; autowireCandidate=true; primary=false; factoryBeanName=null; factoryMethodName=null; initMethodName=null; destroyMethodName=null] with [Generic bean: class [org.springframework.cloud.netflix.ribbon.RibbonClientSpecification]; scope=; abstract=false; lazyInit=false; autowireMode=0; dependencyCheck=0; autowireCandidate=true; primary=false; factoryBeanName=null; factoryMethodName=null; initMethodName=null; destroyMethodName=null]
2015-10-25 15:15:08.726  INFO 1 --- [main] o.s.cloud.context.scope.GenericScope     : BeanFactory id=5280592a-4a26-34cb-8ca9-ecc5973bd721
2015-10-25 15:15:08.834  INFO 1 --- [main] f.a.AutowiredAnnotationBeanPostProcessor : JSR-330 'javax.inject.Inject' annotation found and supported for autowiring
2015-10-25 15:15:12.601  INFO 1 --- [main] trationDelegate$BeanPostProcessorChecker : Bean 'org.springframework.cloud.autoconfigure.RefreshAutoConfiguration$ConfigurationPropertiesRebinderConfiguration' of type [class org.springframework.cloud.autoconfigure.RefreshAutoConfiguration$ConfigurationPropertiesRebinderConfiguration$$EnhancerBySpringCGLIB$$2d5dd2f4] is not eligible for getting processed by all BeanPostProcessors (for example: not eligible for auto-proxying)
2015-10-25 15:15:15.901  INFO 1 --- [main] s.b.c.e.t.TomcatEmbeddedServletContainer : Tomcat initialized with port(s): 8765 (http)
2015-10-25 15:15:17.701  INFO 1 --- [main] o.apache.catalina.core.StandardService   : Starting service Tomcat
2015-10-25 15:15:17.728  INFO 1 --- [main] org.apache.catalina.core.StandardEngine  : Starting Servlet Engine: Apache Tomcat/8.0.23
2015-10-25 15:15:19.054  INFO 1 --- [localhost-startStop-1] o.a.c.c.C.[Tomcat].[localhost].[/]       : Initializing Spring embedded WebApplicationContext
2015-10-25 15:15:19.069  INFO 1 --- [localhost-startStop-1] o.s.web.context.ContextLoader            : Root WebApplicationContext: initialization completed in 22302 ms
2015-10-25 15:15:25.459  WARN 1 --- [localhost-startStop-1] c.n.c.sources.URLConfigurationSource     : No URLs will be polled as dynamic configuration sources.
2015-10-25 15:15:25.461  INFO 1 --- [localhost-startStop-1] c.n.c.sources.URLConfigurationSource     : To enable URLs as dynamic configuration sources, define System property archaius.configurationSource.additionalUrls or make config.properties available on classpath.
2015-10-25 15:15:25.536  INFO 1 --- [localhost-startStop-1] c.netflix.config.DynamicPropertyFactory  : DynamicPropertyFactory is initialized with configuration sources: com.netflix.config.ConcurrentCompositeConfiguration@5bec65c
2015-10-25 15:15:37.307  INFO 1 --- [localhost-startStop-1] o.s.b.c.e.ServletRegistrationBean        : Mapping servlet: 'zuulServlet' to [/zuul/*]
2015-10-25 15:15:37.341  INFO 1 --- [localhost-startStop-1] o.s.b.c.e.ServletRegistrationBean        : Mapping servlet: 'dispatcherServlet' to [/]
2015-10-25 15:15:37.350  INFO 1 --- [localhost-startStop-1] o.s.b.c.embedded.FilterRegistrationBean  : Mapping filter: 'metricFilter' to: [/*]
2015-10-25 15:15:37.376  INFO 1 --- [localhost-startStop-1] o.s.b.c.embedded.FilterRegistrationBean  : Mapping filter: 'characterEncodingFilter' to: [/*]
2015-10-25 15:15:37.379  INFO 1 --- [localhost-startStop-1] o.s.b.c.embedded.FilterRegistrationBean  : Mapping filter: 'hiddenHttpMethodFilter' to: [/*]
2015-10-25 15:15:37.432  INFO 1 --- [localhost-startStop-1] o.s.b.c.embedded.FilterRegistrationBean  : Mapping filter: 'webRequestLoggingFilter' to: [/*]
2015-10-25 15:15:37.433  INFO 1 --- [localhost-startStop-1] o.s.b.c.embedded.FilterRegistrationBean  : Mapping filter: 'applicationContextIdFilter' to: [/*]
2015-10-25 15:15:37.640  INFO 1 --- [localhost-startStop-1] o.s.c.n.zuul.ZuulFilterInitializer       : Starting filter initializer context listener
2015-10-25 15:15:37.804  INFO 1 --- [localhost-startStop-1] o.a.c.util.SessionIdGeneratorBase        : Creation of SecureRandom instance for session ID generation using [SHA1PRNG] took [114] milliseconds.
2015-10-25 15:15:40.514  INFO 1 --- [main] s.w.s.m.m.a.RequestMappingHandlerAdapter : Looking for @ControllerAdvice: org.springframework.boot.context.embedded.AnnotationConfigEmbeddedWebApplicationContext@3f792b9b: startup date [Sun Oct 25 15:14:56 UTC 2015]; parent: org.springframework.context.annotation.AnnotationConfigApplicationContext@514646ef
2015-10-25 15:15:41.215  INFO 1 --- [main] s.w.s.m.m.a.RequestMappingHandlerMapping : Mapped "{[/error],methods=[],params=[],headers=[],consumes=[],produces=[],custom=[]}" onto public org.springframework.http.ResponseEntity<java.util.Map<java.lang.String, java.lang.Object>> org.springframework.boot.autoconfigure.web.BasicErrorController.error(javax.servlet.http.HttpServletRequest)
2015-10-25 15:15:41.217  INFO 1 --- [main] s.w.s.m.m.a.RequestMappingHandlerMapping : Mapped "{[/error],methods=[],params=[],headers=[],consumes=[],produces=[text/html],custom=[]}" onto public org.springframework.web.servlet.ModelAndView org.springframework.boot.autoconfigure.web.BasicErrorController.errorHtml(javax.servlet.http.HttpServletRequest)
2015-10-25 15:15:41.693  INFO 1 --- [main] o.s.w.s.handler.SimpleUrlHandlerMapping  : Mapped URL path [/webjars/**] onto handler of type [class org.springframework.web.servlet.resource.ResourceHttpRequestHandler]
2015-10-25 15:15:41.729  INFO 1 --- [main] o.s.w.s.handler.SimpleUrlHandlerMapping  : Mapped URL path [/**] onto handler of type [class org.springframework.web.servlet.resource.ResourceHttpRequestHandler]
2015-10-25 15:15:42.167  INFO 1 --- [main] o.s.w.s.handler.SimpleUrlHandlerMapping  : Mapped URL path [/**/favicon.ico] onto handler of type [class org.springframework.web.servlet.resource.ResourceHttpRequestHandler]
2015-10-25 15:15:46.066  INFO 1 --- [main] o.s.b.a.e.mvc.EndpointHandlerMapping     : Mapped "{[/hystrix.stream/**],methods=[],params=[],headers=[],consumes=[],produces=[],custom=[]}" onto public org.springframework.web.servlet.ModelAndView org.springframework.cloud.netflix.endpoint.ServletWrappingEndpoint.handle(javax.servlet.http.HttpServletRequest,javax.servlet.http.HttpServletResponse) throws java.lang.Exception
2015-10-25 15:15:46.078  INFO 1 --- [main] o.s.b.a.e.mvc.EndpointHandlerMapping     : Mapped "{[/autoconfig],methods=[GET],params=[],headers=[],consumes=[],produces=[],custom=[]}" onto public java.lang.Object org.springframework.boot.actuate.endpoint.mvc.EndpointMvcAdapter.invoke()
2015-10-25 15:15:46.092  INFO 1 --- [main] o.s.b.a.e.mvc.EndpointHandlerMapping     : Mapped "{[/mappings],methods=[GET],params=[],headers=[],consumes=[],produces=[],custom=[]}" onto public java.lang.Object org.springframework.boot.actuate.endpoint.mvc.EndpointMvcAdapter.invoke()
2015-10-25 15:15:46.096  INFO 1 --- [main] o.s.b.a.e.mvc.EndpointHandlerMapping     : Mapped "{[/shutdown],methods=[POST],params=[],headers=[],consumes=[],produces=[],custom=[]}" onto public java.lang.Object org.springframework.boot.actuate.endpoint.mvc.ShutdownMvcEndpoint.invoke()
2015-10-25 15:15:46.119  INFO 1 --- [main] o.s.b.a.e.mvc.EndpointHandlerMapping     : Mapped "{[/archaius],methods=[GET],params=[],headers=[],consumes=[],produces=[],custom=[]}" onto public java.lang.Object org.springframework.boot.actuate.endpoint.mvc.EndpointMvcAdapter.invoke()
2015-10-25 15:15:46.119  INFO 1 --- [main] o.s.b.a.e.mvc.EndpointHandlerMapping     : Mapped "{[/trace],methods=[GET],params=[],headers=[],consumes=[],produces=[],custom=[]}" onto public java.lang.Object org.springframework.boot.actuate.endpoint.mvc.EndpointMvcAdapter.invoke()
2015-10-25 15:15:46.121  INFO 1 --- [main] o.s.b.a.e.mvc.EndpointHandlerMapping     : Mapped "{[/configprops],methods=[GET],params=[],headers=[],consumes=[],produces=[],custom=[]}" onto public java.lang.Object org.springframework.boot.actuate.endpoint.mvc.EndpointMvcAdapter.invoke()
2015-10-25 15:15:46.123  INFO 1 --- [main] o.s.b.a.e.mvc.EndpointHandlerMapping     : Mapped "{[/env/{name:.*}],methods=[GET],params=[],headers=[],consumes=[],produces=[],custom=[]}" onto public java.lang.Object org.springframework.boot.actuate.endpoint.mvc.EnvironmentMvcEndpoint.value(java.lang.String)
2015-10-25 15:15:46.140  INFO 1 --- [main] o.s.b.a.e.mvc.EndpointHandlerMapping     : Mapped "{[/env],methods=[GET],params=[],headers=[],consumes=[],produces=[],custom=[]}" onto public java.lang.Object org.springframework.boot.actuate.endpoint.mvc.EndpointMvcAdapter.invoke()
2015-10-25 15:15:46.141  INFO 1 --- [main] o.s.b.a.e.mvc.EndpointHandlerMapping     : Mapped "{[/resume],methods=[POST],params=[],headers=[],consumes=[],produces=[],custom=[]}" onto public java.lang.Object org.springframework.cloud.endpoint.GenericPostableMvcEndpoint.invoke()
2015-10-25 15:15:46.161  INFO 1 --- [main] o.s.b.a.e.mvc.EndpointHandlerMapping     : Mapped "{[/health],methods=[],params=[],headers=[],consumes=[],produces=[],custom=[]}" onto public java.lang.Object org.springframework.boot.actuate.endpoint.mvc.HealthMvcEndpoint.invoke(java.security.Principal)
2015-10-25 15:15:46.167  INFO 1 --- [main] o.s.b.a.e.mvc.EndpointHandlerMapping     : Mapped "{[/pause],methods=[POST],params=[],headers=[],consumes=[],produces=[],custom=[]}" onto public java.lang.Object org.springframework.cloud.endpoint.GenericPostableMvcEndpoint.invoke()
2015-10-25 15:15:46.174  INFO 1 --- [main] o.s.b.a.e.mvc.EndpointHandlerMapping     : Mapped "{[/beans],methods=[GET],params=[],headers=[],consumes=[],produces=[],custom=[]}" onto public java.lang.Object org.springframework.boot.actuate.endpoint.mvc.EndpointMvcAdapter.invoke()
2015-10-25 15:15:46.174  INFO 1 --- [main] o.s.b.a.e.mvc.EndpointHandlerMapping     : Mapped "{[/dump],methods=[GET],params=[],headers=[],consumes=[],produces=[],custom=[]}" onto public java.lang.Object org.springframework.boot.actuate.endpoint.mvc.EndpointMvcAdapter.invoke()
2015-10-25 15:15:46.175  INFO 1 --- [main] o.s.b.a.e.mvc.EndpointHandlerMapping     : Mapped "{[/info],methods=[GET],params=[],headers=[],consumes=[],produces=[],custom=[]}" onto public java.lang.Object org.springframework.boot.actuate.endpoint.mvc.EndpointMvcAdapter.invoke()
2015-10-25 15:15:46.176  INFO 1 --- [main] o.s.b.a.e.mvc.EndpointHandlerMapping     : Mapped "{[/refresh],methods=[POST],params=[],headers=[],consumes=[],produces=[],custom=[]}" onto public java.lang.Object org.springframework.cloud.endpoint.GenericPostableMvcEndpoint.invoke()
2015-10-25 15:15:46.176  INFO 1 --- [main] o.s.b.a.e.mvc.EndpointHandlerMapping     : Mapped "{[/routes],methods=[POST],params=[],headers=[],consumes=[],produces=[],custom=[]}" onto public java.util.Map<java.lang.String, java.lang.String> org.springframework.cloud.netflix.zuul.RoutesEndpoint.reset()
2015-10-25 15:15:46.176  INFO 1 --- [main] o.s.b.a.e.mvc.EndpointHandlerMapping     : Mapped "{[/routes],methods=[GET],params=[],headers=[],consumes=[],produces=[],custom=[]}" onto public java.util.Map<java.lang.String, java.lang.String> org.springframework.cloud.netflix.zuul.RoutesEndpoint.getRoutes()
2015-10-25 15:15:46.179  INFO 1 --- [main] o.s.b.a.e.mvc.EndpointHandlerMapping     : Mapped "{[/restart],methods=[POST],params=[],headers=[],consumes=[],produces=[],custom=[]}" onto public java.lang.Object org.springframework.cloud.context.restart.RestartMvcEndpoint.invoke()
2015-10-25 15:15:46.179  INFO 1 --- [main] o.s.b.a.e.mvc.EndpointHandlerMapping     : Mapped "{[/metrics/{name:.*}],methods=[GET],params=[],headers=[],consumes=[],produces=[],custom=[]}" onto public java.lang.Object org.springframework.boot.actuate.endpoint.mvc.MetricsMvcEndpoint.value(java.lang.String)
2015-10-25 15:15:46.191  INFO 1 --- [main] o.s.b.a.e.mvc.EndpointHandlerMapping     : Mapped "{[/metrics],methods=[GET],params=[],headers=[],consumes=[],produces=[],custom=[]}" onto public java.lang.Object org.springframework.boot.actuate.endpoint.mvc.EndpointMvcAdapter.invoke()
2015-10-25 15:15:46.194  INFO 1 --- [main] o.s.b.a.e.mvc.EndpointHandlerMapping     : Mapped "{[/env],methods=[POST],params=[],headers=[],consumes=[],produces=[],custom=[]}" onto public java.lang.Object org.springframework.cloud.context.environment.EnvironmentManagerMvcEndpoint.value(java.util.Map<java.lang.String, java.lang.String>)
2015-10-25 15:15:46.195  INFO 1 --- [main] o.s.b.a.e.mvc.EndpointHandlerMapping     : Mapped "{[/env/reset],methods=[POST],params=[],headers=[],consumes=[],produces=[],custom=[]}" onto public java.util.Map<java.lang.String, java.lang.Object> org.springframework.cloud.context.environment.EnvironmentManagerMvcEndpoint.reset()
2015-10-25 15:15:47.836  WARN 1 --- [main] c.n.c.sources.URLConfigurationSource     : No URLs will be polled as dynamic configuration sources.
2015-10-25 15:15:47.858  INFO 1 --- [main] c.n.c.sources.URLConfigurationSource     : To enable URLs as dynamic configuration sources, define System property archaius.configurationSource.additionalUrls or make config.properties available on classpath.
2015-10-25 15:15:48.021  INFO 1 --- [main] o.s.j.e.a.AnnotationMBeanExporter        : Registering beans for JMX exposure on startup
2015-10-25 15:15:48.027  INFO 1 --- [main] o.s.j.e.a.AnnotationMBeanExporter        : Bean with name 'zuulEndpoint' has been autodetected for JMX exposure
2015-10-25 15:15:48.064  INFO 1 --- [main] o.s.j.e.a.AnnotationMBeanExporter        : Bean with name 'refreshEndpoint' has been autodetected for JMX exposure
2015-10-25 15:15:48.066  INFO 1 --- [main] o.s.j.e.a.AnnotationMBeanExporter        : Bean with name 'restartEndpoint' has been autodetected for JMX exposure
2015-10-25 15:15:48.068  INFO 1 --- [main] o.s.j.e.a.AnnotationMBeanExporter        : Bean with name 'configurationPropertiesRebinder' has been autodetected for JMX exposure
2015-10-25 15:15:48.069  INFO 1 --- [main] o.s.j.e.a.AnnotationMBeanExporter        : Bean with name 'refreshScope' has been autodetected for JMX exposure
2015-10-25 15:15:48.084  INFO 1 --- [main] o.s.j.e.a.AnnotationMBeanExporter        : Bean with name 'environmentManager' has been autodetected for JMX exposure
2015-10-25 15:15:48.097  INFO 1 --- [main] o.s.j.e.a.AnnotationMBeanExporter        : Located managed bean 'environmentManager': registering with JMX server as MBean [org.springframework.cloud.context.environment:name=environmentManager,type=EnvironmentManager]
2015-10-25 15:15:48.182  INFO 1 --- [main] o.s.j.e.a.AnnotationMBeanExporter        : Located managed bean 'restartEndpoint': registering with JMX server as MBean [org.springframework.cloud.context.restart:name=restartEndpoint,type=RestartEndpoint]
2015-10-25 15:15:48.269  INFO 1 --- [main] o.s.j.e.a.AnnotationMBeanExporter        : Located managed bean 'refreshScope': registering with JMX server as MBean [org.springframework.cloud.context.scope.refresh:name=refreshScope,type=RefreshScope]
2015-10-25 15:15:48.301  INFO 1 --- [main] o.s.j.e.a.AnnotationMBeanExporter        : Located managed bean 'zuulEndpoint': registering with JMX server as MBean [org.springframework.cloud.netflix.zuul:name=zuulEndpoint,type=RoutesEndpoint]
2015-10-25 15:15:48.398  INFO 1 --- [main] o.s.j.e.a.AnnotationMBeanExporter        : Located managed bean 'configurationPropertiesRebinder': registering with JMX server as MBean [org.springframework.cloud.context.properties:name=configurationPropertiesRebinder,type=ConfigurationPropertiesRebinder]
2015-10-25 15:15:48.441  INFO 1 --- [main] o.s.j.e.a.AnnotationMBeanExporter        : Located managed bean 'refreshEndpoint': registering with JMX server as MBean [org.springframework.cloud.bootstrap.config:name=refreshEndpoint,type=RefreshEndpoint]
2015-10-25 15:15:48.461  INFO 1 --- [main] o.s.c.support.DefaultLifecycleProcessor  : Starting beans in phase 0
2015-10-25 15:15:48.480  INFO 1 --- [main] .p.EurekaConfigBasedInstanceInfoProvider : Setting initial instance status as: STARTING
2015-10-25 15:15:50.057  INFO 1 --- [main] com.netflix.discovery.DiscoveryClient    : Disable delta property : false
2015-10-25 15:15:50.078  INFO 1 --- [main] com.netflix.discovery.DiscoveryClient    : Single vip registry refresh property : null
2015-10-25 15:15:50.079  INFO 1 --- [main] com.netflix.discovery.DiscoveryClient    : Force full registry fetch : false
2015-10-25 15:15:50.080  INFO 1 --- [main] com.netflix.discovery.DiscoveryClient    : Application is null : false
2015-10-25 15:15:50.083  INFO 1 --- [main] com.netflix.discovery.DiscoveryClient    : Registered Applications size is zero : true
2015-10-25 15:15:50.084  INFO 1 --- [main] com.netflix.discovery.DiscoveryClient    : Application version is -1: true
2015-10-25 15:15:50.395  INFO 1 --- [main] com.netflix.discovery.DiscoveryClient    : Getting all instance registry info from the eureka server
2015-10-25 15:15:50.505  INFO 1 --- [main] com.netflix.discovery.DiscoveryClient    : The response status is 200
2015-10-25 15:15:50.568  INFO 1 --- [main] com.netflix.discovery.DiscoveryClient    : Starting heartbeat executor: renew interval is: 30
2015-10-25 15:15:50.591  INFO 1 --- [main] c.n.e.EurekaDiscoveryClientConfiguration : Registering application zuul-service with eureka with status UP
2015-10-25 15:15:50.750  INFO 1 --- [main] o.s.c.n.zuul.web.ZuulHandlerMapping      : Mapped URL path [/catalog-service/**] onto handler of type [class org.springframework.cloud.netflix.zuul.web.ZuulController]
2015-10-25 15:15:50.771  INFO 1 --- [main] o.s.c.n.zuul.web.ZuulHandlerMapping      : Mapped URL path [/price-service/**] onto handler of type [class org.springframework.cloud.netflix.zuul.web.ZuulController]
2015-10-25 15:15:50.776  INFO 1 --- [main] o.s.c.n.zuul.web.ZuulHandlerMapping      : Mapped URL path [/product-service/**] onto handler of type [class org.springframework.cloud.netflix.zuul.web.ZuulController]
2015-10-25 15:15:50.777  INFO 1 --- [main] o.s.c.n.zuul.web.ZuulHandlerMapping      : Mapped URL path [/comment-service/**] onto handler of type [class org.springframework.cloud.netflix.zuul.web.ZuulController]
2015-10-25 15:15:50.866  INFO 1 --- [main] o.s.c.support.DefaultLifecycleProcessor  : Starting beans in phase 2147483647
2015-10-25 15:15:50.906  INFO 1 --- [main] c.n.h.c.m.e.HystrixMetricsPoller         : Starting HystrixMetricsPoller
2015-10-25 15:15:51.156  INFO 1 --- [main] ration$HystrixMetricsPollerConfiguration : Starting poller
2015-10-25 15:15:51.299  INFO 1 --- [main] s.b.c.e.t.TomcatEmbeddedServletContainer : Tomcat started on port(s): 8765 (http)
2015-10-25 15:15:51.303  INFO 1 --- [main] com.nklmish.zuul.demo.Application        : Started Application in 62.494 seconds (JVM running for 71.808)
2015-10-25 15:16:20.655  INFO 1 --- [pool-4-thread-1] com.netflix.discovery.DiscoveryClient    : DiscoveryClient_ZUUL-SERVICE/172.17.0.39 - Re-registering apps/ZUUL-SERVICE
2015-10-25 15:16:20.656  INFO 1 --- [pool-4-thread-1] com.netflix.discovery.DiscoveryClient    : DiscoveryClient_ZUUL-SERVICE/172.17.0.39: registering service...
2015-10-25 15:16:20.678  INFO 1 --- [pool-4-thread-1] com.netflix.discovery.DiscoveryClient    : DiscoveryClient_ZUUL-SERVICE/172.17.0.39 - registration status: 204
2015-10-25 15:16:30.572  INFO 1 --- [DiscoveryClient-2] com.netflix.discovery.DiscoveryClient    : DiscoveryClient_ZUUL-SERVICE/172.17.0.39 - retransmit instance info with status UP
2015-10-25 15:16:30.572  INFO 1 --- [DiscoveryClient-2] com.netflix.discovery.DiscoveryClient    : DiscoveryClient_ZUUL-SERVICE/172.17.0.39: registering service...
2015-10-25 15:16:30.586  INFO 1 --- [DiscoveryClient-2] com.netflix.discovery.DiscoveryClient    : DiscoveryClient_ZUUL-SERVICE/172.17.0.39 - registration status: 204
2015-10-25 15:16:50.688  INFO 1 --- [pool-4-thread-1] com.netflix.discovery.DiscoveryClient    : DiscoveryClient_ZUUL-SERVICE/172.17.0.39 - Re-registering apps/ZUUL-SERVICE
2015-10-25 15:16:50.688  INFO 1 --- [pool-4-thread-1] com.netflix.discovery.DiscoveryClient    : DiscoveryClient_ZUUL-SERVICE/172.17.0.39: registering service...
2015-10-25 15:16:50.709  INFO 1 --- [pool-4-thread-1] com.netflix.discovery.DiscoveryClient    : DiscoveryClient_ZUUL-SERVICE/172.17.0.39 - registration status: 204
2015-10-25 15:20:42.749  INFO 1 --- [http-nio-8765-exec-1] o.a.c.c.C.[Tomcat].[localhost].[/]       : Initializing Spring FrameworkServlet 'dispatcherServlet'
2015-10-25 15:20:42.750  INFO 1 --- [http-nio-8765-exec-1] o.s.web.servlet.DispatcherServlet        : FrameworkServlet 'dispatcherServlet': initialization started
2015-10-25 15:20:42.796  INFO 1 --- [http-nio-8765-exec-1] o.s.web.servlet.DispatcherServlet        : FrameworkServlet 'dispatcherServlet': initialization completed in 28 ms
2015-10-25 15:20:42.881  INFO 1 --- [http-nio-8765-exec-1] o.s.c.n.zuul.filters.ProxyRouteLocator   : Finding route for path: /catalog-service/catalog/800
2015-10-25 15:20:42.890  INFO 1 --- [http-nio-8765-exec-1] s.c.a.AnnotationConfigApplicationContext : Refreshing org.springframework.context.annotation.AnnotationConfigApplicationContext@3efb17ad: startup date [Sun Oct 25 15:20:42 UTC 2015]; parent: org.springframework.boot.context.embedded.AnnotationConfigEmbeddedWebApplicationContext@3f792b9b
2015-10-25 15:20:42.962  INFO 1 --- [http-nio-8765-exec-1] f.a.AutowiredAnnotationBeanPostProcessor : JSR-330 'javax.inject.Inject' annotation found and supported for autowiring
2015-10-25 15:20:43.161  INFO 1 --- [http-nio-8765-exec-1] c.netflix.config.ChainedDynamicProperty  : Flipping property: catalog-service.ribbon.ActiveConnectionsLimit to use NEXT property: niws.loadbalancer.availabilityFilteringRule.activeConnectionsLimit = 2147483647
2015-10-25 15:20:43.239  INFO 1 --- [http-nio-8765-exec-1] c.netflix.loadbalancer.BaseLoadBalancer  : Client:catalog-service instantiated a LoadBalancer:DynamicServerListLoadBalancer:{NFLoadBalancer:name=catalog-service,current list of Servers=[],Load balancer stats=Zone stats: {},Server stats: []}ServerList:null
2015-10-25 15:20:43.288  INFO 1 --- [http-nio-8765-exec-1] c.netflix.config.ChainedDynamicProperty  : Flipping property: catalog-service.ribbon.ActiveConnectionsLimit to use NEXT property: niws.loadbalancer.availabilityFilteringRule.activeConnectionsLimit = 2147483647
2015-10-25 15:20:43.293  INFO 1 --- [http-nio-8765-exec-1] c.n.l.DynamicServerListLoadBalancer      : DynamicServerListLoadBalancer for client catalog-service initialized: DynamicServerListLoadBalancer:{NFLoadBalancer:name=catalog-service,current list of Servers=[catalog-service:19876769cf567de87197feac65ffc626],Load balancer stats=Zone stats: {defaultzone=[Zone:defaultzone;	Instance count:1;	Active connections count: 0;	Circuit breaker tripped count: 0;	Active connections per server: 0.0;]
},Server stats: [[Server:catalog-service:19876769cf567de87197feac65ffc626;	Zone:defaultZone;	Total Requests:0;	Successive connection failure:0;	Total blackout seconds:0;	Last connection made:Thu Jan 01 00:00:00 UTC 1970;	First connection made: Thu Jan 01 00:00:00 UTC 1970;	Active Connections:0;	total failure count in last (1000) msecs:0;	average resp time:0.0;	90 percentile resp time:0.0;	95 percentile resp time:0.0;	min resp time:0.0;	max resp time:0.0;	stddev resp time:0.0]
]}ServerList:org.springframework.cloud.netflix.ribbon.eureka.DomainExtractingServerList@41893742
2015-10-25 15:20:43.387  INFO 1 --- [http-nio-8765-exec-1] com.netflix.http4.ConnectionPoolCleaner  : Initializing ConnectionPoolCleaner for NFHttpClient:catalog-service
2015-10-25 15:20:43.501  INFO 1 --- [http-nio-8765-exec-1] com.netflix.http4.ConnectionPoolCleaner  : Initializing ConnectionPoolCleaner for NFHttpClient:catalog-service
2015-10-25 15:20:44.258  INFO 1 --- [pool-8-thread-1] c.netflix.config.ChainedDynamicProperty  : Flipping property: catalog-service.ribbon.ActiveConnectionsLimit to use NEXT property: niws.loadbalancer.availabilityFilteringRule.activeConnectionsLimit = 2147483647
2015-10-25 15:20:48.136  INFO 1 --- [http-nio-8765-exec-2] o.s.c.n.zuul.filters.ProxyRouteLocator   : Finding route for path: /catalog-service/catalog/800
2015-10-25 15:20:49.656  INFO 1 --- [http-nio-8765-exec-3] o.s.c.n.zuul.filters.ProxyRouteLocator   : Finding route for path: /catalog-service/catalog/800
2015-10-25 15:20:50.105  INFO 1 --- [http-nio-8765-exec-4] o.s.c.n.zuul.filters.ProxyRouteLocator   : Finding route for path: /catalog-service/catalog/800
2015-10-25 15:20:50.315  INFO 1 --- [http-nio-8765-exec-5] o.s.c.n.zuul.filters.ProxyRouteLocator   : Finding route for path: /catalog-service/catalog/800
2015-10-25 15:20:50.605  INFO 1 --- [http-nio-8765-exec-6] o.s.c.n.zuul.filters.ProxyRouteLocator   : Finding route for path: /catalog-service/catalog/800
2015-10-25 15:20:50.747  INFO 1 --- [http-nio-8765-exec-7] o.s.c.n.zuul.filters.ProxyRouteLocator   : Finding route for path: /catalog-service/catalog/800
2015-10-25 15:20:50.944  INFO 1 --- [http-nio-8765-exec-8] o.s.c.n.zuul.filters.ProxyRouteLocator   : Finding route for path: /catalog-service/catalog/800
2015-10-25 15:20:51.174  INFO 1 --- [http-nio-8765-exec-9] o.s.c.n.zuul.filters.ProxyRouteLocator   : Finding route for path: /catalog-service/catalog/800
2015-10-25 15:20:51.280  INFO 1 --- [http-nio-8765-exec-10] o.s.c.n.zuul.filters.ProxyRouteLocator   : Finding route for path: /catalog-service/catalog/800
